\BOOKMARK [1][-]{section.1}{\376\377\230\171\166\356\151\202\217\360}{}% 1
\BOOKMARK [2][-]{subsection.1.1}{\376\377\230\171\166\356\200\314\146\157}{section.1}% 2
\BOOKMARK [2][-]{subsection.1.2}{\376\377\213\276\213\241\166\356\150\007}{section.1}% 3
\BOOKMARK [2][-]{subsection.1.3}{\376\377\142\200\147\057\211\304\150\074}{section.1}% 4
\BOOKMARK [1][-]{section.2}{\376\377\213\276\213\241\123\237\164\006\124\214\122\237\200\375\150\106\126\376}{}% 5
\BOOKMARK [2][-]{subsection.2.1}{\376\377\173\227\154\325\123\237\164\006}{section.2}% 6
\BOOKMARK [2][-]{subsection.2.2}{\376\377\174\373\176\337\147\266\147\204\213\276\213\241}{section.2}% 7
\BOOKMARK [3][-]{subsubsection.2.2.1}{\376\377\230\166\134\102\147\266\147\204}{subsection.2.2}% 8
\BOOKMARK [3][-]{subsubsection.2.2.2}{\376\377\150\070\137\303\213\241\173\227\152\041\127\127\213\276\213\241}{subsection.2.2}% 9
\BOOKMARK [3][-]{subsubsection.2.2.3}{\376\377\145\160\143\156\155\101\126\376}{subsection.2.2}% 10
\BOOKMARK [2][-]{subsection.2.3}{\376\377\143\245\123\343\213\276\213\241}{section.2}% 11
\BOOKMARK [1][-]{section.3}{\376\377\117\030\123\026\145\271\124\021\220\011\142\351\116\016\123\237\164\006}{}% 12
\BOOKMARK [2][-]{subsection.3.1}{\376\377\117\030\123\026\166\356\150\007\122\006\147\220}{section.3}% 13
\BOOKMARK [2][-]{subsection.3.2}{\376\377\117\030\123\026\173\126\165\145\213\276\213\241}{section.3}% 14
\BOOKMARK [3][-]{subsubsection.3.2.1}{\376\377\133\130\120\250\117\030\123\026}{subsection.3.2}% 15
\BOOKMARK [3][-]{subsubsection.3.2.2}{\376\377\155\101\154\064\176\277\117\030\123\026}{subsection.3.2}% 16
\BOOKMARK [3][-]{subsubsection.3.2.3}{\376\377\136\166\210\114\123\026\117\030\123\026}{subsection.3.2}% 17
\BOOKMARK [2][-]{subsection.3.3}{\376\377\000H\000L\000S\143\007\116\344\117\030\123\026}{section.3}% 18
\BOOKMARK [1][-]{section.4}{\376\377\000L\000L\000M\000\040\217\205\122\251\117\030\123\026\213\260\137\125}{}% 19
\BOOKMARK [2][-]{subsection.4.1}{\376\377\117\030\123\026\226\066\153\265\116\000\377\032\155\101\154\064\176\277\140\047\200\375\117\030\123\026}{section.4}% 20
\BOOKMARK [3][-]{subsubsection.4.1.1}{\376\377\117\030\123\026\166\356\150\007}{subsection.4.1}% 21
\BOOKMARK [3][-]{subsubsection.4.1.2}{\376\377\000P\000r\000o\000m\000p\000t\000\040\213\276\213\241}{subsection.4.1}% 22
\BOOKMARK [3][-]{subsubsection.4.1.3}{\376\377\000L\000L\000M\000\040\126\336\173\124}{subsection.4.1}% 23
\BOOKMARK [3][-]{subsubsection.4.1.4}{\376\377\117\030\123\026\133\236\145\275}{subsection.4.1}% 24
\BOOKMARK [2][-]{subsection.4.2}{\376\377\117\030\123\026\226\066\153\265\116\214\377\032\121\205\133\130\213\277\225\356\117\030\123\026}{section.4}% 25
\BOOKMARK [3][-]{subsubsection.4.2.1}{\376\377\117\030\123\026\166\356\150\007}{subsection.4.2}% 26
\BOOKMARK [3][-]{subsubsection.4.2.2}{\376\377\000P\000r\000o\000m\000p\000t\000\040\213\276\213\241}{subsection.4.2}% 27
\BOOKMARK [3][-]{subsubsection.4.2.3}{\376\377\000L\000L\000M\000\040\126\336\173\124}{subsection.4.2}% 28
\BOOKMARK [3][-]{subsubsection.4.2.4}{\376\377\117\030\123\026\133\236\145\275}{subsection.4.2}% 29
\BOOKMARK [2][-]{subsection.4.3}{\376\377\117\030\123\026\226\066\153\265\116\011\377\032\116\130\154\325\126\150\117\030\123\026}{section.4}% 30
\BOOKMARK [3][-]{subsubsection.4.3.1}{\376\377\117\030\123\026\166\356\150\007}{subsection.4.3}% 31
\BOOKMARK [3][-]{subsubsection.4.3.2}{\376\377\000P\000r\000o\000m\000p\000t\000\040\213\276\213\241}{subsection.4.3}% 32
\BOOKMARK [3][-]{subsubsection.4.3.3}{\376\377\000L\000L\000M\000\040\126\336\173\124}{subsection.4.3}% 33
\BOOKMARK [3][-]{subsubsection.4.3.4}{\376\377\117\030\123\026\133\236\145\275}{subsection.4.3}% 34
\BOOKMARK [2][-]{subsection.4.4}{\376\377\000L\000L\000M\000\040\217\205\122\251\117\030\123\026\140\073\176\323}{section.4}% 35
\BOOKMARK [1][-]{section.5}{\376\377\117\030\123\026\122\115\124\016\140\047\200\375\116\016\215\104\156\220\133\371\153\324\142\245\124\112}{}% 36
\BOOKMARK [2][-]{subsection.5.1}{\376\377\155\113\213\325\163\257\130\203}{section.5}% 37
\BOOKMARK [2][-]{subsection.5.2}{\376\377\176\374\124\010\176\323\147\234\133\371\153\324}{section.5}% 38
\BOOKMARK [3][-]{subsubsection.5.2.1}{\376\377\215\104\156\220\117\177\165\050\133\371\153\324}{subsection.5.2}% 39
\BOOKMARK [3][-]{subsubsection.5.2.2}{\376\377\140\047\200\375\143\007\150\007\133\371\153\324}{subsection.5.2}% 40
\BOOKMARK [3][-]{subsubsection.5.2.3}{\376\377\121\163\225\056\152\041\127\127\140\047\200\375}{subsection.5.2}% 41
\BOOKMARK [2][-]{subsection.5.3}{\376\377\213\346\176\306\122\006\147\220}{section.5}% 42
\BOOKMARK [3][-]{subsubsection.5.3.1}{\376\377\215\104\156\220\117\030\123\026\122\006\147\220}{subsection.5.3}% 43
\BOOKMARK [3][-]{subsubsection.5.3.2}{\376\377\140\047\200\375\117\030\123\026\122\006\147\220}{subsection.5.3}% 44
\BOOKMARK [2][-]{subsection.5.4}{\376\377\153\143\170\156\140\047\232\214\213\301}{section.5}% 45
\BOOKMARK [3][-]{subsubsection.5.4.1}{\376\377\000C\116\343\170\001\116\377\167\037\176\323\147\234}{subsection.5.4}% 46
\BOOKMARK [3][-]{subsubsection.5.4.2}{\376\377\200\124\124\010\116\377\167\037\176\323\147\234}{subsection.5.4}% 47
\BOOKMARK [1][-]{section.6}{\376\377\122\033\145\260\160\271\140\073\176\323}{}% 48
\BOOKMARK [2][-]{subsection.6.1}{\376\377\142\200\147\057\122\033\145\260\160\271}{section.6}% 49
\BOOKMARK [2][-]{subsection.6.2}{\376\377\000L\000L\000M\217\205\122\251\145\271\154\325\122\033\145\260}{section.6}% 50
\BOOKMARK [1][-]{section.7}{\376\377\220\107\122\060\166\204\225\356\230\230\116\016\211\343\121\263\145\271\150\110}{}% 51
\BOOKMARK [2][-]{subsection.7.1}{\376\377\142\200\147\057\226\276\160\271}{section.7}% 52
\BOOKMARK [2][-]{subsection.7.2}{\376\377\000L\000L\000M\217\205\122\251\217\307\172\013\116\055\166\204\225\356\230\230}{section.7}% 53
\BOOKMARK [1][-]{section.8}{\376\377\176\323\213\272\116\016\134\125\147\033}{}% 54
\BOOKMARK [2][-]{subsection.8.1}{\376\377\230\171\166\356\140\073\176\323}{section.8}% 55
\BOOKMARK [2][-]{subsection.8.2}{\376\377\140\047\200\375\217\276\142\020\136\246}{section.8}% 56
\BOOKMARK [2][-]{subsection.8.3}{\376\377\124\016\176\355\145\071\217\333\145\271\124\021}{section.8}% 57
\BOOKMARK [1][-]{section.9}{\376\377\123\302\200\003\145\207\163\056}{}% 58
\BOOKMARK [1][-]{section.10}{\376\377\226\104\137\125}{}% 59
\BOOKMARK [2][-]{subsection.10.1}{\376\377\121\163\225\056\000L\000L\000M\116\244\116\222\213\260\137\125}{section.10}% 60
\BOOKMARK [2][-]{subsection.10.2}{\376\377\117\030\123\026\145\110\147\234\140\073\176\323}{section.10}% 61
