  **** HLS Build v2024.2 5238294
INFO: [HLS 200-2005] Using work_dir D:/Xillinx_Project/PROJECT/lz4_cmpress/lz4CompressEngineRun 
INFO: [HLS 200-1505] Using default flow_target 'vivado'
Resolution: For help on HLS 200-1505 see docs.xilinx.com/access/sources/dita/topic?Doc_Version=2024.2%20English&url=ug1448-hls-guidance&resourceid=200-1505.html
INFO: [HLS 200-1465] Applying ini 'syn.file=D:/Xillinx_Project/PROJECT/data_compression/L1/tests/lz4_compress/lz4_compress_test.cpp' from D:/Xillinx_Project/PROJECT/lz4_cmpress/hls_config.cfg(7)
INFO: [HLS 200-10] Adding design file 'D:/Xillinx_Project/PROJECT/data_compression/L1/tests/lz4_compress/lz4_compress_test.cpp' to the project
INFO: [HLS 200-1465] Applying ini 'syn.file_cflags=D:/Xillinx_Project/PROJECT/data_compression/L1/tests/lz4_compress/lz4_compress_test.cpp,-ID:/Xillinx_Project/PROJECT/data_compression/L1/tests/lz4_compress/../../../L1/include/hw' from D:/Xillinx_Project/PROJECT/lz4_cmpress/hls_config.cfg(8)
INFO: [HLS 200-1465] Applying ini 'tb.file=D:/Xillinx_Project/PROJECT/data_compression/L1/tests/lz4_compress/lz4_compress_test.cpp' from D:/Xillinx_Project/PROJECT/lz4_cmpress/hls_config.cfg(10)
INFO: [HLS 200-10] Adding test bench file 'D:/Xillinx_Project/PROJECT/data_compression/L1/tests/lz4_compress/lz4_compress_test.cpp' to the project
INFO: [HLS 200-1465] Applying ini 'tb.file_cflags=D:/Xillinx_Project/PROJECT/data_compression/L1/tests/lz4_compress/lz4_compress_test.cpp,-ID:/Xillinx_Project/PROJECT/data_compression/L1/tests/lz4_compress/../../../L1/include/hw' from D:/Xillinx_Project/PROJECT/lz4_cmpress/hls_config.cfg(11)
INFO: [HLS 200-1465] Applying ini 'syn.top=lz4CompressEngineRun' from D:/Xillinx_Project/PROJECT/lz4_cmpress/hls_config.cfg(9)
INFO: [HLS 200-1465] Applying ini 'flow_target=vivado' from D:/Xillinx_Project/PROJECT/lz4_cmpress/hls_config.cfg(6)
INFO: [HLS 200-1505] Using flow_target 'vivado'
Resolution: For help on HLS 200-1505 see docs.xilinx.com/access/sources/dita/topic?Doc_Version=2024.2%20English&url=ug1448-hls-guidance&resourceid=200-1505.html
INFO: [HLS 200-1465] Applying ini 'part=xc7z020clg484-1' from D:/Xillinx_Project/PROJECT/lz4_cmpress/hls_config.cfg(1)
INFO: [HLS 200-1611] Setting target device to 'xc7z020-clg484-1'
INFO: [HLS 200-1465] Applying ini 'clock=7ns' from D:/Xillinx_Project/PROJECT/lz4_cmpress/hls_config.cfg(4)
INFO: [SYN 201-201] Setting up clock 'default' with a period of 7ns.
INFO: [HLS 200-1465] Applying ini 'clock_uncertainty=10%' from D:/Xillinx_Project/PROJECT/lz4_cmpress/hls_config.cfg(5)
INFO: [SYN 201-201] Setting up clock 'default' with an uncertainty of 0.7ns.
INFO: [HLS 200-1465] Applying ini 'cosim.argv=D:/Xillinx_Project/PROJECT/data_compression/L1/tests/lz4_compress/../../../L1/tests/lz4_compress/sample.txt D:/Xillinx_Project/PROJECT/data_compression/L1/tests/lz4_compress/../../../L1/tests/lz4_compress/sample.txt.encoded' from D:/Xillinx_Project/PROJECT/lz4_cmpress/hls_config.cfg(12)
INFO: [HLS 200-1465] Applying ini 'csim.argv=D:/Xillinx_Project/PROJECT/data_compression/L1/tests/lz4_compress/../../../L1/tests/lz4_compress/sample.txt D:/Xillinx_Project/PROJECT/data_compression/L1/tests/lz4_compress/../../../L1/tests/lz4_compress/sample.txt.encoded' from D:/Xillinx_Project/PROJECT/lz4_cmpress/hls_config.cfg(13)
INFO: [HLS 200-1465] Applying ini 'syn.compile.pragma_strict_mode=1' from D:/Xillinx_Project/PROJECT/lz4_cmpress/hls_config.cfg(14)
INFO: [HLS 200-1465] Applying ini 'vivado.flow=syn' from D:/Xillinx_Project/PROJECT/lz4_cmpress/hls_config.cfg(15)
INFO: [HLS 200-1465] Applying ini 'vivado.rtl=verilog' from D:/Xillinx_Project/PROJECT/lz4_cmpress/hls_config.cfg(16)
INFO: [HLS 200-111] Finished File checks and directory preparation: CPU user time: 1 seconds. CPU system time: 1 seconds. Elapsed time: 4.478 seconds; current allocated memory: 262.754 MB.
INFO: [HLS 200-10] Analyzing design file '../data_compression/L1/tests/lz4_compress/lz4_compress_test.cpp' ... 
WARNING: [HLS 207-910] 'PARALLEL_BLOCK' macro redefined (../data_compression/L1/tests/lz4_compress/lz4_compress_test.cpp:32:9)
INFO: [HLS 207-71] previous definition is here (D:/Xillinx_Project/PROJECT/data_compression/L1/tests/lz4_compress/../../../L1/include/hw/s2mm.hpp:306:9)
ERROR: [HLS 207-5507] Invalid Directive: for current device, RAM_T2P + LUTRAM is invalid combination for BIND_STORAGE's option 'type + impl' (D:/Xillinx_Project/PROJECT/data_compression/L1/tests/lz4_compress/../../../L1/include/hw/lz_compress.hpp:67:49)
ERROR:  
INFO: [HLS 200-112] Total CPU user time: 1 seconds. Total CPU system time: 1 seconds. Total elapsed time: 6.714 seconds; peak allocated memory: 264.781 MB.
