

================================================================
== Vitis HLS Report for 'lz4CompressPart1_4096_8_Pipeline_lz4_divide'
================================================================
* Date:           Fri Oct 31 14:49:01 2025

* Version:        2024.2 (Build 5238294 on Nov  8 2024)
* Project:        lz4CompressEngineRun
* Solution:       hls (Vivado IP Flow Target)
* Product family: zynq
* Target device:  xc7z020-clg484-1


================================================================
== Performance Estimates
================================================================
+ Timing: 
    * Summary: 
    +--------+---------+----------+------------+
    |  Clock |  Target | Estimated| Uncertainty|
    +--------+---------+----------+------------+
    |ap_clk  |  7.00 ns|  5.065 ns|     0.70 ns|
    +--------+---------+----------+------------+

+ Latency: 
    * Summary: 
    +---------+---------+----------+----------+-----+-----+------------------------------------------------+
    |  Latency (cycles) |  Latency (absolute) |  Interval |                    Pipeline                    |
    |   min   |   max   |    min   |    max   | min | max |                      Type                      |
    +---------+---------+----------+----------+-----+-----+------------------------------------------------+
    |        ?|        ?|         ?|         ?|    0|    0|  loop auto-rewind stp (delay=0 clock cycles(s))|
    +---------+---------+----------+----------+-----+-----+------------------------------------------------+

    + Detail: 
        * Instance: 
        N/A

        * Loop: 
        +--------------+---------+---------+----------+-----------+-----------+------+----------+
        |              |  Latency (cycles) | Iteration|  Initiation Interval  | Trip |          |
        |   Loop Name  |   min   |   max   |  Latency |  achieved |   target  | Count| Pipelined|
        +--------------+---------+---------+----------+-----------+-----------+------+----------+
        |- lz4_divide  |        ?|        ?|         2|          2|          2|     ?|       yes|
        +--------------+---------+---------+----------+-----------+-----------+------+----------+

============================================================
+ Verbose Summary: Synthesis Manager
============================================================
InlineROM: 1
ExposeGlobal: 0
============================================================
+ Verbose Summary: CDFG Model
============================================================
IsTopModel: 0
ResetActiveHigh: 1
IsCombinational: 0
IsDatapathOnly: 0
HasWiredReturn: 1
HasMFsm: 2
HasVarLatency: 1
IsPipeline: 0
IsRtlPipelined: 0
IsInstanceOverlapped: 0
IsDontTouch: 0
HasImplIP: 0
IsGatedGlobalClock: 0

+ Individual pipeline summary: 
  * Pipeline-0: initiation interval (II) = 2, depth = 3


============================================================
+ Verbose Summary: Schedule
============================================================
* Number of FSM states : 3
* Pipeline : 1
  Pipeline-0 : II = 2, D = 3, States = { 1 2 3 }
* Dataflow Pipeline: 0

* FSM state transitions: 
1 --> 2 
2 --> 3 
3 --> 

* FSM state operations: 

State 1 <SV = 0> <Delay = 1.58>
ST_1 : Operation 5 [1/1] (0.00ns)   --->   "%i = alloca i32 1" [D:/Xillinx_Project/PROJECT/data_compression/L1/tests/lz4_compress/../../../L1/include/hw\lz4_compress.hpp:68->D:/Xillinx_Project/PROJECT/data_compression/L1/tests/lz4_compress/../../../L1/include/hw\lz4_compress.hpp:394]   --->   Operation 5 'alloca' 'i' <Predicate = true> <Delay = 0.00>
ST_1 : Operation 6 [1/1] (0.00ns)   --->   "%lit_count_flag = alloca i32 1" [D:/Xillinx_Project/PROJECT/data_compression/L1/tests/lz4_compress/../../../L1/include/hw\lz4_compress.hpp:55->D:/Xillinx_Project/PROJECT/data_compression/L1/tests/lz4_compress/../../../L1/include/hw\lz4_compress.hpp:394]   --->   Operation 6 'alloca' 'lit_count_flag' <Predicate = true> <Delay = 0.00>
ST_1 : Operation 7 [1/1] (0.00ns)   --->   "%lit_count = alloca i32 1" [D:/Xillinx_Project/PROJECT/data_compression/L1/tests/lz4_compress/../../../L1/include/hw\lz4_compress.hpp:54->D:/Xillinx_Project/PROJECT/data_compression/L1/tests/lz4_compress/../../../L1/include/hw\lz4_compress.hpp:394]   --->   Operation 7 'alloca' 'lit_count' <Predicate = true> <Delay = 0.00>
ST_1 : Operation 8 [1/1] (0.00ns)   --->   "%currentEncodedValue_1 = alloca i32 1" [D:/Xillinx_Project/PROJECT/data_compression/L1/tests/lz4_compress/../../../L1/include/hw\lz4_compress.hpp:58->D:/Xillinx_Project/PROJECT/data_compression/L1/tests/lz4_compress/../../../L1/include/hw\lz4_compress.hpp:394]   --->   Operation 8 'alloca' 'currentEncodedValue_1' <Predicate = true> <Delay = 0.00>
ST_1 : Operation 9 [1/1] (0.00ns)   --->   "%specmemcore_ln0 = specmemcore void @_ssdm_op_SpecMemCore, i32 %boosterStream, i64 666, i64 10, i64 18446744073709551615"   --->   Operation 9 'specmemcore' 'specmemcore_ln0' <Predicate = true> <Delay = 0.00>
ST_1 : Operation 10 [1/1] (0.00ns)   --->   "%specmemcore_ln0 = specmemcore void @_ssdm_op_SpecMemCore, i8 %lit_outStream, i64 666, i64 8, i64 18446744073709551615"   --->   Operation 10 'specmemcore' 'specmemcore_ln0' <Predicate = true> <Delay = 0.00>
ST_1 : Operation 11 [1/1] (0.00ns)   --->   "%specmemcore_ln0 = specmemcore void @_ssdm_op_SpecMemCore, i64 %lenOffset_Stream, i64 666, i64 8, i64 18446744073709551615"   --->   Operation 11 'specmemcore' 'specmemcore_ln0' <Predicate = true> <Delay = 0.00>
ST_1 : Operation 12 [1/1] (0.00ns)   --->   "%specinterface_ln0 = specinterface void @_ssdm_op_SpecInterface, i32 %boosterStream, void @empty_3, i32 0, i32 0, void @empty_4, i32 0, i32 0, void @empty_4, void @empty_4, void @empty_4, i32 0, i32 0, i32 0, i32 0, void @empty_4, void @empty_4, i32 4294967295, i32 0, i32 0"   --->   Operation 12 'specinterface' 'specinterface_ln0' <Predicate = true> <Delay = 0.00>
ST_1 : Operation 13 [1/1] (0.00ns)   --->   "%specinterface_ln0 = specinterface void @_ssdm_op_SpecInterface, i8 %lit_outStream, void @empty_3, i32 0, i32 0, void @empty_4, i32 0, i32 0, void @empty_4, void @empty_4, void @empty_4, i32 0, i32 0, i32 0, i32 0, void @empty_4, void @empty_4, i32 4294967295, i32 0, i32 0"   --->   Operation 13 'specinterface' 'specinterface_ln0' <Predicate = true> <Delay = 0.00>
ST_1 : Operation 14 [1/1] (0.00ns)   --->   "%specinterface_ln0 = specinterface void @_ssdm_op_SpecInterface, i64 %lenOffset_Stream, void @empty_3, i32 0, i32 0, void @empty_4, i32 0, i32 0, void @empty_4, void @empty_4, void @empty_4, i32 0, i32 0, i32 0, i32 0, void @empty_4, void @empty_4, i32 4294967295, i32 0, i32 0"   --->   Operation 14 'specinterface' 'specinterface_ln0' <Predicate = true> <Delay = 0.00>
ST_1 : Operation 15 [1/1] (0.00ns)   --->   "%sub_i_read = read i32 @_ssdm_op_Read.ap_auto.i32, i32 %sub_i" [D:/Xillinx_Project/PROJECT/data_compression/L1/tests/lz4_compress/../../../L1/include/hw\lz4_compress.hpp:45->D:/Xillinx_Project/PROJECT/data_compression/L1/tests/lz4_compress/../../../L1/include/hw\lz4_compress.hpp:394]   --->   Operation 15 'read' 'sub_i_read' <Predicate = true> <Delay = 0.00>
ST_1 : Operation 16 [1/1] (0.00ns)   --->   "%input_size_5_read = read i32 @_ssdm_op_Read.ap_auto.i32, i32 %input_size_5" [D:/Xillinx_Project/PROJECT/data_compression/L1/tests/lz4_compress/../../../L1/include/hw\lz4_compress.hpp:45->D:/Xillinx_Project/PROJECT/data_compression/L1/tests/lz4_compress/../../../L1/include/hw\lz4_compress.hpp:394]   --->   Operation 16 'read' 'input_size_5_read' <Predicate = true> <Delay = 0.00>
ST_1 : Operation 17 [1/1] (0.00ns)   --->   "%currentEncodedValue_read = read i32 @_ssdm_op_Read.ap_auto.i32, i32 %currentEncodedValue" [D:/Xillinx_Project/PROJECT/data_compression/L1/tests/lz4_compress/../../../L1/include/hw\lz4_compress.hpp:45->D:/Xillinx_Project/PROJECT/data_compression/L1/tests/lz4_compress/../../../L1/include/hw\lz4_compress.hpp:394]   --->   Operation 17 'read' 'currentEncodedValue_read' <Predicate = true> <Delay = 0.00>
ST_1 : Operation 18 [1/1] (1.58ns)   --->   "%store_ln58 = store i32 %currentEncodedValue_read, i32 %currentEncodedValue_1" [D:/Xillinx_Project/PROJECT/data_compression/L1/tests/lz4_compress/../../../L1/include/hw\lz4_compress.hpp:58->D:/Xillinx_Project/PROJECT/data_compression/L1/tests/lz4_compress/../../../L1/include/hw\lz4_compress.hpp:394]   --->   Operation 18 'store' 'store_ln58' <Predicate = true> <Delay = 1.58>
ST_1 : Operation 19 [1/1] (1.58ns)   --->   "%store_ln54 = store i32 0, i32 %lit_count" [D:/Xillinx_Project/PROJECT/data_compression/L1/tests/lz4_compress/../../../L1/include/hw\lz4_compress.hpp:54->D:/Xillinx_Project/PROJECT/data_compression/L1/tests/lz4_compress/../../../L1/include/hw\lz4_compress.hpp:394]   --->   Operation 19 'store' 'store_ln54' <Predicate = true> <Delay = 1.58>
ST_1 : Operation 20 [1/1] (1.58ns)   --->   "%store_ln55 = store i32 0, i32 %lit_count_flag" [D:/Xillinx_Project/PROJECT/data_compression/L1/tests/lz4_compress/../../../L1/include/hw\lz4_compress.hpp:55->D:/Xillinx_Project/PROJECT/data_compression/L1/tests/lz4_compress/../../../L1/include/hw\lz4_compress.hpp:394]   --->   Operation 20 'store' 'store_ln55' <Predicate = true> <Delay = 1.58>
ST_1 : Operation 21 [1/1] (1.58ns)   --->   "%store_ln68 = store i32 0, i32 %i" [D:/Xillinx_Project/PROJECT/data_compression/L1/tests/lz4_compress/../../../L1/include/hw\lz4_compress.hpp:68->D:/Xillinx_Project/PROJECT/data_compression/L1/tests/lz4_compress/../../../L1/include/hw\lz4_compress.hpp:394]   --->   Operation 21 'store' 'store_ln68' <Predicate = true> <Delay = 1.58>
ST_1 : Operation 22 [1/1] (1.58ns)   --->   "%br_ln68 = br void %for.cond.i" [D:/Xillinx_Project/PROJECT/data_compression/L1/tests/lz4_compress/../../../L1/include/hw\lz4_compress.hpp:68->D:/Xillinx_Project/PROJECT/data_compression/L1/tests/lz4_compress/../../../L1/include/hw\lz4_compress.hpp:394]   --->   Operation 22 'br' 'br_ln68' <Predicate = true> <Delay = 1.58>

State 2 <SV = 1> <Delay = 3.53>
ST_2 : Operation 23 [1/1] (0.00ns)   --->   "%has_next_value = phi i1 1, void %newFuncRoot, i1 %has_next_value_1, void %if.end31.i"   --->   Operation 23 'phi' 'has_next_value' <Predicate = true> <Delay = 0.00>
ST_2 : Operation 24 [1/1] (0.00ns)   --->   "%i_10 = load i32 %i" [D:/Xillinx_Project/PROJECT/data_compression/L1/tests/lz4_compress/../../../L1/include/hw\lz4_compress.hpp:82->D:/Xillinx_Project/PROJECT/data_compression/L1/tests/lz4_compress/../../../L1/include/hw\lz4_compress.hpp:394]   --->   Operation 24 'load' 'i_10' <Predicate = true> <Delay = 0.00>
ST_2 : Operation 25 [1/1] (0.00ns)   --->   "%lit_count_2 = load i32 %lit_count" [D:/Xillinx_Project/PROJECT/data_compression/L1/tests/lz4_compress/../../../L1/include/hw\lz4_compress.hpp:102->D:/Xillinx_Project/PROJECT/data_compression/L1/tests/lz4_compress/../../../L1/include/hw\lz4_compress.hpp:394]   --->   Operation 25 'load' 'lit_count_2' <Predicate = true> <Delay = 0.00>
ST_2 : Operation 26 [1/1] (0.00ns)   --->   "%currentEncodedValue_2 = load i32 %currentEncodedValue_1" [D:/Xillinx_Project/PROJECT/data_compression/L1/tests/lz4_compress/../../../L1/include/hw\lz4_compress.hpp:73->D:/Xillinx_Project/PROJECT/data_compression/L1/tests/lz4_compress/../../../L1/include/hw\lz4_compress.hpp:394]   --->   Operation 26 'load' 'currentEncodedValue_2' <Predicate = true> <Delay = 0.00>
ST_2 : Operation 27 [1/1] (2.55ns)   --->   "%icmp_ln68 = icmp_ult  i32 %i_10, i32 %input_size_5_read" [D:/Xillinx_Project/PROJECT/data_compression/L1/tests/lz4_compress/../../../L1/include/hw\lz4_compress.hpp:68->D:/Xillinx_Project/PROJECT/data_compression/L1/tests/lz4_compress/../../../L1/include/hw\lz4_compress.hpp:394]   --->   Operation 27 'icmp' 'icmp_ln68' <Predicate = true> <Delay = 2.55> <CoreInst = "Cmp">   --->   Core 9 'Cmp' <Latency = 0> <II = 1> <Delay = 2.55> <FuncUnit> <Opcode : 'seteq' 'setne' 'setle' 'setge' 'setlt' 'setgt'> <InPorts = 2> <OutPorts = 1>
ST_2 : Operation 28 [1/1] (0.00ns)   --->   "%br_ln68 = br i1 %icmp_ln68, void %for.end.i.exitStub, void %for.body.i" [D:/Xillinx_Project/PROJECT/data_compression/L1/tests/lz4_compress/../../../L1/include/hw\lz4_compress.hpp:68->D:/Xillinx_Project/PROJECT/data_compression/L1/tests/lz4_compress/../../../L1/include/hw\lz4_compress.hpp:394]   --->   Operation 28 'br' 'br_ln68' <Predicate = true> <Delay = 0.00>
ST_2 : Operation 29 [1/1] (0.00ns)   --->   "%tCh = trunc i32 %currentEncodedValue_2" [D:/Xillinx_Project/PROJECT/data_compression/L1/tests/lz4_compress/../../../L1/include/hw\lz4_compress.hpp:73->D:/Xillinx_Project/PROJECT/data_compression/L1/tests/lz4_compress/../../../L1/include/hw\lz4_compress.hpp:394]   --->   Operation 29 'trunc' 'tCh' <Predicate = (icmp_ln68)> <Delay = 0.00>
ST_2 : Operation 30 [1/1] (0.00ns)   --->   "%tLen = partselect i8 @_ssdm_op_PartSelect.i8.i32.i32, i32 %currentEncodedValue_2, i32 8" [D:/Xillinx_Project/PROJECT/data_compression/L1/tests/lz4_compress/../../../L1/include/hw\lz4_compress.hpp:74->D:/Xillinx_Project/PROJECT/data_compression/L1/tests/lz4_compress/../../../L1/include/hw\lz4_compress.hpp:394]   --->   Operation 30 'partselect' 'tLen' <Predicate = (icmp_ln68)> <Delay = 0.00>
ST_2 : Operation 31 [1/1] (0.00ns)   --->   "%tOffset = partselect i16 @_ssdm_op_PartSelect.i16.i32.i32, i32 %currentEncodedValue_2, i32 16" [D:/Xillinx_Project/PROJECT/data_compression/L1/tests/lz4_compress/../../../L1/include/hw\lz4_compress.hpp:75->D:/Xillinx_Project/PROJECT/data_compression/L1/tests/lz4_compress/../../../L1/include/hw\lz4_compress.hpp:394]   --->   Operation 31 'partselect' 'tOffset' <Predicate = (icmp_ln68)> <Delay = 0.00>
ST_2 : Operation 32 [1/1] (1.91ns)   --->   "%has_match = icmp_ne  i8 %tLen, i8 0" [D:/Xillinx_Project/PROJECT/data_compression/L1/tests/lz4_compress/../../../L1/include/hw\lz4_compress.hpp:78->D:/Xillinx_Project/PROJECT/data_compression/L1/tests/lz4_compress/../../../L1/include/hw\lz4_compress.hpp:394]   --->   Operation 32 'icmp' 'has_match' <Predicate = (icmp_ln68)> <Delay = 1.91> <CoreInst = "Cmp">   --->   Core 9 'Cmp' <Latency = 0> <II = 1> <Delay = 1.91> <FuncUnit> <Opcode : 'seteq' 'setne' 'setle' 'setge' 'setlt' 'setgt'> <InPorts = 2> <OutPorts = 1>
ST_2 : Operation 33 [1/1] (0.00ns)   --->   "%tmp = partselect i20 @_ssdm_op_PartSelect.i20.i32.i32.i32, i32 %lit_count_2, i32 12, i32 31" [D:/Xillinx_Project/PROJECT/data_compression/L1/tests/lz4_compress/../../../L1/include/hw\lz4_compress.hpp:79->D:/Xillinx_Project/PROJECT/data_compression/L1/tests/lz4_compress/../../../L1/include/hw\lz4_compress.hpp:394]   --->   Operation 33 'partselect' 'tmp' <Predicate = (icmp_ln68)> <Delay = 0.00>
ST_2 : Operation 34 [1/1] (2.19ns)   --->   "%lit_overflow = icmp_eq  i20 %tmp, i20 0" [D:/Xillinx_Project/PROJECT/data_compression/L1/tests/lz4_compress/../../../L1/include/hw\lz4_compress.hpp:79->D:/Xillinx_Project/PROJECT/data_compression/L1/tests/lz4_compress/../../../L1/include/hw\lz4_compress.hpp:394]   --->   Operation 34 'icmp' 'lit_overflow' <Predicate = (icmp_ln68)> <Delay = 2.19> <CoreInst = "Cmp">   --->   Core 9 'Cmp' <Latency = 0> <II = 1> <Delay = 2.19> <FuncUnit> <Opcode : 'seteq' 'setne' 'setle' 'setge' 'setlt' 'setgt'> <InPorts = 2> <OutPorts = 1>
ST_2 : Operation 35 [1/1] (2.55ns)   --->   "%icmp_ln82 = icmp_ult  i32 %i_10, i32 %sub_i_read" [D:/Xillinx_Project/PROJECT/data_compression/L1/tests/lz4_compress/../../../L1/include/hw\lz4_compress.hpp:82->D:/Xillinx_Project/PROJECT/data_compression/L1/tests/lz4_compress/../../../L1/include/hw\lz4_compress.hpp:394]   --->   Operation 35 'icmp' 'icmp_ln82' <Predicate = (icmp_ln68)> <Delay = 2.55> <CoreInst = "Cmp">   --->   Core 9 'Cmp' <Latency = 0> <II = 1> <Delay = 2.55> <FuncUnit> <Opcode : 'seteq' 'setne' 'setle' 'setge' 'setlt' 'setgt'> <InPorts = 2> <OutPorts = 1>
ST_2 : Operation 36 [1/1] (0.00ns) (grouped into LUT with out node or_ln82)   --->   "%xor_ln82_1 = xor i1 %icmp_ln82, i1 1" [D:/Xillinx_Project/PROJECT/data_compression/L1/tests/lz4_compress/../../../L1/include/hw\lz4_compress.hpp:82->D:/Xillinx_Project/PROJECT/data_compression/L1/tests/lz4_compress/../../../L1/include/hw\lz4_compress.hpp:394]   --->   Operation 36 'xor' 'xor_ln82_1' <Predicate = (icmp_ln68)> <Delay = 0.00> <CoreInst = "LogicGate">   --->   Core 74 'LogicGate' <Latency = 0> <II = 1> <Delay = 0.97> <FuncUnit> <Opcode : 'and' 'or' 'xor'> <InPorts = 2> <OutPorts = 1>
ST_2 : Operation 37 [1/1] (0.00ns) (grouped into LUT with out node or_ln82)   --->   "%xor_ln82 = xor i1 %has_next_value, i1 1" [D:/Xillinx_Project/PROJECT/data_compression/L1/tests/lz4_compress/../../../L1/include/hw\lz4_compress.hpp:82->D:/Xillinx_Project/PROJECT/data_compression/L1/tests/lz4_compress/../../../L1/include/hw\lz4_compress.hpp:394]   --->   Operation 37 'xor' 'xor_ln82' <Predicate = (icmp_ln68)> <Delay = 0.00> <CoreInst = "LogicGate">   --->   Core 74 'LogicGate' <Latency = 0> <II = 1> <Delay = 0.97> <FuncUnit> <Opcode : 'and' 'or' 'xor'> <InPorts = 2> <OutPorts = 1>
ST_2 : Operation 38 [1/1] (0.97ns) (out node of the LUT)   --->   "%or_ln82 = or i1 %xor_ln82_1, i1 %xor_ln82" [D:/Xillinx_Project/PROJECT/data_compression/L1/tests/lz4_compress/../../../L1/include/hw\lz4_compress.hpp:82->D:/Xillinx_Project/PROJECT/data_compression/L1/tests/lz4_compress/../../../L1/include/hw\lz4_compress.hpp:394]   --->   Operation 38 'or' 'or_ln82' <Predicate = (icmp_ln68)> <Delay = 0.97> <CoreInst = "LogicGate">   --->   Core 74 'LogicGate' <Latency = 0> <II = 1> <Delay = 0.97> <FuncUnit> <Opcode : 'and' 'or' 'xor'> <InPorts = 2> <OutPorts = 1>
ST_2 : Operation 66 [1/1] (0.00ns)   --->   "%lit_count_flag_load = load i32 %lit_count_flag"   --->   Operation 66 'load' 'lit_count_flag_load' <Predicate = (!icmp_ln68)> <Delay = 0.00>
ST_2 : Operation 67 [1/1] (0.00ns)   --->   "%write_ln102 = write void @_ssdm_op_Write.ap_auto.i32P0A, i32 %lit_count_out, i32 %lit_count_2" [D:/Xillinx_Project/PROJECT/data_compression/L1/tests/lz4_compress/../../../L1/include/hw\lz4_compress.hpp:102->D:/Xillinx_Project/PROJECT/data_compression/L1/tests/lz4_compress/../../../L1/include/hw\lz4_compress.hpp:394]   --->   Operation 67 'write' 'write_ln102' <Predicate = (!icmp_ln68)> <Delay = 0.00>
ST_2 : Operation 68 [1/1] (0.00ns)   --->   "%write_ln0 = write void @_ssdm_op_Write.ap_auto.i32P0A, i32 %lit_count_flag_out, i32 %lit_count_flag_load"   --->   Operation 68 'write' 'write_ln0' <Predicate = (!icmp_ln68)> <Delay = 0.00>
ST_2 : Operation 69 [1/1] (1.58ns)   --->   "%ret_ln0 = ret"   --->   Operation 69 'ret' 'ret_ln0' <Predicate = (!icmp_ln68)> <Delay = 1.58>

State 3 <SV = 2> <Delay = 5.06>
ST_3 : Operation 39 [1/1] (0.00ns)   --->   "%specpipeline_ln69 = specpipeline void @_ssdm_op_SpecPipeline, i32 2, i32 0, i32 0, i32 0, void @empty_4" [D:/Xillinx_Project/PROJECT/data_compression/L1/tests/lz4_compress/../../../L1/include/hw\lz4_compress.hpp:69->D:/Xillinx_Project/PROJECT/data_compression/L1/tests/lz4_compress/../../../L1/include/hw\lz4_compress.hpp:394]   --->   Operation 39 'specpipeline' 'specpipeline_ln69' <Predicate = true> <Delay = 0.00>
ST_3 : Operation 40 [1/1] (0.00ns)   --->   "%specloopname_ln68 = specloopname void @_ssdm_op_SpecLoopName, void @empty_7" [D:/Xillinx_Project/PROJECT/data_compression/L1/tests/lz4_compress/../../../L1/include/hw\lz4_compress.hpp:68->D:/Xillinx_Project/PROJECT/data_compression/L1/tests/lz4_compress/../../../L1/include/hw\lz4_compress.hpp:394]   --->   Operation 40 'specloopname' 'specloopname_ln68' <Predicate = true> <Delay = 0.00>
ST_3 : Operation 41 [1/1] (1.58ns)   --->   "%br_ln82 = br i1 %or_ln82, void %if.then15.i, void %if.end17.i" [D:/Xillinx_Project/PROJECT/data_compression/L1/tests/lz4_compress/../../../L1/include/hw\lz4_compress.hpp:82->D:/Xillinx_Project/PROJECT/data_compression/L1/tests/lz4_compress/../../../L1/include/hw\lz4_compress.hpp:394]   --->   Operation 41 'br' 'br_ln82' <Predicate = true> <Delay = 1.58>
ST_3 : Operation 42 [1/1] ( I:3.15ns O:3.15ns )   --->   "%currentEncodedValue_3 = read i32 @_ssdm_op_Read.ap_fifo.volatile.i32P0A, i32 %boosterStream" [D:/Xillinx_Project/PROJECT/data_compression/L1/tests/lz4_compress/../../../L1/include/hw\lz4_compress.hpp:83->D:/Xillinx_Project/PROJECT/data_compression/L1/tests/lz4_compress/../../../L1/include/hw\lz4_compress.hpp:394]   --->   Operation 42 'read' 'currentEncodedValue_3' <Predicate = (!or_ln82)> <Delay = 3.15> <CoreInst = "FIFO_SRL">   --->   Core 80 'FIFO_SRL' <Latency = 0> <II = 1> <Delay = 3.54> <Storage> <Opcode : 'read' 'write' 'nbread' 'nbwrite'> <Ports = 0> <Width = 32> <Depth = 8> <FIFO>
ST_3 : Operation 43 [1/1] (1.58ns)   --->   "%store_ln58 = store i32 %currentEncodedValue_3, i32 %currentEncodedValue_1" [D:/Xillinx_Project/PROJECT/data_compression/L1/tests/lz4_compress/../../../L1/include/hw\lz4_compress.hpp:58->D:/Xillinx_Project/PROJECT/data_compression/L1/tests/lz4_compress/../../../L1/include/hw\lz4_compress.hpp:394]   --->   Operation 43 'store' 'store_ln58' <Predicate = (!or_ln82)> <Delay = 1.58>
ST_3 : Operation 44 [1/1] (1.58ns)   --->   "%br_ln84 = br void %if.end17.i" [D:/Xillinx_Project/PROJECT/data_compression/L1/tests/lz4_compress/../../../L1/include/hw\lz4_compress.hpp:84->D:/Xillinx_Project/PROJECT/data_compression/L1/tests/lz4_compress/../../../L1/include/hw\lz4_compress.hpp:394]   --->   Operation 44 'br' 'br_ln84' <Predicate = (!or_ln82)> <Delay = 1.58>
ST_3 : Operation 45 [1/1] (0.00ns)   --->   "%has_next_value_1 = phi i1 1, void %if.then15.i, i1 0, void %for.body.i"   --->   Operation 45 'phi' 'has_next_value_1' <Predicate = true> <Delay = 0.00>
ST_3 : Operation 46 [1/1] (0.00ns)   --->   "%br_ln89 = br i1 %lit_overflow, void %if.end17.i.if.end31.i_crit_edge, void %if.else19.i" [D:/Xillinx_Project/PROJECT/data_compression/L1/tests/lz4_compress/../../../L1/include/hw\lz4_compress.hpp:89->D:/Xillinx_Project/PROJECT/data_compression/L1/tests/lz4_compress/../../../L1/include/hw\lz4_compress.hpp:394]   --->   Operation 46 'br' 'br_ln89' <Predicate = true> <Delay = 0.00>
ST_3 : Operation 47 [1/1] (1.58ns)   --->   "%store_ln55 = store i32 1, i32 %lit_count_flag" [D:/Xillinx_Project/PROJECT/data_compression/L1/tests/lz4_compress/../../../L1/include/hw\lz4_compress.hpp:55->D:/Xillinx_Project/PROJECT/data_compression/L1/tests/lz4_compress/../../../L1/include/hw\lz4_compress.hpp:394]   --->   Operation 47 'store' 'store_ln55' <Predicate = (!lit_overflow)> <Delay = 1.58>
ST_3 : Operation 48 [1/1] (0.00ns)   --->   "%br_ln89 = br void %if.end31.i" [D:/Xillinx_Project/PROJECT/data_compression/L1/tests/lz4_compress/../../../L1/include/hw\lz4_compress.hpp:89->D:/Xillinx_Project/PROJECT/data_compression/L1/tests/lz4_compress/../../../L1/include/hw\lz4_compress.hpp:394]   --->   Operation 48 'br' 'br_ln89' <Predicate = (!lit_overflow)> <Delay = 0.00>
ST_3 : Operation 49 [1/1] (0.00ns)   --->   "%br_ln91 = br i1 %has_match, void %if.else29.i, void %if.then20.i" [D:/Xillinx_Project/PROJECT/data_compression/L1/tests/lz4_compress/../../../L1/include/hw\lz4_compress.hpp:91->D:/Xillinx_Project/PROJECT/data_compression/L1/tests/lz4_compress/../../../L1/include/hw\lz4_compress.hpp:394]   --->   Operation 49 'br' 'br_ln91' <Predicate = (lit_overflow)> <Delay = 0.00>
ST_3 : Operation 50 [1/1] ( I:3.15ns O:3.15ns )   --->   "%write_ln101 = write void @_ssdm_op_Write.ap_fifo.volatile.i8P0A, i8 %lit_outStream, i8 %tCh" [D:/Xillinx_Project/PROJECT/data_compression/L1/tests/lz4_compress/../../../L1/include/hw\lz4_compress.hpp:101->D:/Xillinx_Project/PROJECT/data_compression/L1/tests/lz4_compress/../../../L1/include/hw\lz4_compress.hpp:394]   --->   Operation 50 'write' 'write_ln101' <Predicate = (lit_overflow & !has_match)> <Delay = 3.15> <CoreInst = "FIFO_BRAM">   --->   Core 78 'FIFO_BRAM' <Latency = 0> <II = 1> <Delay = 3.50> <Storage> <Opcode : 'read' 'write' 'nbread' 'nbwrite'> <Ports = 0> <Width = 8> <Depth = 65536> <FIFO>
ST_3 : Operation 51 [1/1] (2.55ns)   --->   "%lit_count_3 = add i32 %lit_count_2, i32 1" [D:/Xillinx_Project/PROJECT/data_compression/L1/tests/lz4_compress/../../../L1/include/hw\lz4_compress.hpp:102->D:/Xillinx_Project/PROJECT/data_compression/L1/tests/lz4_compress/../../../L1/include/hw\lz4_compress.hpp:394]   --->   Operation 51 'add' 'lit_count_3' <Predicate = (lit_overflow & !has_match)> <Delay = 2.55> <CoreInst = "Adder">   --->   Core 1 'Adder' <Latency = 0> <II = 1> <Delay = 2.55> <FuncUnit> <Opcode : 'add' 'sub'> <InPorts = 2> <OutPorts = 1>
ST_3 : Operation 52 [1/1] (1.58ns)   --->   "%store_ln54 = store i32 %lit_count_3, i32 %lit_count" [D:/Xillinx_Project/PROJECT/data_compression/L1/tests/lz4_compress/../../../L1/include/hw\lz4_compress.hpp:54->D:/Xillinx_Project/PROJECT/data_compression/L1/tests/lz4_compress/../../../L1/include/hw\lz4_compress.hpp:394]   --->   Operation 52 'store' 'store_ln54' <Predicate = (lit_overflow & !has_match)> <Delay = 1.58>
ST_3 : Operation 53 [1/1] (0.00ns)   --->   "%br_ln0 = br void %if.end31.i"   --->   Operation 53 'br' 'br_ln0' <Predicate = (lit_overflow & !has_match)> <Delay = 0.00>
ST_3 : Operation 54 [1/1] (0.00ns)   --->   "%zext_ln95 = zext i8 %tLen" [D:/Xillinx_Project/PROJECT/data_compression/L1/tests/lz4_compress/../../../L1/include/hw\lz4_compress.hpp:95->D:/Xillinx_Project/PROJECT/data_compression/L1/tests/lz4_compress/../../../L1/include/hw\lz4_compress.hpp:394]   --->   Operation 54 'zext' 'zext_ln95' <Predicate = (lit_overflow & has_match)> <Delay = 0.00>
ST_3 : Operation 55 [1/1] (1.91ns)   --->   "%add_ln95 = add i9 %zext_ln95, i9 508" [D:/Xillinx_Project/PROJECT/data_compression/L1/tests/lz4_compress/../../../L1/include/hw\lz4_compress.hpp:95->D:/Xillinx_Project/PROJECT/data_compression/L1/tests/lz4_compress/../../../L1/include/hw\lz4_compress.hpp:394]   --->   Operation 55 'add' 'add_ln95' <Predicate = (lit_overflow & has_match)> <Delay = 1.91> <CoreInst = "Adder">   --->   Core 1 'Adder' <Latency = 0> <II = 1> <Delay = 1.91> <FuncUnit> <Opcode : 'add' 'sub'> <InPorts = 2> <OutPorts = 1>
ST_3 : Operation 56 [1/1] (0.00ns)   --->   "%sext_ln96 = sext i9 %add_ln95" [D:/Xillinx_Project/PROJECT/data_compression/L1/tests/lz4_compress/../../../L1/include/hw\lz4_compress.hpp:96->D:/Xillinx_Project/PROJECT/data_compression/L1/tests/lz4_compress/../../../L1/include/hw\lz4_compress.hpp:394]   --->   Operation 56 'sext' 'sext_ln96' <Predicate = (lit_overflow & has_match)> <Delay = 0.00>
ST_3 : Operation 57 [1/1] (0.00ns)   --->   "%tmpValue = bitconcatenate i64 @_ssdm_op_BitConcatenate.i64.i32.i16.i16, i32 %lit_count_2, i16 %tOffset, i16 %sext_ln96" [D:/Xillinx_Project/PROJECT/data_compression/L1/tests/lz4_compress/../../../L1/include/hw\lz4_compress.hpp:96->D:/Xillinx_Project/PROJECT/data_compression/L1/tests/lz4_compress/../../../L1/include/hw\lz4_compress.hpp:394]   --->   Operation 57 'bitconcatenate' 'tmpValue' <Predicate = (lit_overflow & has_match)> <Delay = 0.00>
ST_3 : Operation 58 [1/1] ( I:3.15ns O:3.15ns )   --->   "%write_ln98 = write void @_ssdm_op_Write.ap_fifo.volatile.i64P0A, i64 %lenOffset_Stream, i64 %tmpValue" [D:/Xillinx_Project/PROJECT/data_compression/L1/tests/lz4_compress/../../../L1/include/hw\lz4_compress.hpp:98->D:/Xillinx_Project/PROJECT/data_compression/L1/tests/lz4_compress/../../../L1/include/hw\lz4_compress.hpp:394]   --->   Operation 58 'write' 'write_ln98' <Predicate = (lit_overflow & has_match)> <Delay = 3.15> <CoreInst = "FIFO_BRAM">   --->   Core 78 'FIFO_BRAM' <Latency = 0> <II = 1> <Delay = 3.61> <Storage> <Opcode : 'read' 'write' 'nbread' 'nbwrite'> <Ports = 0> <Width = 64> <Depth = 512> <FIFO>
ST_3 : Operation 59 [1/1] (1.58ns)   --->   "%store_ln54 = store i32 0, i32 %lit_count" [D:/Xillinx_Project/PROJECT/data_compression/L1/tests/lz4_compress/../../../L1/include/hw\lz4_compress.hpp:54->D:/Xillinx_Project/PROJECT/data_compression/L1/tests/lz4_compress/../../../L1/include/hw\lz4_compress.hpp:394]   --->   Operation 59 'store' 'store_ln54' <Predicate = (lit_overflow & has_match)> <Delay = 1.58>
ST_3 : Operation 60 [1/1] (0.00ns)   --->   "%br_ln100 = br void %if.end31.i" [D:/Xillinx_Project/PROJECT/data_compression/L1/tests/lz4_compress/../../../L1/include/hw\lz4_compress.hpp:100->D:/Xillinx_Project/PROJECT/data_compression/L1/tests/lz4_compress/../../../L1/include/hw\lz4_compress.hpp:394]   --->   Operation 60 'br' 'br_ln100' <Predicate = (lit_overflow & has_match)> <Delay = 0.00>
ST_3 : Operation 61 [1/1] (0.00ns) (grouped into LUT with out node i_11)   --->   "%select_ln106 = select i1 %has_match, i8 %tLen, i8 1" [D:/Xillinx_Project/PROJECT/data_compression/L1/tests/lz4_compress/../../../L1/include/hw\lz4_compress.hpp:106->D:/Xillinx_Project/PROJECT/data_compression/L1/tests/lz4_compress/../../../L1/include/hw\lz4_compress.hpp:394]   --->   Operation 61 'select' 'select_ln106' <Predicate = true> <Delay = 0.00> <CoreInst = "Sel">   --->   Core 73 'Sel' <Latency = 0> <II = 1> <Delay = 1.24> <FuncUnit> <Opcode : 'select'> <InPorts = 3> <OutPorts = 1>
ST_3 : Operation 62 [1/1] (0.00ns) (grouped into LUT with out node i_11)   --->   "%zext_ln106 = zext i8 %select_ln106" [D:/Xillinx_Project/PROJECT/data_compression/L1/tests/lz4_compress/../../../L1/include/hw\lz4_compress.hpp:106->D:/Xillinx_Project/PROJECT/data_compression/L1/tests/lz4_compress/../../../L1/include/hw\lz4_compress.hpp:394]   --->   Operation 62 'zext' 'zext_ln106' <Predicate = true> <Delay = 0.00>
ST_3 : Operation 63 [1/1] (2.55ns) (out node of the LUT)   --->   "%i_11 = add i32 %zext_ln106, i32 %i_10" [D:/Xillinx_Project/PROJECT/data_compression/L1/tests/lz4_compress/../../../L1/include/hw\lz4_compress.hpp:106->D:/Xillinx_Project/PROJECT/data_compression/L1/tests/lz4_compress/../../../L1/include/hw\lz4_compress.hpp:394]   --->   Operation 63 'add' 'i_11' <Predicate = true> <Delay = 2.55> <CoreInst = "Adder">   --->   Core 1 'Adder' <Latency = 0> <II = 1> <Delay = 2.55> <FuncUnit> <Opcode : 'add' 'sub'> <InPorts = 2> <OutPorts = 1>
ST_3 : Operation 64 [1/1] (1.58ns)   --->   "%store_ln68 = store i32 %i_11, i32 %i" [D:/Xillinx_Project/PROJECT/data_compression/L1/tests/lz4_compress/../../../L1/include/hw\lz4_compress.hpp:68->D:/Xillinx_Project/PROJECT/data_compression/L1/tests/lz4_compress/../../../L1/include/hw\lz4_compress.hpp:394]   --->   Operation 64 'store' 'store_ln68' <Predicate = true> <Delay = 1.58>
ST_3 : Operation 65 [1/1] (0.00ns)   --->   "%br_ln68 = br void %for.cond.i" [D:/Xillinx_Project/PROJECT/data_compression/L1/tests/lz4_compress/../../../L1/include/hw\lz4_compress.hpp:68->D:/Xillinx_Project/PROJECT/data_compression/L1/tests/lz4_compress/../../../L1/include/hw\lz4_compress.hpp:394]   --->   Operation 65 'br' 'br_ln68' <Predicate = true> <Delay = 0.00>


============================================================
+ Verbose Summary: Timing violations
============================================================
Target clock period: 7.000ns, clock uncertainty: 0.700ns.

 <State 1>: 1.588ns
The critical path consists of the following:
	'alloca' operation 32 bit ('currentEncodedValue', D:/Xillinx_Project/PROJECT/data_compression/L1/tests/lz4_compress/../../../L1/include/hw\lz4_compress.hpp:58->D:/Xillinx_Project/PROJECT/data_compression/L1/tests/lz4_compress/../../../L1/include/hw\lz4_compress.hpp:394) [12]  (0.000 ns)
	'store' operation 0 bit ('store_ln58', D:/Xillinx_Project/PROJECT/data_compression/L1/tests/lz4_compress/../../../L1/include/hw\lz4_compress.hpp:58->D:/Xillinx_Project/PROJECT/data_compression/L1/tests/lz4_compress/../../../L1/include/hw\lz4_compress.hpp:394) of variable 'currentEncodedValue_read', D:/Xillinx_Project/PROJECT/data_compression/L1/tests/lz4_compress/../../../L1/include/hw\lz4_compress.hpp:45->D:/Xillinx_Project/PROJECT/data_compression/L1/tests/lz4_compress/../../../L1/include/hw\lz4_compress.hpp:394 on local variable 'currentEncodedValue', D:/Xillinx_Project/PROJECT/data_compression/L1/tests/lz4_compress/../../../L1/include/hw\lz4_compress.hpp:58->D:/Xillinx_Project/PROJECT/data_compression/L1/tests/lz4_compress/../../../L1/include/hw\lz4_compress.hpp:394 [22]  (1.588 ns)

 <State 2>: 3.530ns
The critical path consists of the following:
	'load' operation 32 bit ('i', D:/Xillinx_Project/PROJECT/data_compression/L1/tests/lz4_compress/../../../L1/include/hw\lz4_compress.hpp:82->D:/Xillinx_Project/PROJECT/data_compression/L1/tests/lz4_compress/../../../L1/include/hw\lz4_compress.hpp:394) on local variable 'i', D:/Xillinx_Project/PROJECT/data_compression/L1/tests/lz4_compress/../../../L1/include/hw\lz4_compress.hpp:68->D:/Xillinx_Project/PROJECT/data_compression/L1/tests/lz4_compress/../../../L1/include/hw\lz4_compress.hpp:394 [29]  (0.000 ns)
	'icmp' operation 1 bit ('icmp_ln82', D:/Xillinx_Project/PROJECT/data_compression/L1/tests/lz4_compress/../../../L1/include/hw\lz4_compress.hpp:82->D:/Xillinx_Project/PROJECT/data_compression/L1/tests/lz4_compress/../../../L1/include/hw\lz4_compress.hpp:394) [43]  (2.552 ns)
	'xor' operation 1 bit ('xor_ln82_1', D:/Xillinx_Project/PROJECT/data_compression/L1/tests/lz4_compress/../../../L1/include/hw\lz4_compress.hpp:82->D:/Xillinx_Project/PROJECT/data_compression/L1/tests/lz4_compress/../../../L1/include/hw\lz4_compress.hpp:394) [44]  (0.000 ns)
	'or' operation 1 bit ('or_ln82', D:/Xillinx_Project/PROJECT/data_compression/L1/tests/lz4_compress/../../../L1/include/hw\lz4_compress.hpp:82->D:/Xillinx_Project/PROJECT/data_compression/L1/tests/lz4_compress/../../../L1/include/hw\lz4_compress.hpp:394) [46]  (0.978 ns)

 <State 3>: 5.065ns
The critical path consists of the following:
	'add' operation 9 bit ('add_ln95', D:/Xillinx_Project/PROJECT/data_compression/L1/tests/lz4_compress/../../../L1/include/hw\lz4_compress.hpp:95->D:/Xillinx_Project/PROJECT/data_compression/L1/tests/lz4_compress/../../../L1/include/hw\lz4_compress.hpp:394) [67]  (1.915 ns)
	fifo write operation ('write_ln98', D:/Xillinx_Project/PROJECT/data_compression/L1/tests/lz4_compress/../../../L1/include/hw\lz4_compress.hpp:98->D:/Xillinx_Project/PROJECT/data_compression/L1/tests/lz4_compress/../../../L1/include/hw\lz4_compress.hpp:394) on port 'lenOffset_Stream' (D:/Xillinx_Project/PROJECT/data_compression/L1/tests/lz4_compress/../../../L1/include/hw\lz4_compress.hpp:98->D:/Xillinx_Project/PROJECT/data_compression/L1/tests/lz4_compress/../../../L1/include/hw\lz4_compress.hpp:394) [70]  (3.150 ns)


============================================================
+ Verbose Summary: Binding
============================================================
N/A
* FSMD analyzer results:
  - Output states:
 - Input state : 
  - Chain level:
	State 1
	State 2
	State 3


============================================================
+ Verbose Summary: Datapath Resource usage 
============================================================
N/A
