

================================================================
== Vitis HLS Report for 'lz4CompressEngineRun'
================================================================
* Date:           Fri Oct 31 14:49:03 2025

* Version:        2024.2 (Build 5238294 on Nov  8 2024)
* Project:        lz4CompressEngineRun
* Solution:       hls (Vivado IP Flow Target)
* Product family: zynq
* Target device:  xc7z020-clg484-1


================================================================
== Performance Estimates
================================================================
+ Timing: 
    * Summary: 
    +--------+---------+----------+------------+
    |  Clock |  Target | Estimated| Uncertainty|
    +--------+---------+----------+------------+
    |ap_clk  |  7.00 ns|  6.300 ns|     0.70 ns|
    +--------+---------+----------+------------+

+ Latency: 
    * Summary: 
    +---------+---------+----------+----------+-----+-----+----------+
    |  Latency (cycles) |  Latency (absolute) |  Interval | Pipeline |
    |   min   |   max   |    min   |    max   | min | max |   Type   |
    +---------+---------+----------+----------+-----+-----+----------+
    |        ?|        ?|         ?|         ?|    ?|    ?|  dataflow|
    +---------+---------+----------+----------+-----+-----+----------+

    + Detail: 
        * Instance: 
        N/A

        * Loop: 
        N/A

============================================================
+ Verbose Summary: Synthesis Manager
============================================================
InlineROM: 1
ExposeGlobal: 0
============================================================
+ Verbose Summary: CDFG Model
============================================================
IsTopModel: 1
ResetActiveHigh: 1
IsCombinational: 2
IsDatapathOnly: 0
HasWiredReturn: 1
HasMFsm: 0
HasVarLatency: 1
IsPipeline: 0
IsRtlPipelined: 0
IsInstanceOverlapped: 0
IsDontTouch: 0
HasImplIP: 0
IsGatedGlobalClock: 0


============================================================
+ Verbose Summary: Schedule
============================================================
* Number of FSM states : 8
* Pipeline : 0
* Dataflow Pipeline: 1
  DF-Pipeline-0: Size = 8, States = { 1 2 3 4 5 6 7 8 }

* FSM state transitions: 
1 --> 2 
2 --> 3 
3 --> 4 
4 --> 5 
5 --> 6 
6 --> 7 
7 --> 8 
8 --> 

* FSM state operations: 

State 1 <SV = 0> <Delay = 3.15>
ST_1 : Operation 9 [1/1] (0.00ns)   --->   "%input_size_read = read i32 @_ssdm_op_Read.ap_auto.i32, i32 %input_size" [../data_compression/L1/tests/lz4_compress/lz4_compress_test.cpp:67]   --->   Operation 9 'read' 'input_size_read' <Predicate = true> <Delay = 0.00>
ST_1 : Operation 10 [1/1] (0.00ns)   --->   "%core_idx_c = alloca i64 1" [../data_compression/L1/tests/lz4_compress/lz4_compress_test.cpp:67]   --->   Operation 10 'alloca' 'core_idx_c' <Predicate = true> <Delay = 0.00> <CoreInst = "FIFO_SRL">   --->   Core 80 'FIFO_SRL' <Latency = 0> <II = 1> <Delay = 3.61> <Storage> <Opcode : 'read' 'write' 'nbread' 'nbwrite'> <Ports = 0> <Width = 32> <Depth = 5> <FIFO>
ST_1 : Operation 11 [1/1] (0.00ns)   --->   "%input_size_c2 = alloca i64 1" [../data_compression/L1/tests/lz4_compress/lz4_compress_test.cpp:67]   --->   Operation 11 'alloca' 'input_size_c2' <Predicate = true> <Delay = 0.00> <CoreInst = "FIFO_SRL">   --->   Core 80 'FIFO_SRL' <Latency = 0> <II = 1> <Delay = 3.63> <Storage> <Opcode : 'read' 'write' 'nbread' 'nbwrite'> <Ports = 0> <Width = 32> <Depth = 2> <FIFO>
ST_1 : Operation 12 [1/1] (0.00ns)   --->   "%input_size_c1 = alloca i64 1" [../data_compression/L1/tests/lz4_compress/lz4_compress_test.cpp:67]   --->   Operation 12 'alloca' 'input_size_c1' <Predicate = true> <Delay = 0.00> <CoreInst = "FIFO_SRL">   --->   Core 80 'FIFO_SRL' <Latency = 0> <II = 1> <Delay = 3.63> <Storage> <Opcode : 'read' 'write' 'nbread' 'nbwrite'> <Ports = 0> <Width = 32> <Depth = 2> <FIFO>
ST_1 : Operation 13 [1/1] (0.00ns)   --->   "%input_size_c = alloca i64 1" [../data_compression/L1/tests/lz4_compress/lz4_compress_test.cpp:67]   --->   Operation 13 'alloca' 'input_size_c' <Predicate = true> <Delay = 0.00> <CoreInst = "FIFO_SRL">   --->   Core 80 'FIFO_SRL' <Latency = 0> <II = 1> <Delay = 3.63> <Storage> <Opcode : 'read' 'write' 'nbread' 'nbwrite'> <Ports = 0> <Width = 32> <Depth = 2> <FIFO>
ST_1 : Operation 14 [1/1] (0.00ns)   --->   "%compressdStream = alloca i64 1" [../data_compression/L1/tests/lz4_compress/lz4_compress_test.cpp:56]   --->   Operation 14 'alloca' 'compressdStream' <Predicate = true> <Delay = 0.00> <CoreInst = "FIFO_SRL">   --->   Core 80 'FIFO_SRL' <Latency = 0> <II = 1> <Delay = 3.54> <Storage> <Opcode : 'read' 'write' 'nbread' 'nbwrite'> <Ports = 0> <Width = 32> <Depth = 8> <FIFO>
ST_1 : Operation 15 [1/1] (0.00ns)   --->   "%bestMatchStream = alloca i64 1" [../data_compression/L1/tests/lz4_compress/lz4_compress_test.cpp:57]   --->   Operation 15 'alloca' 'bestMatchStream' <Predicate = true> <Delay = 0.00> <CoreInst = "FIFO_SRL">   --->   Core 80 'FIFO_SRL' <Latency = 0> <II = 1> <Delay = 3.54> <Storage> <Opcode : 'read' 'write' 'nbread' 'nbwrite'> <Ports = 0> <Width = 32> <Depth = 8> <FIFO>
ST_1 : Operation 16 [1/1] (0.00ns)   --->   "%boosterStream = alloca i64 1" [../data_compression/L1/tests/lz4_compress/lz4_compress_test.cpp:58]   --->   Operation 16 'alloca' 'boosterStream' <Predicate = true> <Delay = 0.00> <CoreInst = "FIFO_SRL">   --->   Core 80 'FIFO_SRL' <Latency = 0> <II = 1> <Delay = 3.54> <Storage> <Opcode : 'read' 'write' 'nbread' 'nbwrite'> <Ports = 0> <Width = 32> <Depth = 8> <FIFO>
ST_1 : Operation 17 [2/2] (3.15ns)   --->   "%call_ln68 = call void @lzCompress<6, 4, 65536, 6, 1, 1024, 64>, i8 %inStream, i32 %compressdStream, i32 %input_size_read, i32 %input_size_c2" [../data_compression/L1/tests/lz4_compress/lz4_compress_test.cpp:68]   --->   Operation 17 'call' 'call_ln68' <Predicate = true> <Delay = 3.15> <CoreType = "Generic">   --->   Generic Core

State 2 <SV = 1> <Delay = 0.00>
ST_2 : Operation 18 [1/2] (0.00ns)   --->   "%call_ln68 = call void @lzCompress<6, 4, 65536, 6, 1, 1024, 64>, i8 %inStream, i32 %compressdStream, i32 %input_size_read, i32 %input_size_c2" [../data_compression/L1/tests/lz4_compress/lz4_compress_test.cpp:68]   --->   Operation 18 'call' 'call_ln68' <Predicate = true> <Delay = 0.00> <CoreType = "Generic">   --->   Generic Core

State 3 <SV = 2> <Delay = 0.00>
ST_3 : Operation 19 [2/2] (0.00ns)   --->   "%call_ln70 = call void @lzBestMatchFilter<6, 65536>, i32 %compressdStream, i32 %bestMatchStream, i32 %input_size_c2, i32 %input_size_c1" [../data_compression/L1/tests/lz4_compress/lz4_compress_test.cpp:70]   --->   Operation 19 'call' 'call_ln70' <Predicate = true> <Delay = 0.00> <CoreType = "Generic">   --->   Generic Core

State 4 <SV = 3> <Delay = 0.00>
ST_4 : Operation 20 [1/2] (0.00ns)   --->   "%call_ln70 = call void @lzBestMatchFilter<6, 65536>, i32 %compressdStream, i32 %bestMatchStream, i32 %input_size_c2, i32 %input_size_c1" [../data_compression/L1/tests/lz4_compress/lz4_compress_test.cpp:70]   --->   Operation 20 'call' 'call_ln70' <Predicate = true> <Delay = 0.00> <CoreType = "Generic">   --->   Generic Core

State 5 <SV = 4> <Delay = 0.00>
ST_5 : Operation 21 [2/2] (0.00ns)   --->   "%call_ln71 = call void @lzBooster<255, 16384, 64>, i32 %bestMatchStream, i32 %boosterStream, i32 %input_size_c1, i32 %input_size_c, i1 %guard_variable_for_void_lzBooster_stream_stream_unsigned_int_nextMatchCh, i8 %nextMatchCh, i32 %match_loc_reg, i16 %skip_len_reg, i1 %matchFlag_reg, i8 %match_len_reg" [../data_compression/L1/tests/lz4_compress/lz4_compress_test.cpp:71]   --->   Operation 21 'call' 'call_ln71' <Predicate = true> <Delay = 0.00> <CoreType = "Generic">   --->   Generic Core

State 6 <SV = 5> <Delay = 3.15>
ST_6 : Operation 22 [1/1] (0.00ns)   --->   "%core_idx_read = read i32 @_ssdm_op_Read.ap_auto.i32, i32 %core_idx" [../data_compression/L1/tests/lz4_compress/lz4_compress_test.cpp:67]   --->   Operation 22 'read' 'core_idx_read' <Predicate = true> <Delay = 0.00>
ST_6 : Operation 23 [1/1] (3.15ns)   --->   "%call_ln67 = call void @entry_proc, i32 %core_idx_read, i32 %core_idx_c" [../data_compression/L1/tests/lz4_compress/lz4_compress_test.cpp:67]   --->   Operation 23 'call' 'call_ln67' <Predicate = true> <Delay = 3.15> <CoreType = "Generic">   --->   Generic Core
ST_6 : Operation 24 [1/2] (0.00ns)   --->   "%call_ln71 = call void @lzBooster<255, 16384, 64>, i32 %bestMatchStream, i32 %boosterStream, i32 %input_size_c1, i32 %input_size_c, i1 %guard_variable_for_void_lzBooster_stream_stream_unsigned_int_nextMatchCh, i8 %nextMatchCh, i32 %match_loc_reg, i16 %skip_len_reg, i1 %matchFlag_reg, i8 %match_len_reg" [../data_compression/L1/tests/lz4_compress/lz4_compress_test.cpp:71]   --->   Operation 24 'call' 'call_ln71' <Predicate = true> <Delay = 0.00> <CoreType = "Generic">   --->   Generic Core

State 7 <SV = 6> <Delay = 0.00>
ST_7 : Operation 25 [2/2] (0.00ns)   --->   "%call_ln72 = call void @lz4Compress<4096, 8>, i32 %boosterStream, i8 %lz4Out, i32 %max_lit_limit, i32 %input_size_c, i1 %lz4Out_eos, i32 %lz4OutSize, i32 %core_idx_c" [../data_compression/L1/tests/lz4_compress/lz4_compress_test.cpp:72]   --->   Operation 25 'call' 'call_ln72' <Predicate = true> <Delay = 0.00> <CoreType = "Generic">   --->   Generic Core

State 8 <SV = 7> <Delay = 0.00>
ST_8 : Operation 26 [1/1] (0.00ns)   --->   "%empty = specchannel i32 @_ssdm_op_SpecChannel, void @core_idx_c_str, i32 1, void @p_str, void @p_str, i32 5, i32 0, i32 %core_idx_c, i32 %core_idx_c" [../data_compression/L1/tests/lz4_compress/lz4_compress_test.cpp:67]   --->   Operation 26 'specchannel' 'empty' <Predicate = true> <Delay = 0.00>
ST_8 : Operation 27 [1/1] (0.00ns)   --->   "%specinterface_ln67 = specinterface void @_ssdm_op_SpecInterface, i32 %core_idx_c, void @ap_fifo_str, i32 0, i32 0, void @p_str, i32 0, i32 0, void @p_str, void @p_str, void @p_str, i32 2, i32 2, i32 16, i32 16, void @p_str, void @p_str, i32 4294967295, i32 0, i32 0" [../data_compression/L1/tests/lz4_compress/lz4_compress_test.cpp:67]   --->   Operation 27 'specinterface' 'specinterface_ln67' <Predicate = true> <Delay = 0.00>
ST_8 : Operation 28 [1/1] (0.00ns)   --->   "%empty_41 = specchannel i32 @_ssdm_op_SpecChannel, void @input_size_c2_str, i32 1, void @p_str, void @p_str, i32 2, i32 0, i32 %input_size_c2, i32 %input_size_c2" [../data_compression/L1/tests/lz4_compress/lz4_compress_test.cpp:67]   --->   Operation 28 'specchannel' 'empty_41' <Predicate = true> <Delay = 0.00>
ST_8 : Operation 29 [1/1] (0.00ns)   --->   "%specinterface_ln67 = specinterface void @_ssdm_op_SpecInterface, i32 %input_size_c2, void @ap_fifo_str, i32 0, i32 0, void @p_str, i32 0, i32 0, void @p_str, void @p_str, void @p_str, i32 2, i32 2, i32 16, i32 16, void @p_str, void @p_str, i32 4294967295, i32 0, i32 0" [../data_compression/L1/tests/lz4_compress/lz4_compress_test.cpp:67]   --->   Operation 29 'specinterface' 'specinterface_ln67' <Predicate = true> <Delay = 0.00>
ST_8 : Operation 30 [1/1] (0.00ns)   --->   "%empty_42 = specchannel i32 @_ssdm_op_SpecChannel, void @input_size_c1_str, i32 1, void @p_str, void @p_str, i32 2, i32 0, i32 %input_size_c1, i32 %input_size_c1" [../data_compression/L1/tests/lz4_compress/lz4_compress_test.cpp:67]   --->   Operation 30 'specchannel' 'empty_42' <Predicate = true> <Delay = 0.00>
ST_8 : Operation 31 [1/1] (0.00ns)   --->   "%specinterface_ln67 = specinterface void @_ssdm_op_SpecInterface, i32 %input_size_c1, void @ap_fifo_str, i32 0, i32 0, void @p_str, i32 0, i32 0, void @p_str, void @p_str, void @p_str, i32 2, i32 2, i32 16, i32 16, void @p_str, void @p_str, i32 4294967295, i32 0, i32 0" [../data_compression/L1/tests/lz4_compress/lz4_compress_test.cpp:67]   --->   Operation 31 'specinterface' 'specinterface_ln67' <Predicate = true> <Delay = 0.00>
ST_8 : Operation 32 [1/1] (0.00ns)   --->   "%empty_43 = specchannel i32 @_ssdm_op_SpecChannel, void @input_size_c_str, i32 1, void @p_str, void @p_str, i32 2, i32 0, i32 %input_size_c, i32 %input_size_c" [../data_compression/L1/tests/lz4_compress/lz4_compress_test.cpp:67]   --->   Operation 32 'specchannel' 'empty_43' <Predicate = true> <Delay = 0.00>
ST_8 : Operation 33 [1/1] (0.00ns)   --->   "%specinterface_ln67 = specinterface void @_ssdm_op_SpecInterface, i32 %input_size_c, void @ap_fifo_str, i32 0, i32 0, void @p_str, i32 0, i32 0, void @p_str, void @p_str, void @p_str, i32 2, i32 2, i32 16, i32 16, void @p_str, void @p_str, i32 4294967295, i32 0, i32 0" [../data_compression/L1/tests/lz4_compress/lz4_compress_test.cpp:67]   --->   Operation 33 'specinterface' 'specinterface_ln67' <Predicate = true> <Delay = 0.00>
ST_8 : Operation 34 [1/1] (0.00ns)   --->   "%specdataflowpipeline_ln67 = specdataflowpipeline void @_ssdm_op_SpecDataflowPipeline, i32 4294967295, i32 0, void @empty_4" [../data_compression/L1/tests/lz4_compress/lz4_compress_test.cpp:67]   --->   Operation 34 'specdataflowpipeline' 'specdataflowpipeline_ln67' <Predicate = true> <Delay = 0.00>
ST_8 : Operation 35 [1/1] (0.00ns)   --->   "%spectopmodule_ln49 = spectopmodule void @_ssdm_op_SpecTopModule, void @empty_6" [../data_compression/L1/tests/lz4_compress/lz4_compress_test.cpp:49]   --->   Operation 35 'spectopmodule' 'spectopmodule_ln49' <Predicate = true> <Delay = 0.00>
ST_8 : Operation 36 [1/1] (0.00ns)   --->   "%specinterface_ln0 = specinterface void @_ssdm_op_SpecInterface, i8 %inStream, void @empty_3, i32 0, i32 0, void @empty_4, i32 0, i32 0, void @empty_4, void @empty_4, void @empty_4, i32 0, i32 0, i32 0, i32 0, void @empty_4, void @empty_4, i32 4294967295, i32 0, i32 0"   --->   Operation 36 'specinterface' 'specinterface_ln0' <Predicate = true> <Delay = 0.00>
ST_8 : Operation 37 [1/1] (0.00ns)   --->   "%specbitsmap_ln0 = specbitsmap void @_ssdm_op_SpecBitsMap, i8 %inStream"   --->   Operation 37 'specbitsmap' 'specbitsmap_ln0' <Predicate = true> <Delay = 0.00>
ST_8 : Operation 38 [1/1] (0.00ns)   --->   "%specinterface_ln0 = specinterface void @_ssdm_op_SpecInterface, i8 %lz4Out, void @empty_3, i32 0, i32 0, void @empty_4, i32 0, i32 0, void @empty_4, void @empty_4, void @empty_4, i32 0, i32 0, i32 0, i32 0, void @empty_4, void @empty_4, i32 4294967295, i32 0, i32 0"   --->   Operation 38 'specinterface' 'specinterface_ln0' <Predicate = true> <Delay = 0.00>
ST_8 : Operation 39 [1/1] (0.00ns)   --->   "%specbitsmap_ln0 = specbitsmap void @_ssdm_op_SpecBitsMap, i8 %lz4Out"   --->   Operation 39 'specbitsmap' 'specbitsmap_ln0' <Predicate = true> <Delay = 0.00>
ST_8 : Operation 40 [1/1] (0.00ns)   --->   "%specinterface_ln0 = specinterface void @_ssdm_op_SpecInterface, i1 %lz4Out_eos, void @empty_3, i32 0, i32 0, void @empty_4, i32 0, i32 0, void @empty_4, void @empty_4, void @empty_4, i32 0, i32 0, i32 0, i32 0, void @empty_4, void @empty_4, i32 4294967295, i32 0, i32 0"   --->   Operation 40 'specinterface' 'specinterface_ln0' <Predicate = true> <Delay = 0.00>
ST_8 : Operation 41 [1/1] (0.00ns)   --->   "%specbitsmap_ln0 = specbitsmap void @_ssdm_op_SpecBitsMap, i1 %lz4Out_eos"   --->   Operation 41 'specbitsmap' 'specbitsmap_ln0' <Predicate = true> <Delay = 0.00>
ST_8 : Operation 42 [1/1] (0.00ns)   --->   "%specinterface_ln0 = specinterface void @_ssdm_op_SpecInterface, i32 %lz4OutSize, void @empty_3, i32 0, i32 0, void @empty_4, i32 0, i32 0, void @empty_4, void @empty_4, void @empty_4, i32 0, i32 0, i32 0, i32 0, void @empty_4, void @empty_4, i32 4294967295, i32 0, i32 0"   --->   Operation 42 'specinterface' 'specinterface_ln0' <Predicate = true> <Delay = 0.00>
ST_8 : Operation 43 [1/1] (0.00ns)   --->   "%specbitsmap_ln0 = specbitsmap void @_ssdm_op_SpecBitsMap, i32 %lz4OutSize"   --->   Operation 43 'specbitsmap' 'specbitsmap_ln0' <Predicate = true> <Delay = 0.00>
ST_8 : Operation 44 [1/1] (0.00ns)   --->   "%specinterface_ln0 = specinterface void @_ssdm_op_SpecInterface, i32 %max_lit_limit, void @empty_2, i32 0, i32 0, void @empty_4, i32 4294967295, i32 0, void @empty_4, void @empty_4, void @empty_4, i32 0, i32 0, i32 0, i32 0, void @empty_4, void @empty_4, i32 4294967295, i32 0, i32 0"   --->   Operation 44 'specinterface' 'specinterface_ln0' <Predicate = true> <Delay = 0.00>
ST_8 : Operation 45 [1/1] (0.00ns)   --->   "%specbitsmap_ln0 = specbitsmap void @_ssdm_op_SpecBitsMap, i32 %max_lit_limit"   --->   Operation 45 'specbitsmap' 'specbitsmap_ln0' <Predicate = true> <Delay = 0.00>
ST_8 : Operation 46 [1/1] (0.00ns)   --->   "%specbitsmap_ln0 = specbitsmap void @_ssdm_op_SpecBitsMap, i32 %input_size"   --->   Operation 46 'specbitsmap' 'specbitsmap_ln0' <Predicate = true> <Delay = 0.00>
ST_8 : Operation 47 [1/1] (0.00ns)   --->   "%specinterface_ln0 = specinterface void @_ssdm_op_SpecInterface, i32 %input_size, void @empty_1, i32 0, i32 0, void @empty_4, i32 0, i32 0, void @empty_4, void @empty_4, void @empty_4, i32 0, i32 0, i32 0, i32 0, void @empty_4, void @empty_4, i32 4294967295, i32 0, i32 0"   --->   Operation 47 'specinterface' 'specinterface_ln0' <Predicate = true> <Delay = 0.00>
ST_8 : Operation 48 [1/1] (0.00ns)   --->   "%specbitsmap_ln0 = specbitsmap void @_ssdm_op_SpecBitsMap, i32 %core_idx"   --->   Operation 48 'specbitsmap' 'specbitsmap_ln0' <Predicate = true> <Delay = 0.00>
ST_8 : Operation 49 [1/1] (0.00ns)   --->   "%specinterface_ln0 = specinterface void @_ssdm_op_SpecInterface, i32 %core_idx, void @empty_1, i32 0, i32 0, void @empty_4, i32 0, i32 0, void @empty_4, void @empty_4, void @empty_4, i32 0, i32 0, i32 0, i32 0, void @empty_4, void @empty_4, i32 4294967295, i32 0, i32 0"   --->   Operation 49 'specinterface' 'specinterface_ln0' <Predicate = true> <Delay = 0.00>
ST_8 : Operation 50 [1/1] (0.00ns)   --->   "%empty_44 = specchannel i32 @_ssdm_op_SpecChannel, void @compressdStream_str, i32 1, void @p_str, void @p_str, i32 8, i32 8, i32 %compressdStream, i32 %compressdStream"   --->   Operation 50 'specchannel' 'empty_44' <Predicate = true> <Delay = 0.00>
ST_8 : Operation 51 [1/1] (0.00ns)   --->   "%specinterface_ln0 = specinterface void @_ssdm_op_SpecInterface, i32 %compressdStream, void @empty_3, i32 0, i32 0, void @empty_4, i32 0, i32 0, void @empty_4, void @empty_4, void @empty_4, i32 0, i32 0, i32 0, i32 0, void @empty_4, void @empty_4, i32 4294967295, i32 0, i32 0"   --->   Operation 51 'specinterface' 'specinterface_ln0' <Predicate = true> <Delay = 0.00>
ST_8 : Operation 52 [1/1] (0.00ns)   --->   "%empty_45 = specchannel i32 @_ssdm_op_SpecChannel, void @bestMatchStream_str, i32 1, void @p_str, void @p_str, i32 8, i32 8, i32 %bestMatchStream, i32 %bestMatchStream"   --->   Operation 52 'specchannel' 'empty_45' <Predicate = true> <Delay = 0.00>
ST_8 : Operation 53 [1/1] (0.00ns)   --->   "%specinterface_ln0 = specinterface void @_ssdm_op_SpecInterface, i32 %bestMatchStream, void @empty_3, i32 0, i32 0, void @empty_4, i32 0, i32 0, void @empty_4, void @empty_4, void @empty_4, i32 0, i32 0, i32 0, i32 0, void @empty_4, void @empty_4, i32 4294967295, i32 0, i32 0"   --->   Operation 53 'specinterface' 'specinterface_ln0' <Predicate = true> <Delay = 0.00>
ST_8 : Operation 54 [1/1] (0.00ns)   --->   "%empty_46 = specchannel i32 @_ssdm_op_SpecChannel, void @boosterStream_str, i32 1, void @p_str, void @p_str, i32 8, i32 8, i32 %boosterStream, i32 %boosterStream"   --->   Operation 54 'specchannel' 'empty_46' <Predicate = true> <Delay = 0.00>
ST_8 : Operation 55 [1/1] (0.00ns)   --->   "%specinterface_ln0 = specinterface void @_ssdm_op_SpecInterface, i32 %boosterStream, void @empty_3, i32 0, i32 0, void @empty_4, i32 0, i32 0, void @empty_4, void @empty_4, void @empty_4, i32 0, i32 0, i32 0, i32 0, void @empty_4, void @empty_4, i32 4294967295, i32 0, i32 0"   --->   Operation 55 'specinterface' 'specinterface_ln0' <Predicate = true> <Delay = 0.00>
ST_8 : Operation 56 [1/1] (0.00ns)   --->   "%specmemcore_ln64 = specmemcore void @_ssdm_op_SpecMemCore, i32 %compressdStream, i64 666, i64 10, i64 18446744073709551615" [../data_compression/L1/tests/lz4_compress/lz4_compress_test.cpp:64]   --->   Operation 56 'specmemcore' 'specmemcore_ln64' <Predicate = true> <Delay = 0.00>
ST_8 : Operation 57 [1/1] (0.00ns)   --->   "%specmemcore_ln65 = specmemcore void @_ssdm_op_SpecMemCore, i32 %boosterStream, i64 666, i64 10, i64 18446744073709551615" [../data_compression/L1/tests/lz4_compress/lz4_compress_test.cpp:65]   --->   Operation 57 'specmemcore' 'specmemcore_ln65' <Predicate = true> <Delay = 0.00>
ST_8 : Operation 58 [1/2] (0.00ns)   --->   "%call_ln72 = call void @lz4Compress<4096, 8>, i32 %boosterStream, i8 %lz4Out, i32 %max_lit_limit, i32 %input_size_c, i1 %lz4Out_eos, i32 %lz4OutSize, i32 %core_idx_c" [../data_compression/L1/tests/lz4_compress/lz4_compress_test.cpp:72]   --->   Operation 58 'call' 'call_ln72' <Predicate = true> <Delay = 0.00> <CoreType = "Generic">   --->   Generic Core
ST_8 : Operation 59 [1/1] (0.00ns)   --->   "%ret_ln74 = ret" [../data_compression/L1/tests/lz4_compress/lz4_compress_test.cpp:74]   --->   Operation 59 'ret' 'ret_ln74' <Predicate = true> <Delay = 0.00>


============================================================
+ Verbose Summary: Timing violations
============================================================
Target clock period: 7.000ns, clock uncertainty: 0.700ns.

 <State 1>: 3.150ns
The critical path consists of the following:
	wire read operation ('input_size_read', ../data_compression/L1/tests/lz4_compress/lz4_compress_test.cpp:67) on port 'input_size' (../data_compression/L1/tests/lz4_compress/lz4_compress_test.cpp:67) [15]  (0.000 ns)
	'call' operation 0 bit ('call_ln68', ../data_compression/L1/tests/lz4_compress/lz4_compress_test.cpp:68) to 'lzCompress<6, 4, 65536, 6, 1, 1024, 64>' [56]  (3.150 ns)

 <State 2>: 0.000ns
The critical path consists of the following:

 <State 3>: 0.000ns
The critical path consists of the following:

 <State 4>: 0.000ns
The critical path consists of the following:

 <State 5>: 0.000ns
The critical path consists of the following:

 <State 6>: 3.150ns
The critical path consists of the following:
	wire read operation ('core_idx_read', ../data_compression/L1/tests/lz4_compress/lz4_compress_test.cpp:67) on port 'core_idx' (../data_compression/L1/tests/lz4_compress/lz4_compress_test.cpp:67) [14]  (0.000 ns)
	'call' operation 0 bit ('call_ln67', ../data_compression/L1/tests/lz4_compress/lz4_compress_test.cpp:67) to 'entry_proc' [55]  (3.150 ns)

 <State 7>: 0.000ns
The critical path consists of the following:

 <State 8>: 0.000ns
The critical path consists of the following:


============================================================
+ Verbose Summary: Binding
============================================================
N/A
* FSMD analyzer results:
  - Output states:
 - Input state : 
  - Chain level:
	State 1
	State 2
	State 3
	State 4
	State 5
	State 6
	State 7
	State 8


============================================================
+ Verbose Summary: Datapath Resource usage 
============================================================
N/A
