

================================================================
== Vitis HLS Report for 'lzBestMatchFilter_6_65536_s'
================================================================
* Date:           Fri Oct 31 14:48:59 2025

* Version:        2024.2 (Build 5238294 on Nov  8 2024)
* Project:        lz4CompressEngineRun
* Solution:       hls (Vivado IP Flow Target)
* Product family: zynq
* Target device:  xc7z020-clg484-1


================================================================
== Performance Estimates
================================================================
+ Timing: 
    * Summary: 
    +--------+---------+----------+------------+
    |  Clock |  Target | Estimated| Uncertainty|
    +--------+---------+----------+------------+
    |ap_clk  |  7.00 ns|  6.300 ns|     0.70 ns|
    +--------+---------+----------+------------+

+ Latency: 
    * Summary: 
    +---------+---------+----------+----------+-----+-----+---------+
    |  Latency (cycles) |  Latency (absolute) |  Interval | Pipeline|
    |   min   |   max   |    min   |    max   | min | max |   Type  |
    +---------+---------+----------+----------+-----+-----+---------+
    |        ?|        ?|         ?|         ?|    ?|    ?|       no|
    +---------+---------+----------+----------+-----+-----+---------+

    + Detail: 
        * Instance: 
        N/A

        * Loop: 
        +--------------------------------+---------+---------+----------+-----------+-----------+------+----------+
        |                                |  Latency (cycles) | Iteration|  Initiation Interval  | Trip |          |
        |            Loop Name           |   min   |   max   |  Latency |  achieved |   target  | Count| Pipelined|
        +--------------------------------+---------+---------+----------+-----------+-----------+------+----------+
        |- lz_bestMatchFilter_left_over  |        6|        6|         1|          -|          -|     6|        no|
        +--------------------------------+---------+---------+----------+-----------+-----------+------+----------+

============================================================
+ Verbose Summary: Synthesis Manager
============================================================
InlineROM: 1
ExposeGlobal: 0
============================================================
+ Verbose Summary: CDFG Model
============================================================
IsTopModel: 0
ResetActiveHigh: 1
IsCombinational: 2
IsDatapathOnly: 0
HasWiredReturn: 1
HasMFsm: 0
HasVarLatency: 1
IsPipeline: 0
IsRtlPipelined: 0
IsInstanceOverlapped: 0
IsDontTouch: 0
HasImplIP: 0
IsGatedGlobalClock: 0


============================================================
+ Verbose Summary: Schedule
============================================================
* Number of FSM states : 11
* Pipeline : 0
* Dataflow Pipeline: 0

* FSM state transitions: 
1 --> 2 11 
2 --> 3 
3 --> 4 
4 --> 5 
5 --> 6 
6 --> 7 
7 --> 8 
8 --> 9 
9 --> 10 
10 --> 11 
11 --> 11 

* FSM state operations: 

State 1 <SV = 0> <Delay = 6.30>
ST_1 : Operation 12 [1/1] (0.00ns)   --->   "%compare_window_17_loc = alloca i64 1"   --->   Operation 12 'alloca' 'compare_window_17_loc' <Predicate = true> <Delay = 0.00>
ST_1 : Operation 13 [1/1] (0.00ns)   --->   "%compare_window_16_loc = alloca i64 1"   --->   Operation 13 'alloca' 'compare_window_16_loc' <Predicate = true> <Delay = 0.00>
ST_1 : Operation 14 [1/1] (0.00ns)   --->   "%compare_window_15_loc = alloca i64 1"   --->   Operation 14 'alloca' 'compare_window_15_loc' <Predicate = true> <Delay = 0.00>
ST_1 : Operation 15 [1/1] (0.00ns)   --->   "%compare_window_14_loc = alloca i64 1"   --->   Operation 15 'alloca' 'compare_window_14_loc' <Predicate = true> <Delay = 0.00>
ST_1 : Operation 16 [1/1] (0.00ns)   --->   "%compare_window_13_loc = alloca i64 1"   --->   Operation 16 'alloca' 'compare_window_13_loc' <Predicate = true> <Delay = 0.00>
ST_1 : Operation 17 [1/1] (0.00ns)   --->   "%compare_window_12_loc = alloca i64 1"   --->   Operation 17 'alloca' 'compare_window_12_loc' <Predicate = true> <Delay = 0.00>
ST_1 : Operation 18 [1/1] (0.00ns)   --->   "%specinterface_ln0 = specinterface void @_ssdm_op_SpecInterface, i32 %input_size, void @ap_fifo_str, i32 0, i32 0, void @p_str, i32 0, i32 0, void @p_str, void @p_str, void @p_str, i32 2, i32 2, i32 16, i32 16, void @p_str, void @ScalarProp_str, i32 4294967295, i32 0, i32 0"   --->   Operation 18 'specinterface' 'specinterface_ln0' <Predicate = true> <Delay = 0.00>
ST_1 : Operation 19 [1/1] ( I:3.15ns O:3.15ns )   --->   "%input_size_2 = read i32 @_ssdm_op_Read.ap_fifo.i32P0A, i32 %input_size"   --->   Operation 19 'read' 'input_size_2' <Predicate = true> <Delay = 3.15> <CoreInst = "FIFO_SRL">   --->   Core 80 'FIFO_SRL' <Latency = 0> <II = 1> <Delay = 3.63> <Storage> <Opcode : 'read' 'write' 'nbread' 'nbwrite'> <Ports = 0> <Width = 32> <Depth = 2> <FIFO>
ST_1 : Operation 20 [1/1] (0.00ns)   --->   "%specinterface_ln0 = specinterface void @_ssdm_op_SpecInterface, i32 %input_size_c1, void @ap_fifo_str, i32 0, i32 0, void @p_str, i32 0, i32 0, void @p_str, void @p_str, void @p_str, i32 2, i32 2, i32 16, i32 16, void @p_str, void @ScalarProp_str, i32 4294967295, i32 0, i32 0"   --->   Operation 20 'specinterface' 'specinterface_ln0' <Predicate = true> <Delay = 0.00>
ST_1 : Operation 21 [1/1] ( I:3.15ns O:3.15ns )   --->   "%write_ln0 = write void @_ssdm_op_Write.ap_fifo.i32P0A, i32 %input_size_c1, i32 %input_size_2"   --->   Operation 21 'write' 'write_ln0' <Predicate = true> <Delay = 3.15> <CoreInst = "FIFO_SRL">   --->   Core 80 'FIFO_SRL' <Latency = 0> <II = 1> <Delay = 3.63> <Storage> <Opcode : 'read' 'write' 'nbread' 'nbwrite'> <Ports = 0> <Width = 32> <Depth = 2> <FIFO>
ST_1 : Operation 22 [1/1] (0.00ns)   --->   "%specmemcore_ln0 = specmemcore void @_ssdm_op_SpecMemCore, i32 %compressdStream, i64 666, i64 10, i64 18446744073709551615"   --->   Operation 22 'specmemcore' 'specmemcore_ln0' <Predicate = true> <Delay = 0.00>
ST_1 : Operation 23 [1/1] (0.00ns)   --->   "%specinterface_ln0 = specinterface void @_ssdm_op_SpecInterface, i32 %bestMatchStream, void @empty_3, i32 0, i32 0, void @empty_4, i32 0, i32 0, void @empty_4, void @empty_4, void @empty_4, i32 0, i32 0, i32 0, i32 0, void @empty_4, void @empty_4, i32 4294967295, i32 0, i32 0"   --->   Operation 23 'specinterface' 'specinterface_ln0' <Predicate = true> <Delay = 0.00>
ST_1 : Operation 24 [1/1] (0.00ns)   --->   "%specinterface_ln0 = specinterface void @_ssdm_op_SpecInterface, i32 %compressdStream, void @empty_3, i32 0, i32 0, void @empty_4, i32 0, i32 0, void @empty_4, void @empty_4, void @empty_4, i32 0, i32 0, i32 0, i32 0, void @empty_4, void @empty_4, i32 4294967295, i32 0, i32 0"   --->   Operation 24 'specinterface' 'specinterface_ln0' <Predicate = true> <Delay = 0.00>
ST_1 : Operation 25 [1/1] (2.55ns)   --->   "%icmp_ln327 = icmp_eq  i32 %input_size_2, i32 0" [D:/Xillinx_Project/PROJECT/data_compression/L1/tests/lz4_compress/../../../L1/include/hw/lz_optional.hpp:327]   --->   Operation 25 'icmp' 'icmp_ln327' <Predicate = true> <Delay = 2.55> <CoreInst = "Cmp">   --->   Core 9 'Cmp' <Latency = 0> <II = 1> <Delay = 2.55> <FuncUnit> <Opcode : 'seteq' 'setne' 'setle' 'setge' 'setlt' 'setgt'> <InPorts = 2> <OutPorts = 1>
ST_1 : Operation 26 [1/1] (0.00ns)   --->   "%br_ln327 = br i1 %icmp_ln327, void %if.end, void %cleanup.cont" [D:/Xillinx_Project/PROJECT/data_compression/L1/tests/lz4_compress/../../../L1/include/hw/lz_optional.hpp:327]   --->   Operation 26 'br' 'br_ln327' <Predicate = true> <Delay = 0.00>

State 2 <SV = 1> <Delay = 3.15>
ST_2 : Operation 27 [1/1] (0.00ns)   --->   "%i_8 = alloca i32 1" [D:/Xillinx_Project/PROJECT/data_compression/L1/tests/lz4_compress/../../../L1/include/hw/lz_optional.hpp:388]   --->   Operation 27 'alloca' 'i_8' <Predicate = true> <Delay = 0.00>
ST_2 : Operation 28 [1/1] ( I:3.15ns O:3.15ns )   --->   "%compare_window = read i32 @_ssdm_op_Read.ap_fifo.volatile.i32P0A, i32 %compressdStream" [D:/Xillinx_Project/PROJECT/data_compression/L1/tests/lz4_compress/../../../L1/include/hw/lz_optional.hpp:335]   --->   Operation 28 'read' 'compare_window' <Predicate = true> <Delay = 3.15> <CoreInst = "FIFO_SRL">   --->   Core 80 'FIFO_SRL' <Latency = 0> <II = 1> <Delay = 3.54> <Storage> <Opcode : 'read' 'write' 'nbread' 'nbwrite'> <Ports = 0> <Width = 32> <Depth = 8> <FIFO>
ST_2 : Operation 29 [1/1] (1.58ns)   --->   "%store_ln388 = store i3 0, i3 %i_8" [D:/Xillinx_Project/PROJECT/data_compression/L1/tests/lz4_compress/../../../L1/include/hw/lz_optional.hpp:388]   --->   Operation 29 'store' 'store_ln388' <Predicate = true> <Delay = 1.58>

State 3 <SV = 2> <Delay = 3.15>
ST_3 : Operation 30 [1/1] ( I:3.15ns O:3.15ns )   --->   "%compare_window_16 = read i32 @_ssdm_op_Read.ap_fifo.volatile.i32P0A, i32 %compressdStream" [D:/Xillinx_Project/PROJECT/data_compression/L1/tests/lz4_compress/../../../L1/include/hw/lz_optional.hpp:335]   --->   Operation 30 'read' 'compare_window_16' <Predicate = true> <Delay = 3.15> <CoreInst = "FIFO_SRL">   --->   Core 80 'FIFO_SRL' <Latency = 0> <II = 1> <Delay = 3.54> <Storage> <Opcode : 'read' 'write' 'nbread' 'nbwrite'> <Ports = 0> <Width = 32> <Depth = 8> <FIFO>

State 4 <SV = 3> <Delay = 3.15>
ST_4 : Operation 31 [1/1] ( I:3.15ns O:3.15ns )   --->   "%compare_window_17 = read i32 @_ssdm_op_Read.ap_fifo.volatile.i32P0A, i32 %compressdStream" [D:/Xillinx_Project/PROJECT/data_compression/L1/tests/lz4_compress/../../../L1/include/hw/lz_optional.hpp:335]   --->   Operation 31 'read' 'compare_window_17' <Predicate = true> <Delay = 3.15> <CoreInst = "FIFO_SRL">   --->   Core 80 'FIFO_SRL' <Latency = 0> <II = 1> <Delay = 3.54> <Storage> <Opcode : 'read' 'write' 'nbread' 'nbwrite'> <Ports = 0> <Width = 32> <Depth = 8> <FIFO>

State 5 <SV = 4> <Delay = 3.15>
ST_5 : Operation 32 [1/1] ( I:3.15ns O:3.15ns )   --->   "%compare_window_18 = read i32 @_ssdm_op_Read.ap_fifo.volatile.i32P0A, i32 %compressdStream" [D:/Xillinx_Project/PROJECT/data_compression/L1/tests/lz4_compress/../../../L1/include/hw/lz_optional.hpp:335]   --->   Operation 32 'read' 'compare_window_18' <Predicate = true> <Delay = 3.15> <CoreInst = "FIFO_SRL">   --->   Core 80 'FIFO_SRL' <Latency = 0> <II = 1> <Delay = 3.54> <Storage> <Opcode : 'read' 'write' 'nbread' 'nbwrite'> <Ports = 0> <Width = 32> <Depth = 8> <FIFO>

State 6 <SV = 5> <Delay = 3.15>
ST_6 : Operation 33 [1/1] ( I:3.15ns O:3.15ns )   --->   "%compare_window_19 = read i32 @_ssdm_op_Read.ap_fifo.volatile.i32P0A, i32 %compressdStream" [D:/Xillinx_Project/PROJECT/data_compression/L1/tests/lz4_compress/../../../L1/include/hw/lz_optional.hpp:335]   --->   Operation 33 'read' 'compare_window_19' <Predicate = true> <Delay = 3.15> <CoreInst = "FIFO_SRL">   --->   Core 80 'FIFO_SRL' <Latency = 0> <II = 1> <Delay = 3.54> <Storage> <Opcode : 'read' 'write' 'nbread' 'nbwrite'> <Ports = 0> <Width = 32> <Depth = 8> <FIFO>

State 7 <SV = 6> <Delay = 3.15>
ST_7 : Operation 34 [1/1] ( I:3.15ns O:3.15ns )   --->   "%compare_window_20 = read i32 @_ssdm_op_Read.ap_fifo.volatile.i32P0A, i32 %compressdStream" [D:/Xillinx_Project/PROJECT/data_compression/L1/tests/lz4_compress/../../../L1/include/hw/lz_optional.hpp:335]   --->   Operation 34 'read' 'compare_window_20' <Predicate = true> <Delay = 3.15> <CoreInst = "FIFO_SRL">   --->   Core 80 'FIFO_SRL' <Latency = 0> <II = 1> <Delay = 3.54> <Storage> <Opcode : 'read' 'write' 'nbread' 'nbwrite'> <Ports = 0> <Width = 32> <Depth = 8> <FIFO>

State 8 <SV = 7> <Delay = 1.58>
ST_8 : Operation 35 [1/1] (0.00ns)   --->   "%fence_ln339 = fence void @_ssdm_op_Fence, i32 %input_size, i32 %input_size_c1, i32 %compressdStream, i32 4294967295, i32 %compressdStream, i32 %bestMatchStream" [D:/Xillinx_Project/PROJECT/data_compression/L1/tests/lz4_compress/../../../L1/include/hw/lz_optional.hpp:339]   --->   Operation 35 'fence' 'fence_ln339' <Predicate = true> <Delay = 0.00>
ST_8 : Operation 36 [2/2] (1.58ns)   --->   "%call_ln335 = call void @lzBestMatchFilter<6, 65536>_Pipeline_lz_bestMatchFilter, i32 %compare_window_20, i32 %compare_window_19, i32 %compare_window_18, i32 %compare_window_17, i32 %compare_window_16, i32 %compare_window, i32 %input_size_2, i32 %compressdStream, i32 %bestMatchStream, i32 %compare_window_12_loc, i32 %compare_window_13_loc, i32 %compare_window_14_loc, i32 %compare_window_15_loc, i32 %compare_window_16_loc, i32 %compare_window_17_loc" [D:/Xillinx_Project/PROJECT/data_compression/L1/tests/lz4_compress/../../../L1/include/hw/lz_optional.hpp:335]   --->   Operation 36 'call' 'call_ln335' <Predicate = true> <Delay = 1.58> <CoreType = "Generic">   --->   Generic Core

State 9 <SV = 8> <Delay = 4.14>
ST_9 : Operation 37 [1/2] (4.14ns)   --->   "%call_ln335 = call void @lzBestMatchFilter<6, 65536>_Pipeline_lz_bestMatchFilter, i32 %compare_window_20, i32 %compare_window_19, i32 %compare_window_18, i32 %compare_window_17, i32 %compare_window_16, i32 %compare_window, i32 %input_size_2, i32 %compressdStream, i32 %bestMatchStream, i32 %compare_window_12_loc, i32 %compare_window_13_loc, i32 %compare_window_14_loc, i32 %compare_window_15_loc, i32 %compare_window_16_loc, i32 %compare_window_17_loc" [D:/Xillinx_Project/PROJECT/data_compression/L1/tests/lz4_compress/../../../L1/include/hw/lz_optional.hpp:335]   --->   Operation 37 'call' 'call_ln335' <Predicate = true> <Delay = 4.14> <CoreType = "Generic">   --->   Generic Core

State 10 <SV = 9> <Delay = 0.00>
ST_10 : Operation 38 [1/1] (0.00ns)   --->   "%fence_ln388 = fence void @_ssdm_op_Fence, i32 %compressdStream, i32 %bestMatchStream, i32 4294967295, i32 %bestMatchStream" [D:/Xillinx_Project/PROJECT/data_compression/L1/tests/lz4_compress/../../../L1/include/hw/lz_optional.hpp:388]   --->   Operation 38 'fence' 'fence_ln388' <Predicate = true> <Delay = 0.00>
ST_10 : Operation 39 [1/1] (0.00ns)   --->   "%compare_window_12_loc_load = load i32 %compare_window_12_loc"   --->   Operation 39 'load' 'compare_window_12_loc_load' <Predicate = true> <Delay = 0.00>
ST_10 : Operation 40 [1/1] (0.00ns)   --->   "%compare_window_13_loc_load = load i32 %compare_window_13_loc"   --->   Operation 40 'load' 'compare_window_13_loc_load' <Predicate = true> <Delay = 0.00>
ST_10 : Operation 41 [1/1] (0.00ns)   --->   "%compare_window_14_loc_load = load i32 %compare_window_14_loc"   --->   Operation 41 'load' 'compare_window_14_loc_load' <Predicate = true> <Delay = 0.00>
ST_10 : Operation 42 [1/1] (0.00ns)   --->   "%compare_window_15_loc_load = load i32 %compare_window_15_loc"   --->   Operation 42 'load' 'compare_window_15_loc_load' <Predicate = true> <Delay = 0.00>
ST_10 : Operation 43 [1/1] (0.00ns)   --->   "%compare_window_16_loc_load = load i32 %compare_window_16_loc"   --->   Operation 43 'load' 'compare_window_16_loc_load' <Predicate = true> <Delay = 0.00>
ST_10 : Operation 44 [1/1] (0.00ns)   --->   "%compare_window_17_loc_load = load i32 %compare_window_17_loc"   --->   Operation 44 'load' 'compare_window_17_loc_load' <Predicate = true> <Delay = 0.00>
ST_10 : Operation 45 [1/1] (0.00ns)   --->   "%br_ln388 = br void %for.inc76" [D:/Xillinx_Project/PROJECT/data_compression/L1/tests/lz4_compress/../../../L1/include/hw/lz_optional.hpp:388]   --->   Operation 45 'br' 'br_ln388' <Predicate = true> <Delay = 0.00>

State 11 <SV = 10> <Delay = 5.21>
ST_11 : Operation 46 [1/1] (0.00ns)   --->   "%i = load i3 %i_8" [D:/Xillinx_Project/PROJECT/data_compression/L1/tests/lz4_compress/../../../L1/include/hw/lz_optional.hpp:388]   --->   Operation 46 'load' 'i' <Predicate = (!icmp_ln327)> <Delay = 0.00>
ST_11 : Operation 47 [1/1] (1.65ns)   --->   "%icmp_ln388 = icmp_eq  i3 %i, i3 6" [D:/Xillinx_Project/PROJECT/data_compression/L1/tests/lz4_compress/../../../L1/include/hw/lz_optional.hpp:388]   --->   Operation 47 'icmp' 'icmp_ln388' <Predicate = (!icmp_ln327)> <Delay = 1.65> <CoreInst = "Cmp">   --->   Core 9 'Cmp' <Latency = 0> <II = 1> <Delay = 1.65> <FuncUnit> <Opcode : 'seteq' 'setne' 'setle' 'setge' 'setlt' 'setgt'> <InPorts = 2> <OutPorts = 1>
ST_11 : Operation 48 [1/1] (1.65ns)   --->   "%add_ln388 = add i3 %i, i3 1" [D:/Xillinx_Project/PROJECT/data_compression/L1/tests/lz4_compress/../../../L1/include/hw/lz_optional.hpp:388]   --->   Operation 48 'add' 'add_ln388' <Predicate = (!icmp_ln327)> <Delay = 1.65> <CoreInst = "Adder">   --->   Core 1 'Adder' <Latency = 0> <II = 1> <Delay = 1.65> <FuncUnit> <Opcode : 'add' 'sub'> <InPorts = 2> <OutPorts = 1>
ST_11 : Operation 49 [1/1] (0.00ns)   --->   "%br_ln388 = br i1 %icmp_ln388, void %for.inc76.split, void %cleanup.cont.loopexit" [D:/Xillinx_Project/PROJECT/data_compression/L1/tests/lz4_compress/../../../L1/include/hw/lz_optional.hpp:388]   --->   Operation 49 'br' 'br_ln388' <Predicate = (!icmp_ln327)> <Delay = 0.00>
ST_11 : Operation 50 [1/1] (0.00ns)   --->   "%specpipeline_ln389 = specpipeline void @_ssdm_op_SpecPipeline, i32 0, i32 0, i32 1, i32 0, void @empty_4" [D:/Xillinx_Project/PROJECT/data_compression/L1/tests/lz4_compress/../../../L1/include/hw/lz_optional.hpp:389]   --->   Operation 50 'specpipeline' 'specpipeline_ln389' <Predicate = (!icmp_ln327 & !icmp_ln388)> <Delay = 0.00>
ST_11 : Operation 51 [1/1] (0.00ns)   --->   "%speclooptripcount_ln388 = speclooptripcount void @_ssdm_op_SpecLoopTripCount, i64 6, i64 6, i64 6" [D:/Xillinx_Project/PROJECT/data_compression/L1/tests/lz4_compress/../../../L1/include/hw/lz_optional.hpp:388]   --->   Operation 51 'speclooptripcount' 'speclooptripcount_ln388' <Predicate = (!icmp_ln327 & !icmp_ln388)> <Delay = 0.00>
ST_11 : Operation 52 [1/1] (0.00ns)   --->   "%specloopname_ln388 = specloopname void @_ssdm_op_SpecLoopName, void @empty_10" [D:/Xillinx_Project/PROJECT/data_compression/L1/tests/lz4_compress/../../../L1/include/hw/lz_optional.hpp:388]   --->   Operation 52 'specloopname' 'specloopname_ln388' <Predicate = (!icmp_ln327 & !icmp_ln388)> <Delay = 0.00>
ST_11 : Operation 53 [1/1] (2.06ns)   --->   "%tmp_s = sparsemux i32 @_ssdm_op_SparseMux.ap_auto.6i32.i32.i3, i3 0, i32 %compare_window_17_loc_load, i3 1, i32 %compare_window_16_loc_load, i3 2, i32 %compare_window_15_loc_load, i3 3, i32 %compare_window_14_loc_load, i3 4, i32 %compare_window_13_loc_load, i3 5, i32 %compare_window_12_loc_load, i32 0, i3 %i" [D:/Xillinx_Project/PROJECT/data_compression/L1/tests/lz4_compress/../../../L1/include/hw/lz_optional.hpp:390]   --->   Operation 53 'sparsemux' 'tmp_s' <Predicate = (!icmp_ln327 & !icmp_ln388)> <Delay = 2.06> <CoreInst = "BinarySparseMux_DontCare">   --->   Core 137 'BinarySparseMux_DontCare' <Latency = 0> <II = 1> <Delay = 2.06> <FuncUnit> <Opcode : 'sparsemux'> <InPorts = 2> <OutPorts = 1>
ST_11 : Operation 54 [1/1] ( I:3.15ns O:3.15ns )   --->   "%write_ln390 = write void @_ssdm_op_Write.ap_fifo.volatile.i32P0A, i32 %bestMatchStream, i32 %tmp_s" [D:/Xillinx_Project/PROJECT/data_compression/L1/tests/lz4_compress/../../../L1/include/hw/lz_optional.hpp:390]   --->   Operation 54 'write' 'write_ln390' <Predicate = (!icmp_ln327 & !icmp_ln388)> <Delay = 3.15> <CoreInst = "FIFO_SRL">   --->   Core 80 'FIFO_SRL' <Latency = 0> <II = 1> <Delay = 3.54> <Storage> <Opcode : 'read' 'write' 'nbread' 'nbwrite'> <Ports = 0> <Width = 32> <Depth = 8> <FIFO>
ST_11 : Operation 55 [1/1] (1.58ns)   --->   "%store_ln388 = store i3 %add_ln388, i3 %i_8" [D:/Xillinx_Project/PROJECT/data_compression/L1/tests/lz4_compress/../../../L1/include/hw/lz_optional.hpp:388]   --->   Operation 55 'store' 'store_ln388' <Predicate = (!icmp_ln327 & !icmp_ln388)> <Delay = 1.58>
ST_11 : Operation 56 [1/1] (0.00ns)   --->   "%br_ln388 = br void %for.inc76" [D:/Xillinx_Project/PROJECT/data_compression/L1/tests/lz4_compress/../../../L1/include/hw/lz_optional.hpp:388]   --->   Operation 56 'br' 'br_ln388' <Predicate = (!icmp_ln327 & !icmp_ln388)> <Delay = 0.00>
ST_11 : Operation 57 [1/1] (0.00ns)   --->   "%br_ln0 = br void %cleanup.cont"   --->   Operation 57 'br' 'br_ln0' <Predicate = (!icmp_ln327 & icmp_ln388)> <Delay = 0.00>
ST_11 : Operation 58 [1/1] (0.00ns)   --->   "%ret_ln392 = ret" [D:/Xillinx_Project/PROJECT/data_compression/L1/tests/lz4_compress/../../../L1/include/hw/lz_optional.hpp:392]   --->   Operation 58 'ret' 'ret_ln392' <Predicate = (icmp_ln388) | (icmp_ln327)> <Delay = 0.00>


============================================================
+ Verbose Summary: Timing violations
============================================================
Target clock period: 7.000ns, clock uncertainty: 0.700ns.

 <State 1>: 6.300ns
The critical path consists of the following:
	fifo read operation ('input_size') on port 'input_size' [12]  (3.150 ns)
	fifo write operation ('write_ln0') on port 'input_size_c1' [14]  (3.150 ns)

 <State 2>: 3.150ns
The critical path consists of the following:
	fifo read operation ('compare_window', D:/Xillinx_Project/PROJECT/data_compression/L1/tests/lz4_compress/../../../L1/include/hw/lz_optional.hpp:335) on port 'compressdStream' (D:/Xillinx_Project/PROJECT/data_compression/L1/tests/lz4_compress/../../../L1/include/hw/lz_optional.hpp:335) [22]  (3.150 ns)

 <State 3>: 3.150ns
The critical path consists of the following:
	fifo read operation ('compare_window', D:/Xillinx_Project/PROJECT/data_compression/L1/tests/lz4_compress/../../../L1/include/hw/lz_optional.hpp:335) on port 'compressdStream' (D:/Xillinx_Project/PROJECT/data_compression/L1/tests/lz4_compress/../../../L1/include/hw/lz_optional.hpp:335) [23]  (3.150 ns)

 <State 4>: 3.150ns
The critical path consists of the following:
	fifo read operation ('compare_window', D:/Xillinx_Project/PROJECT/data_compression/L1/tests/lz4_compress/../../../L1/include/hw/lz_optional.hpp:335) on port 'compressdStream' (D:/Xillinx_Project/PROJECT/data_compression/L1/tests/lz4_compress/../../../L1/include/hw/lz_optional.hpp:335) [24]  (3.150 ns)

 <State 5>: 3.150ns
The critical path consists of the following:
	fifo read operation ('compare_window', D:/Xillinx_Project/PROJECT/data_compression/L1/tests/lz4_compress/../../../L1/include/hw/lz_optional.hpp:335) on port 'compressdStream' (D:/Xillinx_Project/PROJECT/data_compression/L1/tests/lz4_compress/../../../L1/include/hw/lz_optional.hpp:335) [25]  (3.150 ns)

 <State 6>: 3.150ns
The critical path consists of the following:
	fifo read operation ('compare_window', D:/Xillinx_Project/PROJECT/data_compression/L1/tests/lz4_compress/../../../L1/include/hw/lz_optional.hpp:335) on port 'compressdStream' (D:/Xillinx_Project/PROJECT/data_compression/L1/tests/lz4_compress/../../../L1/include/hw/lz_optional.hpp:335) [26]  (3.150 ns)

 <State 7>: 3.150ns
The critical path consists of the following:
	fifo read operation ('compare_window', D:/Xillinx_Project/PROJECT/data_compression/L1/tests/lz4_compress/../../../L1/include/hw/lz_optional.hpp:335) on port 'compressdStream' (D:/Xillinx_Project/PROJECT/data_compression/L1/tests/lz4_compress/../../../L1/include/hw/lz_optional.hpp:335) [27]  (3.150 ns)

 <State 8>: 1.588ns
The critical path consists of the following:
	'call' operation 0 bit ('call_ln335', D:/Xillinx_Project/PROJECT/data_compression/L1/tests/lz4_compress/../../../L1/include/hw/lz_optional.hpp:335) to 'lzBestMatchFilter<6, 65536>_Pipeline_lz_bestMatchFilter' [29]  (1.588 ns)

 <State 9>: 4.140ns
The critical path consists of the following:
	'call' operation 0 bit ('call_ln335', D:/Xillinx_Project/PROJECT/data_compression/L1/tests/lz4_compress/../../../L1/include/hw/lz_optional.hpp:335) to 'lzBestMatchFilter<6, 65536>_Pipeline_lz_bestMatchFilter' [29]  (4.140 ns)

 <State 10>: 0.000ns
The critical path consists of the following:

 <State 11>: 5.215ns
The critical path consists of the following:
	'load' operation 3 bit ('i', D:/Xillinx_Project/PROJECT/data_compression/L1/tests/lz4_compress/../../../L1/include/hw/lz_optional.hpp:388) on local variable 'i', D:/Xillinx_Project/PROJECT/data_compression/L1/tests/lz4_compress/../../../L1/include/hw/lz_optional.hpp:388 [40]  (0.000 ns)
	'sparsemux' operation 32 bit ('tmp_s', D:/Xillinx_Project/PROJECT/data_compression/L1/tests/lz4_compress/../../../L1/include/hw/lz_optional.hpp:390) [48]  (2.065 ns)
	fifo write operation ('write_ln390', D:/Xillinx_Project/PROJECT/data_compression/L1/tests/lz4_compress/../../../L1/include/hw/lz_optional.hpp:390) on port 'bestMatchStream' (D:/Xillinx_Project/PROJECT/data_compression/L1/tests/lz4_compress/../../../L1/include/hw/lz_optional.hpp:390) [49]  (3.150 ns)


============================================================
+ Verbose Summary: Binding
============================================================
N/A
* FSMD analyzer results:
  - Output states:
 - Input state : 
  - Chain level:
	State 1
	State 2
	State 3
	State 4
	State 5
	State 6
	State 7
	State 8
	State 9
	State 10
	State 11


============================================================
+ Verbose Summary: Datapath Resource usage 
============================================================
N/A
