

================================================================
== Vitis HLS Report for 'lzCompress_6_4_65536_6_1_1024_64_s'
================================================================
* Date:           Fri Oct 31 14:48:59 2025

* Version:        2024.2 (Build 5238294 on Nov  8 2024)
* Project:        lz4CompressEngineRun
* Solution:       hls (Vivado IP Flow Target)
* Product family: zynq
* Target device:  xc7z020-clg484-1


================================================================
== Performance Estimates
================================================================
+ Timing: 
    * Summary: 
    +--------+---------+----------+------------+
    |  Clock |  Target | Estimated| Uncertainty|
    +--------+---------+----------+------------+
    |ap_clk  |  7.00 ns|  6.300 ns|     0.70 ns|
    +--------+---------+----------+------------+

+ Latency: 
    * Summary: 
    +---------+---------+----------+----------+-----+-----+---------+
    |  Latency (cycles) |  Latency (absolute) |  Interval | Pipeline|
    |   min   |   max   |    min   |    max   | min | max |   Type  |
    +---------+---------+----------+----------+-----+-----+---------+
    |        ?|        ?|         ?|         ?|    ?|    ?|       no|
    +---------+---------+----------+----------+-----+-----+---------+

    + Detail: 
        * Instance: 
        N/A

        * Loop: 
        N/A

============================================================
+ Verbose Summary: Synthesis Manager
============================================================
InlineROM: 1
ExposeGlobal: 0
============================================================
+ Verbose Summary: CDFG Model
============================================================
IsTopModel: 0
ResetActiveHigh: 1
IsCombinational: 2
IsDatapathOnly: 0
HasWiredReturn: 1
HasMFsm: 0
HasVarLatency: 1
IsPipeline: 0
IsRtlPipelined: 0
IsInstanceOverlapped: 0
IsDontTouch: 0
HasImplIP: 0
IsGatedGlobalClock: 0


============================================================
+ Verbose Summary: Schedule
============================================================
* Number of FSM states : 9
* Pipeline : 0
* Dataflow Pipeline: 0

* FSM state transitions: 
1 --> 2 9 
2 --> 3 
3 --> 4 
4 --> 5 
5 --> 6 
6 --> 7 
7 --> 8 
8 --> 9 
9 --> 

* FSM state operations: 

State 1 <SV = 0> <Delay = 3.15>
ST_1 : Operation 10 [1/1] (0.00ns)   --->   "%input_size_read = read i32 @_ssdm_op_Read.ap_auto.i32, i32 %input_size"   --->   Operation 10 'read' 'input_size_read' <Predicate = true> <Delay = 0.00>
ST_1 : Operation 11 [1/1] (0.00ns)   --->   "%present_window_11_loc = alloca i64 1"   --->   Operation 11 'alloca' 'present_window_11_loc' <Predicate = true> <Delay = 0.00>
ST_1 : Operation 12 [1/1] (0.00ns)   --->   "%present_window_12_loc = alloca i64 1"   --->   Operation 12 'alloca' 'present_window_12_loc' <Predicate = true> <Delay = 0.00>
ST_1 : Operation 13 [1/1] (0.00ns)   --->   "%present_window_13_loc = alloca i64 1"   --->   Operation 13 'alloca' 'present_window_13_loc' <Predicate = true> <Delay = 0.00>
ST_1 : Operation 14 [1/1] (0.00ns)   --->   "%present_window_14_loc = alloca i64 1"   --->   Operation 14 'alloca' 'present_window_14_loc' <Predicate = true> <Delay = 0.00>
ST_1 : Operation 15 [1/1] (0.00ns)   --->   "%present_window_15_loc = alloca i64 1"   --->   Operation 15 'alloca' 'present_window_15_loc' <Predicate = true> <Delay = 0.00>
ST_1 : Operation 16 [1/1] (0.00ns)   --->   "%arrayidx54_promoted179_loc = alloca i64 1"   --->   Operation 16 'alloca' 'arrayidx54_promoted179_loc' <Predicate = true> <Delay = 0.00>
ST_1 : Operation 17 [1/1] (0.00ns)   --->   "%arrayidx61_promoted181_loc = alloca i64 1"   --->   Operation 17 'alloca' 'arrayidx61_promoted181_loc' <Predicate = true> <Delay = 0.00>
ST_1 : Operation 18 [1/1] (0.00ns)   --->   "%arrayidx71_promoted183_loc = alloca i64 1"   --->   Operation 18 'alloca' 'arrayidx71_promoted183_loc' <Predicate = true> <Delay = 0.00>
ST_1 : Operation 19 [1/1] (0.00ns)   --->   "%arrayidx42_3_promoted185_loc = alloca i64 1"   --->   Operation 19 'alloca' 'arrayidx42_3_promoted185_loc' <Predicate = true> <Delay = 0.00>
ST_1 : Operation 20 [1/1] (0.00ns)   --->   "%arrayidx48_promoted187_loc = alloca i64 1"   --->   Operation 20 'alloca' 'arrayidx48_promoted187_loc' <Predicate = true> <Delay = 0.00>
ST_1 : Operation 21 [1/1] (0.00ns)   --->   "%present_window_loc = alloca i64 1"   --->   Operation 21 'alloca' 'present_window_loc' <Predicate = true> <Delay = 0.00>
ST_1 : Operation 22 [1/1] (0.00ns)   --->   "%present_window_1_loc = alloca i64 1"   --->   Operation 22 'alloca' 'present_window_1_loc' <Predicate = true> <Delay = 0.00>
ST_1 : Operation 23 [1/1] (0.00ns)   --->   "%present_window_2_loc = alloca i64 1"   --->   Operation 23 'alloca' 'present_window_2_loc' <Predicate = true> <Delay = 0.00>
ST_1 : Operation 24 [1/1] (0.00ns)   --->   "%present_window_3_loc = alloca i64 1"   --->   Operation 24 'alloca' 'present_window_3_loc' <Predicate = true> <Delay = 0.00>
ST_1 : Operation 25 [1/1] (0.00ns)   --->   "%present_window_4_loc = alloca i64 1"   --->   Operation 25 'alloca' 'present_window_4_loc' <Predicate = true> <Delay = 0.00>
ST_1 : Operation 26 [1/1] (0.00ns)   --->   "%specinterface_ln0 = specinterface void @_ssdm_op_SpecInterface, i32 %input_size_c2, void @ap_fifo_str, i32 0, i32 0, void @p_str, i32 0, i32 0, void @p_str, void @p_str, void @p_str, i32 2, i32 2, i32 16, i32 16, void @p_str, void @ScalarProp_str, i32 4294967295, i32 0, i32 0"   --->   Operation 26 'specinterface' 'specinterface_ln0' <Predicate = true> <Delay = 0.00>
ST_1 : Operation 27 [1/1] ( I:3.15ns O:3.15ns )   --->   "%write_ln0 = write void @_ssdm_op_Write.ap_fifo.i32P0A, i32 %input_size_c2, i32 %input_size_read"   --->   Operation 27 'write' 'write_ln0' <Predicate = true> <Delay = 3.15> <CoreInst = "FIFO_SRL">   --->   Core 80 'FIFO_SRL' <Latency = 0> <II = 1> <Delay = 3.63> <Storage> <Opcode : 'read' 'write' 'nbread' 'nbwrite'> <Ports = 0> <Width = 32> <Depth = 2> <FIFO>
ST_1 : Operation 28 [1/1] (0.00ns)   --->   "%specmemcore_ln0 = specmemcore void @_ssdm_op_SpecMemCore, i32 %compressdStream, i64 666, i64 10, i64 18446744073709551615"   --->   Operation 28 'specmemcore' 'specmemcore_ln0' <Predicate = true> <Delay = 0.00>
ST_1 : Operation 29 [1/1] (0.00ns)   --->   "%specinterface_ln0 = specinterface void @_ssdm_op_SpecInterface, i32 %compressdStream, void @empty_3, i32 0, i32 0, void @empty_4, i32 0, i32 0, void @empty_4, void @empty_4, void @empty_4, i32 0, i32 0, i32 0, i32 0, void @empty_4, void @empty_4, i32 4294967295, i32 0, i32 0"   --->   Operation 29 'specinterface' 'specinterface_ln0' <Predicate = true> <Delay = 0.00>
ST_1 : Operation 30 [1/1] (0.00ns)   --->   "%specinterface_ln0 = specinterface void @_ssdm_op_SpecInterface, i8 %inStream, void @empty_3, i32 0, i32 0, void @empty_4, i32 0, i32 0, void @empty_4, void @empty_4, void @empty_4, i32 0, i32 0, i32 0, i32 0, void @empty_4, void @empty_4, i32 4294967295, i32 0, i32 0"   --->   Operation 30 'specinterface' 'specinterface_ln0' <Predicate = true> <Delay = 0.00>
ST_1 : Operation 31 [1/1] (0.00ns)   --->   "%dict = alloca i64 1" [D:/Xillinx_Project/PROJECT/data_compression/L1/tests/lz4_compress/../../../L1/include/hw/lz_compress.hpp:66]   --->   Operation 31 'alloca' 'dict' <Predicate = true> <Delay = 0.00> <CoreInst = "RAM_2P_BRAM">   --->   Core 90 'RAM_2P_BRAM' <Latency = 1> <II = 1> <Delay = 3.25> <Storage> <Opcode : 'load' 'store'> <Ports = 2> <Width = 408> <Depth = 256> <RAM>
ST_1 : Operation 32 [1/1] (0.00ns)   --->   "%dict_1 = alloca i64 1" [D:/Xillinx_Project/PROJECT/data_compression/L1/tests/lz4_compress/../../../L1/include/hw/lz_compress.hpp:66]   --->   Operation 32 'alloca' 'dict_1' <Predicate = true> <Delay = 0.00> <CoreInst = "RAM_2P_BRAM">   --->   Core 90 'RAM_2P_BRAM' <Latency = 1> <II = 1> <Delay = 3.25> <Storage> <Opcode : 'load' 'store'> <Ports = 2> <Width = 408> <Depth = 256> <RAM>
ST_1 : Operation 33 [1/1] (0.00ns)   --->   "%dict_2 = alloca i64 1" [D:/Xillinx_Project/PROJECT/data_compression/L1/tests/lz4_compress/../../../L1/include/hw/lz_compress.hpp:66]   --->   Operation 33 'alloca' 'dict_2' <Predicate = true> <Delay = 0.00> <CoreInst = "RAM_2P_BRAM">   --->   Core 90 'RAM_2P_BRAM' <Latency = 1> <II = 1> <Delay = 3.25> <Storage> <Opcode : 'load' 'store'> <Ports = 2> <Width = 408> <Depth = 256> <RAM>
ST_1 : Operation 34 [1/1] (0.00ns)   --->   "%dict_3 = alloca i64 1" [D:/Xillinx_Project/PROJECT/data_compression/L1/tests/lz4_compress/../../../L1/include/hw/lz_compress.hpp:66]   --->   Operation 34 'alloca' 'dict_3' <Predicate = true> <Delay = 0.00> <CoreInst = "RAM_2P_BRAM">   --->   Core 90 'RAM_2P_BRAM' <Latency = 1> <II = 1> <Delay = 3.25> <Storage> <Opcode : 'load' 'store'> <Ports = 2> <Width = 408> <Depth = 256> <RAM>
ST_1 : Operation 35 [1/1] (2.55ns)   --->   "%icmp_ln64 = icmp_eq  i32 %input_size_read, i32 0" [D:/Xillinx_Project/PROJECT/data_compression/L1/tests/lz4_compress/../../../L1/include/hw/lz_compress.hpp:64]   --->   Operation 35 'icmp' 'icmp_ln64' <Predicate = true> <Delay = 2.55> <CoreInst = "Cmp">   --->   Core 9 'Cmp' <Latency = 0> <II = 1> <Delay = 2.55> <FuncUnit> <Opcode : 'seteq' 'setne' 'setle' 'setge' 'setlt' 'setgt'> <InPorts = 2> <OutPorts = 1>
ST_1 : Operation 36 [1/1] (0.00ns)   --->   "%br_ln64 = br i1 %icmp_ln64, void %if.end, void %cleanup.cont" [D:/Xillinx_Project/PROJECT/data_compression/L1/tests/lz4_compress/../../../L1/include/hw/lz_compress.hpp:64]   --->   Operation 36 'br' 'br_ln64' <Predicate = true> <Delay = 0.00>

State 2 <SV = 1> <Delay = 0.00>
ST_2 : Operation 37 [1/1] (0.00ns)   --->   "%fence_ln75 = fence void @_ssdm_op_Fence, i32 %input_size_c2, i32 4294967295, i8 %inStream, i32 %compressdStream" [D:/Xillinx_Project/PROJECT/data_compression/L1/tests/lz4_compress/../../../L1/include/hw/lz_compress.hpp:75]   --->   Operation 37 'fence' 'fence_ln75' <Predicate = true> <Delay = 0.00>
ST_2 : Operation 38 [2/2] (0.00ns)   --->   "%call_ln0 = call void @lzCompress<6, 4, 65536, 6, 1, 1024, 64>_Pipeline_dict_flush, i408 %dict_3, i408 %dict_2, i408 %dict_1, i408 %dict"   --->   Operation 38 'call' 'call_ln0' <Predicate = true> <Delay = 0.00> <CoreType = "Generic">   --->   Generic Core
ST_2 : Operation 39 [1/1] (0.00ns)   --->   "%fence_ln84 = fence void @_ssdm_op_Fence, i32 %input_size_c2, i32 4294967295, i8 %inStream" [D:/Xillinx_Project/PROJECT/data_compression/L1/tests/lz4_compress/../../../L1/include/hw/lz_compress.hpp:84]   --->   Operation 39 'fence' 'fence_ln84' <Predicate = true> <Delay = 0.00>
ST_2 : Operation 40 [2/2] (0.00ns)   --->   "%call_ln0 = call void @lzCompress<6, 4, 65536, 6, 1, 1024, 64>_Outline_VITIS_LOOP_84_2, i8 %inStream, i8 %present_window_4_loc, i8 %present_window_3_loc, i8 %present_window_2_loc, i8 %present_window_1_loc, i8 %present_window_loc, i8 %arrayidx48_promoted187_loc, i8 %arrayidx42_3_promoted185_loc, i8 %arrayidx71_promoted183_loc, i8 %arrayidx61_promoted181_loc, i8 %arrayidx54_promoted179_loc"   --->   Operation 40 'call' 'call_ln0' <Predicate = true> <Delay = 0.00> <CoreType = "Generic">   --->   Generic Core

State 3 <SV = 2> <Delay = 3.17>
ST_3 : Operation 41 [1/2] (3.17ns)   --->   "%call_ln0 = call void @lzCompress<6, 4, 65536, 6, 1, 1024, 64>_Pipeline_dict_flush, i408 %dict_3, i408 %dict_2, i408 %dict_1, i408 %dict"   --->   Operation 41 'call' 'call_ln0' <Predicate = true> <Delay = 3.17> <CoreType = "Generic">   --->   Generic Core
ST_3 : Operation 42 [1/2] (1.65ns)   --->   "%call_ln0 = call void @lzCompress<6, 4, 65536, 6, 1, 1024, 64>_Outline_VITIS_LOOP_84_2, i8 %inStream, i8 %present_window_4_loc, i8 %present_window_3_loc, i8 %present_window_2_loc, i8 %present_window_1_loc, i8 %present_window_loc, i8 %arrayidx48_promoted187_loc, i8 %arrayidx42_3_promoted185_loc, i8 %arrayidx71_promoted183_loc, i8 %arrayidx61_promoted181_loc, i8 %arrayidx54_promoted179_loc"   --->   Operation 42 'call' 'call_ln0' <Predicate = true> <Delay = 1.65> <CoreType = "Generic">   --->   Generic Core

State 4 <SV = 3> <Delay = 5.10>
ST_4 : Operation 43 [1/1] (0.00ns)   --->   "%fence_ln0 = fence void @_ssdm_op_Fence, i8 %inStream, i32 4294967295, i8 %inStream, i32 %compressdStream"   --->   Operation 43 'fence' 'fence_ln0' <Predicate = true> <Delay = 0.00>
ST_4 : Operation 44 [1/1] (0.00ns)   --->   "%arrayidx48_promoted187_loc_load = load i8 %arrayidx48_promoted187_loc"   --->   Operation 44 'load' 'arrayidx48_promoted187_loc_load' <Predicate = true> <Delay = 0.00>
ST_4 : Operation 45 [1/1] (0.00ns)   --->   "%arrayidx42_3_promoted185_loc_load = load i8 %arrayidx42_3_promoted185_loc"   --->   Operation 45 'load' 'arrayidx42_3_promoted185_loc_load' <Predicate = true> <Delay = 0.00>
ST_4 : Operation 46 [1/1] (0.00ns)   --->   "%arrayidx71_promoted183_loc_load = load i8 %arrayidx71_promoted183_loc"   --->   Operation 46 'load' 'arrayidx71_promoted183_loc_load' <Predicate = true> <Delay = 0.00>
ST_4 : Operation 47 [1/1] (0.00ns)   --->   "%arrayidx61_promoted181_loc_load = load i8 %arrayidx61_promoted181_loc"   --->   Operation 47 'load' 'arrayidx61_promoted181_loc_load' <Predicate = true> <Delay = 0.00>
ST_4 : Operation 48 [1/1] (0.00ns)   --->   "%arrayidx54_promoted179_loc_load = load i8 %arrayidx54_promoted179_loc"   --->   Operation 48 'load' 'arrayidx54_promoted179_loc_load' <Predicate = true> <Delay = 0.00>
ST_4 : Operation 49 [1/1] (2.55ns)   --->   "%sub27 = add i32 %input_size_read, i32 4294967232"   --->   Operation 49 'add' 'sub27' <Predicate = true> <Delay = 2.55> <CoreInst = "Adder">   --->   Core 1 'Adder' <Latency = 0> <II = 1> <Delay = 2.55> <FuncUnit> <Opcode : 'add' 'sub'> <InPorts = 2> <OutPorts = 1>
ST_4 : Operation 50 [1/1] (2.55ns)   --->   "%icmp_ln93 = icmp_ugt  i32 %sub27, i32 5" [D:/Xillinx_Project/PROJECT/data_compression/L1/tests/lz4_compress/../../../L1/include/hw/lz_compress.hpp:93]   --->   Operation 50 'icmp' 'icmp_ln93' <Predicate = true> <Delay = 2.55> <CoreInst = "Cmp">   --->   Core 9 'Cmp' <Latency = 0> <II = 1> <Delay = 2.55> <FuncUnit> <Opcode : 'seteq' 'setne' 'setle' 'setge' 'setlt' 'setgt'> <InPorts = 2> <OutPorts = 1>
ST_4 : Operation 51 [1/1] (0.00ns)   --->   "%fence_ln93 = fence void @_ssdm_op_Fence, i32 %input_size_c2, i8 %inStream, i32 4294967295, i8 %inStream, i32 %compressdStream" [D:/Xillinx_Project/PROJECT/data_compression/L1/tests/lz4_compress/../../../L1/include/hw/lz_compress.hpp:93]   --->   Operation 51 'fence' 'fence_ln93' <Predicate = true> <Delay = 0.00>
ST_4 : Operation 52 [2/2] (1.58ns)   --->   "%call_ln0 = call void @lzCompress<6, 4, 65536, 6, 1, 1024, 64>_Pipeline_lz_compress, i8 %arrayidx48_promoted187_loc_load, i8 %arrayidx42_3_promoted185_loc_load, i8 %arrayidx71_promoted183_loc_load, i8 %arrayidx61_promoted181_loc_load, i8 %arrayidx54_promoted179_loc_load, i32 %sub27, i32 %compressdStream, i408 %dict_3, i408 %dict_2, i408 %dict_1, i408 %dict, i8 %inStream, i8 %present_window_15_loc, i8 %present_window_14_loc, i8 %present_window_13_loc, i8 %present_window_12_loc, i8 %present_window_11_loc"   --->   Operation 52 'call' 'call_ln0' <Predicate = true> <Delay = 1.58> <CoreType = "Generic">   --->   Generic Core

State 5 <SV = 4> <Delay = 0.00>
ST_5 : Operation 53 [1/2] (0.00ns)   --->   "%call_ln0 = call void @lzCompress<6, 4, 65536, 6, 1, 1024, 64>_Pipeline_lz_compress, i8 %arrayidx48_promoted187_loc_load, i8 %arrayidx42_3_promoted185_loc_load, i8 %arrayidx71_promoted183_loc_load, i8 %arrayidx61_promoted181_loc_load, i8 %arrayidx54_promoted179_loc_load, i32 %sub27, i32 %compressdStream, i408 %dict_3, i408 %dict_2, i408 %dict_1, i408 %dict, i8 %inStream, i8 %present_window_15_loc, i8 %present_window_14_loc, i8 %present_window_13_loc, i8 %present_window_12_loc, i8 %present_window_11_loc"   --->   Operation 53 'call' 'call_ln0' <Predicate = true> <Delay = 0.00> <CoreType = "Generic">   --->   Generic Core

State 6 <SV = 5> <Delay = 3.19>
ST_6 : Operation 54 [1/1] (0.00ns)   --->   "%present_window_4_loc_load = load i8 %present_window_4_loc"   --->   Operation 54 'load' 'present_window_4_loc_load' <Predicate = (!icmp_ln93)> <Delay = 0.00>
ST_6 : Operation 55 [1/1] (0.00ns)   --->   "%present_window_3_loc_load = load i8 %present_window_3_loc"   --->   Operation 55 'load' 'present_window_3_loc_load' <Predicate = (!icmp_ln93)> <Delay = 0.00>
ST_6 : Operation 56 [1/1] (0.00ns)   --->   "%present_window_2_loc_load = load i8 %present_window_2_loc"   --->   Operation 56 'load' 'present_window_2_loc_load' <Predicate = (!icmp_ln93)> <Delay = 0.00>
ST_6 : Operation 57 [1/1] (0.00ns)   --->   "%present_window_1_loc_load = load i8 %present_window_1_loc"   --->   Operation 57 'load' 'present_window_1_loc_load' <Predicate = (!icmp_ln93)> <Delay = 0.00>
ST_6 : Operation 58 [1/1] (0.00ns)   --->   "%present_window_loc_load = load i8 %present_window_loc"   --->   Operation 58 'load' 'present_window_loc_load' <Predicate = (!icmp_ln93)> <Delay = 0.00>
ST_6 : Operation 59 [1/1] (0.00ns)   --->   "%present_window_15_loc_load = load i8 %present_window_15_loc"   --->   Operation 59 'load' 'present_window_15_loc_load' <Predicate = (icmp_ln93)> <Delay = 0.00>
ST_6 : Operation 60 [1/1] (0.00ns)   --->   "%present_window_14_loc_load = load i8 %present_window_14_loc"   --->   Operation 60 'load' 'present_window_14_loc_load' <Predicate = (icmp_ln93)> <Delay = 0.00>
ST_6 : Operation 61 [1/1] (0.00ns)   --->   "%present_window_13_loc_load = load i8 %present_window_13_loc"   --->   Operation 61 'load' 'present_window_13_loc_load' <Predicate = (icmp_ln93)> <Delay = 0.00>
ST_6 : Operation 62 [1/1] (0.00ns)   --->   "%present_window_12_loc_load = load i8 %present_window_12_loc"   --->   Operation 62 'load' 'present_window_12_loc_load' <Predicate = (icmp_ln93)> <Delay = 0.00>
ST_6 : Operation 63 [1/1] (0.00ns)   --->   "%present_window_11_loc_load = load i8 %present_window_11_loc"   --->   Operation 63 'load' 'present_window_11_loc_load' <Predicate = (icmp_ln93)> <Delay = 0.00>
ST_6 : Operation 64 [1/1] (1.24ns)   --->   "%select_ln82 = select i1 %icmp_ln93, i8 %present_window_15_loc_load, i8 %present_window_4_loc_load" [D:/Xillinx_Project/PROJECT/data_compression/L1/tests/lz4_compress/../../../L1/include/hw/lz_compress.hpp:82]   --->   Operation 64 'select' 'select_ln82' <Predicate = true> <Delay = 1.24> <CoreInst = "Sel">   --->   Core 73 'Sel' <Latency = 0> <II = 1> <Delay = 1.24> <FuncUnit> <Opcode : 'select'> <InPorts = 3> <OutPorts = 1>
ST_6 : Operation 65 [1/1] (1.24ns)   --->   "%select_ln82_1 = select i1 %icmp_ln93, i8 %present_window_14_loc_load, i8 %present_window_3_loc_load" [D:/Xillinx_Project/PROJECT/data_compression/L1/tests/lz4_compress/../../../L1/include/hw/lz_compress.hpp:82]   --->   Operation 65 'select' 'select_ln82_1' <Predicate = true> <Delay = 1.24> <CoreInst = "Sel">   --->   Core 73 'Sel' <Latency = 0> <II = 1> <Delay = 1.24> <FuncUnit> <Opcode : 'select'> <InPorts = 3> <OutPorts = 1>
ST_6 : Operation 66 [1/1] (1.24ns)   --->   "%select_ln82_2 = select i1 %icmp_ln93, i8 %present_window_13_loc_load, i8 %present_window_2_loc_load" [D:/Xillinx_Project/PROJECT/data_compression/L1/tests/lz4_compress/../../../L1/include/hw/lz_compress.hpp:82]   --->   Operation 66 'select' 'select_ln82_2' <Predicate = true> <Delay = 1.24> <CoreInst = "Sel">   --->   Core 73 'Sel' <Latency = 0> <II = 1> <Delay = 1.24> <FuncUnit> <Opcode : 'select'> <InPorts = 3> <OutPorts = 1>
ST_6 : Operation 67 [1/1] (1.24ns)   --->   "%select_ln82_3 = select i1 %icmp_ln93, i8 %present_window_12_loc_load, i8 %present_window_1_loc_load" [D:/Xillinx_Project/PROJECT/data_compression/L1/tests/lz4_compress/../../../L1/include/hw/lz_compress.hpp:82]   --->   Operation 67 'select' 'select_ln82_3' <Predicate = true> <Delay = 1.24> <CoreInst = "Sel">   --->   Core 73 'Sel' <Latency = 0> <II = 1> <Delay = 1.24> <FuncUnit> <Opcode : 'select'> <InPorts = 3> <OutPorts = 1>
ST_6 : Operation 68 [1/1] (1.24ns)   --->   "%select_ln82_4 = select i1 %icmp_ln93, i8 %present_window_11_loc_load, i8 %present_window_loc_load" [D:/Xillinx_Project/PROJECT/data_compression/L1/tests/lz4_compress/../../../L1/include/hw/lz_compress.hpp:82]   --->   Operation 68 'select' 'select_ln82_4' <Predicate = true> <Delay = 1.24> <CoreInst = "Sel">   --->   Core 73 'Sel' <Latency = 0> <II = 1> <Delay = 1.24> <FuncUnit> <Opcode : 'select'> <InPorts = 3> <OutPorts = 1>
ST_6 : Operation 69 [1/1] (0.00ns)   --->   "%fence_ln205 = fence void @_ssdm_op_Fence, i32 %input_size_c2, i8 %inStream, i32 %compressdStream, i32 4294967295, i32 %compressdStream" [D:/Xillinx_Project/PROJECT/data_compression/L1/tests/lz4_compress/../../../L1/include/hw/lz_compress.hpp:205]   --->   Operation 69 'fence' 'fence_ln205' <Predicate = true> <Delay = 0.00>
ST_6 : Operation 70 [2/2] (1.94ns)   --->   "%call_ln82 = call void @lzCompress<6, 4, 65536, 6, 1, 1024, 64>_Pipeline_lz_compress_leftover, i8 %select_ln82_4, i8 %select_ln82_3, i8 %select_ln82_2, i8 %select_ln82_1, i8 %select_ln82, i32 %compressdStream" [D:/Xillinx_Project/PROJECT/data_compression/L1/tests/lz4_compress/../../../L1/include/hw/lz_compress.hpp:82]   --->   Operation 70 'call' 'call_ln82' <Predicate = true> <Delay = 1.94> <CoreType = "Generic">   --->   Generic Core

State 7 <SV = 6> <Delay = 4.82>
ST_7 : Operation 71 [1/2] (4.82ns)   --->   "%call_ln82 = call void @lzCompress<6, 4, 65536, 6, 1, 1024, 64>_Pipeline_lz_compress_leftover, i8 %select_ln82_4, i8 %select_ln82_3, i8 %select_ln82_2, i8 %select_ln82_1, i8 %select_ln82, i32 %compressdStream" [D:/Xillinx_Project/PROJECT/data_compression/L1/tests/lz4_compress/../../../L1/include/hw/lz_compress.hpp:82]   --->   Operation 71 'call' 'call_ln82' <Predicate = true> <Delay = 4.82> <CoreType = "Generic">   --->   Generic Core

State 8 <SV = 7> <Delay = 0.00>
ST_8 : Operation 72 [1/1] (0.00ns)   --->   "%fence_ln212 = fence void @_ssdm_op_Fence, i32 %compressdStream, i32 4294967295, i8 %inStream, i32 %compressdStream" [D:/Xillinx_Project/PROJECT/data_compression/L1/tests/lz4_compress/../../../L1/include/hw/lz_compress.hpp:212]   --->   Operation 72 'fence' 'fence_ln212' <Predicate = true> <Delay = 0.00>
ST_8 : Operation 73 [1/1] (0.00ns)   --->   "%fence_ln212 = fence void @_ssdm_op_Fence, i32 %input_size_c2, i8 %inStream, i32 %compressdStream, i32 4294967295, i8 %inStream, i32 %compressdStream" [D:/Xillinx_Project/PROJECT/data_compression/L1/tests/lz4_compress/../../../L1/include/hw/lz_compress.hpp:212]   --->   Operation 73 'fence' 'fence_ln212' <Predicate = true> <Delay = 0.00>
ST_8 : Operation 74 [2/2] (0.00ns)   --->   "%call_ln0 = call void @lzCompress<6, 4, 65536, 6, 1, 1024, 64>_Pipeline_lz_left_bytes, i8 %inStream, i32 %compressdStream"   --->   Operation 74 'call' 'call_ln0' <Predicate = true> <Delay = 0.00> <CoreType = "Generic">   --->   Generic Core

State 9 <SV = 8> <Delay = 5.04>
ST_9 : Operation 75 [1/1] (0.00ns)   --->   "%specmemcore_ln67 = specmemcore void @_ssdm_op_SpecMemCore, i408 %dict_3, i64 666, i64 22, i64 18446744073709551615" [D:/Xillinx_Project/PROJECT/data_compression/L1/tests/lz4_compress/../../../L1/include/hw/lz_compress.hpp:67]   --->   Operation 75 'specmemcore' 'specmemcore_ln67' <Predicate = (!icmp_ln64)> <Delay = 0.00>
ST_9 : Operation 76 [1/1] (0.00ns)   --->   "%specmemcore_ln67 = specmemcore void @_ssdm_op_SpecMemCore, i408 %dict_2, i64 666, i64 22, i64 18446744073709551615" [D:/Xillinx_Project/PROJECT/data_compression/L1/tests/lz4_compress/../../../L1/include/hw/lz_compress.hpp:67]   --->   Operation 76 'specmemcore' 'specmemcore_ln67' <Predicate = (!icmp_ln64)> <Delay = 0.00>
ST_9 : Operation 77 [1/1] (0.00ns)   --->   "%specmemcore_ln67 = specmemcore void @_ssdm_op_SpecMemCore, i408 %dict_1, i64 666, i64 22, i64 18446744073709551615" [D:/Xillinx_Project/PROJECT/data_compression/L1/tests/lz4_compress/../../../L1/include/hw/lz_compress.hpp:67]   --->   Operation 77 'specmemcore' 'specmemcore_ln67' <Predicate = (!icmp_ln64)> <Delay = 0.00>
ST_9 : Operation 78 [1/1] (0.00ns)   --->   "%specmemcore_ln67 = specmemcore void @_ssdm_op_SpecMemCore, i408 %dict, i64 666, i64 22, i64 18446744073709551615" [D:/Xillinx_Project/PROJECT/data_compression/L1/tests/lz4_compress/../../../L1/include/hw/lz_compress.hpp:67]   --->   Operation 78 'specmemcore' 'specmemcore_ln67' <Predicate = (!icmp_ln64)> <Delay = 0.00>
ST_9 : Operation 79 [1/2] (5.04ns)   --->   "%call_ln0 = call void @lzCompress<6, 4, 65536, 6, 1, 1024, 64>_Pipeline_lz_left_bytes, i8 %inStream, i32 %compressdStream"   --->   Operation 79 'call' 'call_ln0' <Predicate = (!icmp_ln64)> <Delay = 5.04> <CoreType = "Generic">   --->   Generic Core
ST_9 : Operation 80 [1/1] (0.00ns)   --->   "%br_ln0 = br void %cleanup.cont"   --->   Operation 80 'br' 'br_ln0' <Predicate = (!icmp_ln64)> <Delay = 0.00>
ST_9 : Operation 81 [1/1] (0.00ns)   --->   "%ret_ln218 = ret" [D:/Xillinx_Project/PROJECT/data_compression/L1/tests/lz4_compress/../../../L1/include/hw/lz_compress.hpp:218]   --->   Operation 81 'ret' 'ret_ln218' <Predicate = true> <Delay = 0.00>


============================================================
+ Verbose Summary: Timing violations
============================================================
Target clock period: 7.000ns, clock uncertainty: 0.700ns.

 <State 1>: 3.150ns
The critical path consists of the following:
	wire read operation ('input_size_read') on port 'input_size' [5]  (0.000 ns)
	fifo write operation ('write_ln0') on port 'input_size_c2' [22]  (3.150 ns)

 <State 2>: 0.000ns
The critical path consists of the following:

 <State 3>: 3.176ns
The critical path consists of the following:
	'call' operation 0 bit ('call_ln0') to 'lzCompress<6, 4, 65536, 6, 1, 1024, 64>_Pipeline_dict_flush' [38]  (3.176 ns)

 <State 4>: 5.104ns
The critical path consists of the following:
	'add' operation 32 bit ('sub27') [52]  (2.552 ns)
	'icmp' operation 1 bit ('icmp_ln93', D:/Xillinx_Project/PROJECT/data_compression/L1/tests/lz4_compress/../../../L1/include/hw/lz_compress.hpp:93) [53]  (2.552 ns)

 <State 5>: 0.000ns
The critical path consists of the following:

 <State 6>: 3.194ns
The critical path consists of the following:
	'load' operation 8 bit ('present_window_4_loc_load') on local variable 'present_window_4_loc' [42]  (0.000 ns)
	'select' operation 8 bit ('select_ln82', D:/Xillinx_Project/PROJECT/data_compression/L1/tests/lz4_compress/../../../L1/include/hw/lz_compress.hpp:82) [61]  (1.248 ns)
	'call' operation 0 bit ('call_ln82', D:/Xillinx_Project/PROJECT/data_compression/L1/tests/lz4_compress/../../../L1/include/hw/lz_compress.hpp:82) to 'lzCompress<6, 4, 65536, 6, 1, 1024, 64>_Pipeline_lz_compress_leftover' [67]  (1.946 ns)

 <State 7>: 4.826ns
The critical path consists of the following:
	'call' operation 0 bit ('call_ln82', D:/Xillinx_Project/PROJECT/data_compression/L1/tests/lz4_compress/../../../L1/include/hw/lz_compress.hpp:82) to 'lzCompress<6, 4, 65536, 6, 1, 1024, 64>_Pipeline_lz_compress_leftover' [67]  (4.826 ns)

 <State 8>: 0.000ns
The critical path consists of the following:

 <State 9>: 5.046ns
The critical path consists of the following:
	'call' operation 0 bit ('call_ln0') to 'lzCompress<6, 4, 65536, 6, 1, 1024, 64>_Pipeline_lz_left_bytes' [70]  (5.046 ns)


============================================================
+ Verbose Summary: Binding
============================================================
N/A
* FSMD analyzer results:
  - Output states:
 - Input state : 
  - Chain level:
	State 1
	State 2
	State 3
	State 4
	State 5
	State 6
	State 7
	State 8
	State 9


============================================================
+ Verbose Summary: Datapath Resource usage 
============================================================
N/A
