#-----------------------------------------------------------
# Vivado v2024.2 (64-bit)
# SW Build 5239630 on Fri Nov 08 22:35:27 MST 2024
# IP Build 5239520 on Sun Nov 10 16:12:51 MST 2024
# SharedData Build 5239561 on Fri Nov 08 14:39:27 MST 2024
# Start of session at: Fri Oct 31 14:51:29 2025
# Process ID         : 431636
# Current directory  : D:/Xillinx_Project/PROJECT/lz4_cmpress/lz4CompressEngineRun/hls/impl/ip
# Command line       : vivado.exe -notrace -mode batch -source run_ippack.tcl
# Log file           : D:/Xillinx_Project/PROJECT/lz4_cmpress/lz4CompressEngineRun/hls/impl/ip/vivado.log
# Journal file       : D:/Xillinx_Project/PROJECT/lz4_cmpress/lz4CompressEngineRun/hls/impl/ip\vivado.jou
# Running On         : TheJackdaw
# Platform           : Windows Server 2016 or Windows 10
# Operating System   : 22631
# Processor Detail   : AMD Ryzen 7 7840H w/ Radeon 780M Graphics      
# CPU Frequency      : 3793 MHz
# CPU Physical cores : 8
# CPU Logical cores  : 16
# Host memory        : 33492 MB
# Swap memory        : 14519 MB
# Total Virtual      : 48011 MB
# Available Virtual  : 13245 MB
#-----------------------------------------------------------
source run_ippack.tcl -notrace
INFO: calling package_hls_ip ip_types=vitis sysgen json_file=D:/Xillinx_Project/PROJECT/lz4_cmpress/lz4CompressEngineRun/hls/hls_data.json outdir=D:/Xillinx_Project/PROJECT/lz4_cmpress/lz4CompressEngineRun/hls/impl/ip srcdir=D:/Xillinx_Project/PROJECT/lz4_cmpress/lz4CompressEngineRun/hls sort_interfaces_ports=false
INFO: Copied 1 ipmisc file(s) to D:/Xillinx_Project/PROJECT/lz4_cmpress/lz4CompressEngineRun/hls/impl/ip/misc
INFO: Copied 36 verilog file(s) to D:/Xillinx_Project/PROJECT/lz4_cmpress/lz4CompressEngineRun/hls/impl/ip/hdl/verilog
INFO: Copied 33 vhdl file(s) to D:/Xillinx_Project/PROJECT/lz4_cmpress/lz4CompressEngineRun/hls/impl/ip/hdl/vhdl
INFO: Import ports from HDL: D:/Xillinx_Project/PROJECT/lz4_cmpress/lz4CompressEngineRun/hls/impl/ip/hdl/vhdl/lz4CompressEngineRun.vhd (lz4CompressEngineRun)
INFO: Add ap_fifo interface inStream
INFO: [IP_Flow 19-234] Refreshing IP repositories
INFO: [IP_Flow 19-1704] No user IP repositories specified
INFO: [IP_Flow 19-2313] Loaded Vivado IP repository 'D:/Xilinx/Vivado/2024.2/data/ip'.
INFO: Add ap_fifo interface lz4Out
INFO: Add ap_fifo interface lz4Out_eos
INFO: Add ap_fifo interface lz4OutSize
INFO: Add data interface max_lit_limit_address0
INFO: Add data interface max_lit_limit_d0
INFO: Add data interface max_lit_limit_q0
INFO: Add data interface max_lit_limit_address1
INFO: Add data interface max_lit_limit_d1
INFO: Add data interface max_lit_limit_q1
INFO: Add data interface input_size
INFO: Add data interface core_idx
INFO: Add clock interface ap_clk
INFO: Add reset interface ap_rst
INFO: Add ap_ctrl interface ap_ctrl
INFO: Calling post_process_vitis to specialize IP
INFO: Calling post_process_sysgen to specialize IP
Generating sysgen info xml from json file
INFO: Created IP D:/Xillinx_Project/PROJECT/lz4_cmpress/lz4CompressEngineRun/hls/impl/ip/component.xml
INFO: Created IP archive D:/Xillinx_Project/PROJECT/lz4_cmpress/lz4CompressEngineRun/hls/impl/ip/xilinx_com_hls_lz4CompressEngineRun_1_0.zip
INFO: [Common 17-206] Exiting Vivado at Fri Oct 31 14:51:36 2025...
