

================================================================
== Vitis HLS Report for 'lz4CompressEngineRun'
================================================================
* Date:           Fri Oct 31 14:49:11 2025

* Version:        2024.2 (Build 5238294 on Nov  8 2024)
* Project:        lz4CompressEngineRun
* Solution:       hls (Vivado IP Flow Target)
* Product family: zynq
* Target device:  xc7z020-clg484-1


================================================================
== Performance Estimates
================================================================
+ Timing: 
    * Summary: 
    +--------+---------+----------+------------+
    |  Clock |  Target | Estimated| Uncertainty|
    +--------+---------+----------+------------+
    |ap_clk  |  7.00 ns|  6.300 ns|     0.70 ns|
    +--------+---------+----------+------------+

+ Latency: 
    * Summary: 
    +---------+---------+----------+----------+-----+-----+----------+
    |  Latency (cycles) |  Latency (absolute) |  Interval | Pipeline |
    |   min   |   max   |    min   |    max   | min | max |   Type   |
    +---------+---------+----------+----------+-----+-----+----------+
    |        ?|        ?|         ?|         ?|    ?|    ?|  dataflow|
    +---------+---------+----------+----------+-----+-----+----------+

    + Detail: 
        * Instance: 
        +-------------------------------------+------------------------------------+---------+---------+----------+----------+-----+-----+----------+
        |                                     |                                    |  Latency (cycles) |  Latency (absolute) |  Interval | Pipeline |
        |               Instance              |               Module               |   min   |   max   |    min   |    max   | min | max |   Type   |
        +-------------------------------------+------------------------------------+---------+---------+----------+----------+-----+-----+----------+
        |lzCompress_6_4_65536_6_1_1024_64_U0  |lzCompress_6_4_65536_6_1_1024_64_s  |        ?|        ?|         ?|         ?|    ?|    ?|        no|
        |lzBestMatchFilter_6_65536_U0         |lzBestMatchFilter_6_65536_s         |        ?|        ?|         ?|         ?|    ?|    ?|        no|
        |lzBooster_255_16384_64_U0            |lzBooster_255_16384_64_s            |        ?|        ?|         ?|         ?|    ?|    ?|        no|
        |entry_proc_U0                        |entry_proc                          |        0|        0|      0 ns|      0 ns|    0|    0|        no|
        |lz4Compress_4096_8_U0                |lz4Compress_4096_8_s                |        ?|        ?|         ?|         ?|    ?|    ?|  dataflow|
        +-------------------------------------+------------------------------------+---------+---------+----------+----------+-----+-----+----------+

        * Loop: 
        N/A



================================================================
== Utilization Estimates
================================================================
* Summary: 
+-----------------+---------+-----+--------+-------+-----+
|       Name      | BRAM_18K| DSP |   FF   |  LUT  | URAM|
+-----------------+---------+-----+--------+-------+-----+
|DSP              |        -|    -|       -|      -|    -|
|Expression       |        -|    -|       0|     12|    -|
|FIFO             |        -|    -|     693|    472|    -|
|Instance         |       92|    -|    4596|   7729|    -|
|Memory           |        -|    -|       -|      -|    -|
|Multiplexer      |        -|    -|       0|     18|    -|
|Register         |        -|    -|       2|      -|    -|
+-----------------+---------+-----+--------+-------+-----+
|Total            |       92|    0|    5291|   8231|    0|
+-----------------+---------+-----+--------+-------+-----+
|Available        |      280|  220|  106400|  53200|    0|
+-----------------+---------+-----+--------+-------+-----+
|Utilization (%)  |       32|    0|       4|     15|    0|
+-----------------+---------+-----+--------+-------+-----+

+ Detail: 
    * Instance: 
    +-------------------------------------+------------------------------------+---------+----+------+------+-----+
    |               Instance              |               Module               | BRAM_18K| DSP|  FF  |  LUT | URAM|
    +-------------------------------------+------------------------------------+---------+----+------+------+-----+
    |entry_proc_U0                        |entry_proc                          |        0|   0|     3|    29|    0|
    |lz4Compress_4096_8_U0                |lz4Compress_4096_8_s                |       36|   0|  1290|  2135|    0|
    |lzBestMatchFilter_6_65536_U0         |lzBestMatchFilter_6_65536_s         |        0|   0|   667|   684|    0|
    |lzBooster_255_16384_64_U0            |lzBooster_255_16384_64_s            |        8|   0|   390|   927|    0|
    |lzCompress_6_4_65536_6_1_1024_64_U0  |lzCompress_6_4_65536_6_1_1024_64_s  |       48|   0|  2246|  3954|    0|
    +-------------------------------------+------------------------------------+---------+----+------+------+-----+
    |Total                                |                                    |       92|   0|  4596|  7729|    0|
    +-------------------------------------+------------------------------------+---------+----+------+------+-----+

    * DSP: 
    N/A

    * Memory: 
    N/A

    * FIFO: 
    +-------------------+---------+----+----+-----+------+-----+---------+
    |        Name       | BRAM_18K| FF | LUT| URAM| Depth| Bits| Size:D*B|
    +-------------------+---------+----+----+-----+------+-----+---------+
    |bestMatchStream_U  |        0|  99|   0|    -|     8|   32|      256|
    |boosterStream_U    |        0|  99|   0|    -|     8|   32|      256|
    |compressdStream_U  |        0|  99|   0|    -|     8|   32|      256|
    |core_idx_c_U       |        0|  99|   0|    -|     5|   32|      160|
    |input_size_c1_U    |        0|  99|   0|    -|     2|   32|       64|
    |input_size_c2_U    |        0|  99|   0|    -|     2|   32|       64|
    |input_size_c_U     |        0|  99|   0|    -|     2|   32|       64|
    +-------------------+---------+----+----+-----+------+-----+---------+
    |Total              |        0| 693|   0|    0|    35|  224|     1120|
    +-------------------+---------+----+----+-----+------+-----+---------+

    * Expression: 
    +------------------------------------------------------+----------+----+---+----+------------+------------+
    |                     Variable Name                    | Operation| DSP| FF| LUT| Bitwidth P0| Bitwidth P1|
    +------------------------------------------------------+----------+----+---+----+------------+------------+
    |ap_idle                                               |       and|   0|  0|   2|           1|           1|
    |ap_sync_ready                                         |       and|   0|  0|   2|           1|           1|
    |entry_proc_U0_ap_start                                |       and|   0|  0|   2|           1|           1|
    |lzCompress_6_4_65536_6_1_1024_64_U0_ap_start          |       and|   0|  0|   2|           1|           1|
    |ap_sync_entry_proc_U0_ap_ready                        |        or|   0|  0|   2|           1|           1|
    |ap_sync_lzCompress_6_4_65536_6_1_1024_64_U0_ap_ready  |        or|   0|  0|   2|           1|           1|
    +------------------------------------------------------+----------+----+---+----+------------+------------+
    |Total                                                 |          |   0|  0|  12|           6|           6|
    +------------------------------------------------------+----------+----+---+----+------------+------------+

    * Multiplexer: 
    +----------------------------------------------------------+----+-----------+-----+-----------+
    |                           Name                           | LUT| Input Size| Bits| Total Bits|
    +----------------------------------------------------------+----+-----------+-----+-----------+
    |ap_sync_reg_entry_proc_U0_ap_ready                        |   9|          2|    1|          2|
    |ap_sync_reg_lzCompress_6_4_65536_6_1_1024_64_U0_ap_ready  |   9|          2|    1|          2|
    +----------------------------------------------------------+----+-----------+-----+-----------+
    |Total                                                     |  18|          4|    2|          4|
    +----------------------------------------------------------+----+-----------+-----+-----------+

    * Register: 
    +----------------------------------------------------------+---+----+-----+-----------+
    |                           Name                           | FF| LUT| Bits| Const Bits|
    +----------------------------------------------------------+---+----+-----+-----------+
    |ap_sync_reg_entry_proc_U0_ap_ready                        |  1|   0|    1|          0|
    |ap_sync_reg_lzCompress_6_4_65536_6_1_1024_64_U0_ap_ready  |  1|   0|    1|          0|
    +----------------------------------------------------------+---+----+-----+-----------+
    |Total                                                     |  2|   0|    2|          0|
    +----------------------------------------------------------+---+----+-----+-----------+



================================================================
== Interface
================================================================
* Summary: 
+------------------------+-----+-----+------------+----------------------+--------------+
|        RTL Ports       | Dir | Bits|  Protocol  |     Source Object    |    C Type    |
+------------------------+-----+-----+------------+----------------------+--------------+
|inStream_dout           |   in|    8|     ap_fifo|              inStream|       pointer|
|inStream_empty_n        |   in|    1|     ap_fifo|              inStream|       pointer|
|inStream_read           |  out|    1|     ap_fifo|              inStream|       pointer|
|lz4Out_din              |  out|    8|     ap_fifo|                lz4Out|       pointer|
|lz4Out_full_n           |   in|    1|     ap_fifo|                lz4Out|       pointer|
|lz4Out_write            |  out|    1|     ap_fifo|                lz4Out|       pointer|
|lz4Out_eos_din          |  out|    1|     ap_fifo|            lz4Out_eos|       pointer|
|lz4Out_eos_full_n       |   in|    1|     ap_fifo|            lz4Out_eos|       pointer|
|lz4Out_eos_write        |  out|    1|     ap_fifo|            lz4Out_eos|       pointer|
|lz4OutSize_din          |  out|   32|     ap_fifo|            lz4OutSize|       pointer|
|lz4OutSize_full_n       |   in|    1|     ap_fifo|            lz4OutSize|       pointer|
|lz4OutSize_write        |  out|    1|     ap_fifo|            lz4OutSize|       pointer|
|max_lit_limit_address0  |  out|    3|   ap_memory|         max_lit_limit|         array|
|max_lit_limit_ce0       |  out|    1|   ap_memory|         max_lit_limit|         array|
|max_lit_limit_d0        |  out|   32|   ap_memory|         max_lit_limit|         array|
|max_lit_limit_q0        |   in|   32|   ap_memory|         max_lit_limit|         array|
|max_lit_limit_we0       |  out|    1|   ap_memory|         max_lit_limit|         array|
|max_lit_limit_address1  |  out|    3|   ap_memory|         max_lit_limit|         array|
|max_lit_limit_ce1       |  out|    1|   ap_memory|         max_lit_limit|         array|
|max_lit_limit_d1        |  out|   32|   ap_memory|         max_lit_limit|         array|
|max_lit_limit_q1        |   in|   32|   ap_memory|         max_lit_limit|         array|
|max_lit_limit_we1       |  out|    1|   ap_memory|         max_lit_limit|         array|
|input_size              |   in|   32|     ap_none|            input_size|        scalar|
|core_idx                |   in|   32|     ap_none|              core_idx|        scalar|
|ap_clk                  |   in|    1|  ap_ctrl_hs|  lz4CompressEngineRun|  return value|
|ap_rst                  |   in|    1|  ap_ctrl_hs|  lz4CompressEngineRun|  return value|
|ap_start                |   in|    1|  ap_ctrl_hs|  lz4CompressEngineRun|  return value|
|ap_done                 |  out|    1|  ap_ctrl_hs|  lz4CompressEngineRun|  return value|
|ap_ready                |  out|    1|  ap_ctrl_hs|  lz4CompressEngineRun|  return value|
|ap_idle                 |  out|    1|  ap_ctrl_hs|  lz4CompressEngineRun|  return value|
+------------------------+-----+-----+------------+----------------------+--------------+

