

================================================================
== Vitis HLS Report for 'lz4CompressPart1_4096_8_Pipeline_lz4_divide'
================================================================
* Date:           Fri Oct 31 14:49:09 2025

* Version:        2024.2 (Build 5238294 on Nov  8 2024)
* Project:        lz4CompressEngineRun
* Solution:       hls (Vivado IP Flow Target)
* Product family: zynq
* Target device:  xc7z020-clg484-1


================================================================
== Performance Estimates
================================================================
+ Timing: 
    * Summary: 
    +--------+---------+----------+------------+
    |  Clock |  Target | Estimated| Uncertainty|
    +--------+---------+----------+------------+
    |ap_clk  |  7.00 ns|  5.065 ns|     0.70 ns|
    +--------+---------+----------+------------+

+ Latency: 
    * Summary: 
    +---------+---------+----------+----------+-----+-----+------------------------------------------------+
    |  Latency (cycles) |  Latency (absolute) |  Interval |                    Pipeline                    |
    |   min   |   max   |    min   |    max   | min | max |                      Type                      |
    +---------+---------+----------+----------+-----+-----+------------------------------------------------+
    |        ?|        ?|         ?|         ?|    0|    0|  loop auto-rewind stp (delay=0 clock cycles(s))|
    +---------+---------+----------+----------+-----+-----+------------------------------------------------+

    + Detail: 
        * Instance: 
        N/A

        * Loop: 
        +--------------+---------+---------+----------+-----------+-----------+------+----------+
        |              |  Latency (cycles) | Iteration|  Initiation Interval  | Trip |          |
        |   Loop Name  |   min   |   max   |  Latency |  achieved |   target  | Count| Pipelined|
        +--------------+---------+---------+----------+-----------+-----------+------+----------+
        |- lz4_divide  |        ?|        ?|         2|          2|          2|     ?|       yes|
        +--------------+---------+---------+----------+-----------+-----------+------+----------+



================================================================
== Utilization Estimates
================================================================
* Summary: 
+-----------------+---------+-----+--------+-------+-----+
|       Name      | BRAM_18K| DSP |   FF   |  LUT  | URAM|
+-----------------+---------+-----+--------+-------+-----+
|DSP              |        -|    -|       -|      -|    -|
|Expression       |        -|    -|       0|    254|    -|
|FIFO             |        -|    -|       -|      -|    -|
|Instance         |        -|    -|       -|      -|    -|
|Memory           |        -|    -|       -|      -|    -|
|Multiplexer      |        -|    -|       0|    118|    -|
|Register         |        -|    -|     206|      -|    -|
+-----------------+---------+-----+--------+-------+-----+
|Total            |        0|    0|     206|    372|    0|
+-----------------+---------+-----+--------+-------+-----+
|Available        |      280|  220|  106400|  53200|    0|
+-----------------+---------+-----+--------+-------+-----+
|Utilization (%)  |        0|    0|      ~0|     ~0|    0|
+-----------------+---------+-----+--------+-------+-----+

+ Detail: 
    * Instance: 
    N/A

    * DSP: 
    N/A

    * Memory: 
    N/A

    * FIFO: 
    N/A

    * Expression: 
    +---------------------------------------+----------+----+---+----+------------+------------+
    |             Variable Name             | Operation| DSP| FF| LUT| Bitwidth P0| Bitwidth P1|
    +---------------------------------------+----------+----+---+----+------------+------------+
    |add_ln95_fu_299_p2                     |         +|   0|  0|  14|           9|           4|
    |i_11_fu_333_p2                         |         +|   0|  0|  39|          32|          32|
    |lit_count_3_fu_286_p2                  |         +|   0|  0|  39|          32|           1|
    |ap_block_pp0_stage0_01001_grp2         |       and|   0|  0|   2|           1|           1|
    |ap_block_pp0_stage0_01001_grp3         |       and|   0|  0|   2|           1|           1|
    |ap_block_pp0_stage0_11001_grp1         |       and|   0|  0|   2|           1|           1|
    |ap_block_pp0_stage0_subdone            |       and|   0|  0|   2|           1|           1|
    |ap_block_state3_pp0_stage0_iter1_grp1  |       and|   0|  0|   2|           1|           1|
    |ap_block_state3_pp0_stage0_iter1_grp2  |       and|   0|  0|   2|           1|           1|
    |ap_block_state3_pp0_stage0_iter1_grp3  |       and|   0|  0|   2|           1|           1|
    |ap_condition_141                       |       and|   0|  0|   2|           1|           1|
    |ap_condition_417                       |       and|   0|  0|   2|           1|           1|
    |ap_condition_421                       |       and|   0|  0|   2|           1|           1|
    |ap_condition_425                       |       and|   0|  0|   2|           1|           1|
    |ap_predicate_op50_write_state3         |       and|   0|  0|   2|           1|           1|
    |ap_predicate_op58_write_state3         |       and|   0|  0|   2|           1|           1|
    |has_match_fu_231_p2                    |      icmp|   0|  0|  15|           8|           1|
    |icmp_ln68_fu_206_p2                    |      icmp|   0|  0|  39|          32|          32|
    |icmp_ln82_fu_253_p2                    |      icmp|   0|  0|  39|          32|          32|
    |lit_overflow_fu_247_p2                 |      icmp|   0|  0|  27|          20|           1|
    |or_ln82_fu_270_p2                      |        or|   0|  0|   2|           1|           1|
    |select_ln106_fu_323_p3                 |    select|   0|  0|   8|           1|           8|
    |ap_enable_pp0                          |       xor|   0|  0|   2|           1|           2|
    |xor_ln82_1_fu_258_p2                   |       xor|   0|  0|   2|           1|           2|
    |xor_ln82_fu_264_p2                     |       xor|   0|  0|   2|           1|           2|
    +---------------------------------------+----------+----+---+----+------------+------------+
    |Total                                  |          |   0|  0| 254|         183|         131|
    +---------------------------------------+----------+----+---+----+------------+------------+

    * Multiplexer: 
    +-------------------------------------------+----+-----------+-----+-----------+
    |                    Name                   | LUT| Input Size| Bits| Total Bits|
    +-------------------------------------------+----+-----------+-----+-----------+
    |ap_NS_fsm                                  |  14|          3|    1|          3|
    |ap_done_int                                |   9|          2|    1|          2|
    |ap_enable_reg_pp0_iter0                    |   9|          2|    1|          2|
    |ap_enable_reg_pp0_iter1                    |   9|          2|    1|          2|
    |ap_phi_mux_has_next_value_1_phi_fu_167_p4  |  14|          3|    1|          3|
    |boosterStream_blk_n                        |   9|          2|    1|          2|
    |currentEncodedValue_1_fu_96                |   9|          2|   32|         64|
    |has_next_value_reg_152                     |   9|          2|    1|          2|
    |i_fu_84                                    |   9|          2|   32|         64|
    |lenOffset_Stream_blk_n                     |   9|          2|    1|          2|
    |lit_count_fu_92                            |   9|          2|   32|         64|
    |lit_outStream_blk_n                        |   9|          2|    1|          2|
    +-------------------------------------------+----+-----------+-----+-----------+
    |Total                                      | 118|         26|  105|        212|
    +-------------------------------------------+----+-----------+-----+-----------+

    * Register: 
    +-------------------------------------------+----+----+-----+-----------+
    |                    Name                   | FF | LUT| Bits| Const Bits|
    +-------------------------------------------+----+----+-----+-----------+
    |ap_CS_fsm                                  |   2|   0|    2|          0|
    |ap_block_pp0_stage0_subdone_grp0_done_reg  |   1|   0|    1|          0|
    |ap_block_pp0_stage0_subdone_grp1_done_reg  |   1|   0|    1|          0|
    |ap_block_pp0_stage0_subdone_grp2_done_reg  |   1|   0|    1|          0|
    |ap_block_pp0_stage0_subdone_grp3_done_reg  |   1|   0|    1|          0|
    |ap_done_reg                                |   1|   0|    1|          0|
    |ap_enable_reg_pp0_iter0_reg                |   1|   0|    1|          0|
    |ap_enable_reg_pp0_iter1                    |   1|   0|    1|          0|
    |currentEncodedValue_1_fu_96                |  32|   0|   32|          0|
    |has_match_reg_416                          |   1|   0|    1|          0|
    |has_next_value_reg_152                     |   1|   0|    1|          0|
    |i_10_reg_386                               |  32|   0|   32|          0|
    |i_fu_84                                    |  32|   0|   32|          0|
    |lit_count_2_reg_391                        |  32|   0|   32|          0|
    |lit_count_flag_fu_88                       |   1|   0|   32|         31|
    |lit_count_fu_92                            |  32|   0|   32|          0|
    |lit_overflow_reg_421                       |   1|   0|    1|          0|
    |or_ln82_reg_425                            |   1|   0|    1|          0|
    |tCh_reg_400                                |   8|   0|    8|          0|
    |tLen_reg_405                               |   8|   0|    8|          0|
    |tOffset_reg_411                            |  16|   0|   16|          0|
    +-------------------------------------------+----+----+-----+-----------+
    |Total                                      | 206|   0|  237|         31|
    +-------------------------------------------+----+----+-----+-----------+



================================================================
== Interface
================================================================
* Summary: 
+---------------------------------+-----+-----+------------+-----------------------------------------------+--------------+
|            RTL Ports            | Dir | Bits|  Protocol  |                 Source Object                 |    C Type    |
+---------------------------------+-----+-----+------------+-----------------------------------------------+--------------+
|ap_clk                           |   in|    1|  ap_ctrl_hs|  lz4CompressPart1<4096, 8>_Pipeline_lz4_divide|  return value|
|ap_rst                           |   in|    1|  ap_ctrl_hs|  lz4CompressPart1<4096, 8>_Pipeline_lz4_divide|  return value|
|ap_start                         |   in|    1|  ap_ctrl_hs|  lz4CompressPart1<4096, 8>_Pipeline_lz4_divide|  return value|
|ap_done                          |  out|    1|  ap_ctrl_hs|  lz4CompressPart1<4096, 8>_Pipeline_lz4_divide|  return value|
|ap_idle                          |  out|    1|  ap_ctrl_hs|  lz4CompressPart1<4096, 8>_Pipeline_lz4_divide|  return value|
|ap_ready                         |  out|    1|  ap_ctrl_hs|  lz4CompressPart1<4096, 8>_Pipeline_lz4_divide|  return value|
|currentEncodedValue              |   in|   32|     ap_none|                            currentEncodedValue|        scalar|
|input_size_5                     |   in|   32|     ap_none|                                   input_size_5|        scalar|
|lenOffset_Stream_din             |  out|   64|     ap_fifo|                               lenOffset_Stream|       pointer|
|lenOffset_Stream_full_n          |   in|    1|     ap_fifo|                               lenOffset_Stream|       pointer|
|lenOffset_Stream_write           |  out|    1|     ap_fifo|                               lenOffset_Stream|       pointer|
|lenOffset_Stream_num_data_valid  |   in|   10|     ap_fifo|                               lenOffset_Stream|       pointer|
|lenOffset_Stream_fifo_cap        |   in|   10|     ap_fifo|                               lenOffset_Stream|       pointer|
|sub_i                            |   in|   32|     ap_none|                                          sub_i|        scalar|
|boosterStream_dout               |   in|   32|     ap_fifo|                                  boosterStream|       pointer|
|boosterStream_empty_n            |   in|    1|     ap_fifo|                                  boosterStream|       pointer|
|boosterStream_read               |  out|    1|     ap_fifo|                                  boosterStream|       pointer|
|boosterStream_num_data_valid     |   in|    4|     ap_fifo|                                  boosterStream|       pointer|
|boosterStream_fifo_cap           |   in|    4|     ap_fifo|                                  boosterStream|       pointer|
|lit_outStream_din                |  out|    8|     ap_fifo|                                  lit_outStream|       pointer|
|lit_outStream_full_n             |   in|    1|     ap_fifo|                                  lit_outStream|       pointer|
|lit_outStream_write              |  out|    1|     ap_fifo|                                  lit_outStream|       pointer|
|lit_outStream_num_data_valid     |   in|   17|     ap_fifo|                                  lit_outStream|       pointer|
|lit_outStream_fifo_cap           |   in|   17|     ap_fifo|                                  lit_outStream|       pointer|
|lit_count_out                    |  out|   32|      ap_vld|                                  lit_count_out|       pointer|
|lit_count_out_ap_vld             |  out|    1|      ap_vld|                                  lit_count_out|       pointer|
|lit_count_flag_out               |  out|   32|      ap_vld|                             lit_count_flag_out|       pointer|
|lit_count_flag_out_ap_vld        |  out|    1|      ap_vld|                             lit_count_flag_out|       pointer|
+---------------------------------+-----+-----+------------+-----------------------------------------------+--------------+

