

================================================================
== Vitis HLS Report for 'lzBestMatchFilter_6_65536_Pipeline_lz_bestMatchFilter'
================================================================
* Date:           Fri Oct 31 14:49:08 2025

* Version:        2024.2 (Build 5238294 on Nov  8 2024)
* Project:        lz4CompressEngineRun
* Solution:       hls (Vivado IP Flow Target)
* Product family: zynq
* Target device:  xc7z020-clg484-1


================================================================
== Performance Estimates
================================================================
+ Timing: 
    * Summary: 
    +--------+---------+----------+------------+
    |  Clock |  Target | Estimated| Uncertainty|
    +--------+---------+----------+------------+
    |ap_clk  |  7.00 ns|  5.951 ns|     0.70 ns|
    +--------+---------+----------+------------+

+ Latency: 
    * Summary: 
    +---------+---------+----------+----------+-----+-----+------------------------------------------------+
    |  Latency (cycles) |  Latency (absolute) |  Interval |                    Pipeline                    |
    |   min   |   max   |    min   |    max   | min | max |                      Type                      |
    +---------+---------+----------+----------+-----+-----+------------------------------------------------+
    |        ?|        ?|         ?|         ?|    0|    0|  loop auto-rewind stp (delay=0 clock cycles(s))|
    +---------+---------+----------+----------+-----+-----+------------------------------------------------+

    + Detail: 
        * Instance: 
        N/A

        * Loop: 
        +----------------------+---------+---------+----------+-----------+-----------+------+----------+
        |                      |  Latency (cycles) | Iteration|  Initiation Interval  | Trip |          |
        |       Loop Name      |   min   |   max   |  Latency |  achieved |   target  | Count| Pipelined|
        +----------------------+---------+---------+----------+-----------+-----------+------+----------+
        |- lz_bestMatchFilter  |        ?|        ?|         3|          2|          2|     ?|       yes|
        +----------------------+---------+---------+----------+-----------+-----------+------+----------+



================================================================
== Utilization Estimates
================================================================
* Summary: 
+-----------------+---------+-----+--------+-------+-----+
|       Name      | BRAM_18K| DSP |   FF   |  LUT  | URAM|
+-----------------+---------+-----+--------+-------+-----+
|DSP              |        -|    -|       -|      -|    -|
|Expression       |        -|    -|       0|    299|    -|
|FIFO             |        -|    -|       -|      -|    -|
|Instance         |        -|    -|       -|      -|    -|
|Memory           |        -|    -|       -|      -|    -|
|Multiplexer      |        -|    -|       0|    122|    -|
|Register         |        -|    -|     425|      -|    -|
+-----------------+---------+-----+--------+-------+-----+
|Total            |        0|    0|     425|    421|    0|
+-----------------+---------+-----+--------+-------+-----+
|Available        |      280|  220|  106400|  53200|    0|
+-----------------+---------+-----+--------+-------+-----+
|Utilization (%)  |        0|    0|      ~0|     ~0|    0|
+-----------------+---------+-----+--------+-------+-----+

+ Detail: 
    * Instance: 
    N/A

    * DSP: 
    N/A

    * Memory: 
    N/A

    * FIFO: 
    N/A

    * Expression: 
    +---------------------------------------+----------+----+---+----+------------+------------+
    |             Variable Name             | Operation| DSP| FF| LUT| Bitwidth P0| Bitwidth P1|
    +---------------------------------------+----------+----+---+----+------------+------------+
    |add_ln368_1_fu_355_p2                  |         +|   0|  0|  14|           9|           2|
    |add_ln368_2_fu_372_p2                  |         +|   0|  0|  14|           9|           2|
    |add_ln368_3_fu_389_p2                  |         +|   0|  0|  14|           9|           3|
    |add_ln368_4_fu_407_p2                  |         +|   0|  0|  14|           9|           3|
    |add_ln368_fu_338_p2                    |         +|   0|  0|  14|           9|           1|
    |i_9_fu_278_p2                          |         +|   0|  0|  39|          32|           1|
    |and_ln374_1_fu_495_p2                  |       and|   0|  0|   2|           1|           1|
    |and_ln374_2_fu_501_p2                  |       and|   0|  0|   2|           1|           1|
    |and_ln374_3_fu_507_p2                  |       and|   0|  0|   2|           1|           1|
    |and_ln374_fu_489_p2                    |       and|   0|  0|   2|           1|           1|
    |ap_block_pp0_stage0_11001_grp1         |       and|   0|  0|   2|           1|           1|
    |ap_block_pp0_stage1_01001              |       and|   0|  0|   2|           1|           1|
    |ap_block_state3_pp0_stage0_iter1_grp1  |       and|   0|  0|   2|           1|           1|
    |ap_condition_434                       |       and|   0|  0|   2|           1|           1|
    |ap_condition_438                       |       and|   0|  0|   2|           1|           1|
    |best_match_1_fu_513_p2                 |       and|   0|  0|   2|           1|           1|
    |icmp_ln339_fu_273_p2                   |      icmp|   0|  0|  39|          32|          32|
    |icmp_ln374_1_fu_429_p2                 |      icmp|   0|  0|  14|           9|           9|
    |icmp_ln374_2_fu_441_p2                 |      icmp|   0|  0|  14|           9|           9|
    |icmp_ln374_3_fu_453_p2                 |      icmp|   0|  0|  14|           9|           9|
    |icmp_ln374_4_fu_465_p2                 |      icmp|   0|  0|  14|           9|           9|
    |icmp_ln374_5_fu_477_p2                 |      icmp|   0|  0|  14|           9|           9|
    |icmp_ln374_fu_417_p2                   |      icmp|   0|  0|  15|           8|           8|
    |bestMatchStream_din                    |    select|   0|  0|  32|           1|          32|
    |ap_enable_pp0                          |       xor|   0|  0|   2|           1|           2|
    |best_match_fu_423_p2                   |       xor|   0|  0|   2|           1|           2|
    |xor_ln374_1_fu_447_p2                  |       xor|   0|  0|   2|           1|           2|
    |xor_ln374_2_fu_459_p2                  |       xor|   0|  0|   2|           1|           2|
    |xor_ln374_3_fu_471_p2                  |       xor|   0|  0|   2|           1|           2|
    |xor_ln374_4_fu_483_p2                  |       xor|   0|  0|   2|           1|           2|
    |xor_ln374_fu_435_p2                    |       xor|   0|  0|   2|           1|           2|
    +---------------------------------------+----------+----+---+----+------------+------------+
    |Total                                  |          |   0|  0| 299|         180|         153|
    +---------------------------------------+----------+----+---+----+------------+------------+

    * Multiplexer: 
    +-------------------------+----+-----------+-----+-----------+
    |           Name          | LUT| Input Size| Bits| Total Bits|
    +-------------------------+----+-----------+-----+-----------+
    |ap_NS_fsm                |  14|          3|    1|          3|
    |ap_done_int              |   9|          2|    1|          2|
    |ap_enable_reg_pp0_iter0  |   9|          2|    1|          2|
    |ap_enable_reg_pp0_iter1  |   9|          2|    1|          2|
    |bestMatchStream_blk_n    |   9|          2|    1|          2|
    |compareValue_1_fu_102    |   9|          2|   32|         64|
    |compareValue_2_fu_106    |   9|          2|   32|         64|
    |compareValue_3_fu_110    |   9|          2|   32|         64|
    |compareValue_4_fu_114    |   9|          2|   32|         64|
    |compareValue_fu_98       |   9|          2|   32|         64|
    |compressdStream_blk_n    |   9|          2|    1|          2|
    |i_fu_90                  |   9|          2|   32|         64|
    |outValue_fu_94           |   9|          2|   32|         64|
    +-------------------------+----+-----------+-----+-----------+
    |Total                    | 122|         27|  230|        461|
    +-------------------------+----+-----------+-----+-----------+

    * Register: 
    +-------------------------------------------+----+----+-----+-----------+
    |                    Name                   | FF | LUT| Bits| Const Bits|
    +-------------------------------------------+----+----+-----+-----------+
    |ap_CS_fsm                                  |   2|   0|    2|          0|
    |ap_block_pp0_stage0_subdone_grp0_done_reg  |   1|   0|    1|          0|
    |ap_block_pp0_stage1_subdone_grp0_done_reg  |   1|   0|    1|          0|
    |ap_done_reg                                |   1|   0|    1|          0|
    |ap_enable_reg_pp0_iter0_reg                |   1|   0|    1|          0|
    |ap_enable_reg_pp0_iter1                    |   1|   0|    1|          0|
    |best_match_1_reg_641                       |   1|   0|    1|          0|
    |compareValue_1_fu_102                      |  32|   0|   32|          0|
    |compareValue_2_fu_106                      |  32|   0|   32|          0|
    |compareValue_3_fu_110                      |  32|   0|   32|          0|
    |compareValue_4_fu_114                      |  32|   0|   32|          0|
    |compareValue_fu_98                         |  32|   0|   32|          0|
    |compare_window_11_reg_626                  |  32|   0|   32|          0|
    |compare_window_12_reg_621                  |  32|   0|   32|          0|
    |compare_window_13_reg_616                  |  32|   0|   32|          0|
    |compare_window_14_reg_611                  |  32|   0|   32|          0|
    |compare_window_15_reg_605                  |  32|   0|   32|          0|
    |i_fu_90                                    |  32|   0|   32|          0|
    |icmp_ln339_reg_631                         |   1|   0|    1|          0|
    |outValue_fu_94                             |  32|   0|   32|          0|
    |outValue_load_reg_635                      |  32|   0|   32|          0|
    +-------------------------------------------+----+----+-----+-----------+
    |Total                                      | 425|   0|  425|          0|
    +-------------------------------------------+----+----+-----+-----------+



================================================================
== Interface
================================================================
* Summary: 
+--------------------------------+-----+-----+------------+---------------------------------------------------------+--------------+
|            RTL Ports           | Dir | Bits|  Protocol  |                      Source Object                      |    C Type    |
+--------------------------------+-----+-----+------------+---------------------------------------------------------+--------------+
|ap_clk                          |   in|    1|  ap_ctrl_hs|  lzBestMatchFilter<6, 65536>_Pipeline_lz_bestMatchFilter|  return value|
|ap_rst                          |   in|    1|  ap_ctrl_hs|  lzBestMatchFilter<6, 65536>_Pipeline_lz_bestMatchFilter|  return value|
|ap_start                        |   in|    1|  ap_ctrl_hs|  lzBestMatchFilter<6, 65536>_Pipeline_lz_bestMatchFilter|  return value|
|ap_done                         |  out|    1|  ap_ctrl_hs|  lzBestMatchFilter<6, 65536>_Pipeline_lz_bestMatchFilter|  return value|
|ap_idle                         |  out|    1|  ap_ctrl_hs|  lzBestMatchFilter<6, 65536>_Pipeline_lz_bestMatchFilter|  return value|
|ap_ready                        |  out|    1|  ap_ctrl_hs|  lzBestMatchFilter<6, 65536>_Pipeline_lz_bestMatchFilter|  return value|
|compressdStream_dout            |   in|   32|     ap_fifo|                                          compressdStream|       pointer|
|compressdStream_empty_n         |   in|    1|     ap_fifo|                                          compressdStream|       pointer|
|compressdStream_read            |  out|    1|     ap_fifo|                                          compressdStream|       pointer|
|compressdStream_num_data_valid  |   in|    4|     ap_fifo|                                          compressdStream|       pointer|
|compressdStream_fifo_cap        |   in|    4|     ap_fifo|                                          compressdStream|       pointer|
|bestMatchStream_din             |  out|   32|     ap_fifo|                                          bestMatchStream|       pointer|
|bestMatchStream_full_n          |   in|    1|     ap_fifo|                                          bestMatchStream|       pointer|
|bestMatchStream_write           |  out|    1|     ap_fifo|                                          bestMatchStream|       pointer|
|bestMatchStream_num_data_valid  |   in|    4|     ap_fifo|                                          bestMatchStream|       pointer|
|bestMatchStream_fifo_cap        |   in|    4|     ap_fifo|                                          bestMatchStream|       pointer|
|compare_window_5                |   in|   32|     ap_none|                                         compare_window_5|        scalar|
|compare_window_4                |   in|   32|     ap_none|                                         compare_window_4|        scalar|
|compare_window_3                |   in|   32|     ap_none|                                         compare_window_3|        scalar|
|compare_window_2                |   in|   32|     ap_none|                                         compare_window_2|        scalar|
|compare_window_1                |   in|   32|     ap_none|                                         compare_window_1|        scalar|
|compare_window                  |   in|   32|     ap_none|                                           compare_window|        scalar|
|input_size_2                    |   in|   32|     ap_none|                                             input_size_2|        scalar|
|compare_window_12_out           |  out|   32|      ap_vld|                                    compare_window_12_out|       pointer|
|compare_window_12_out_ap_vld    |  out|    1|      ap_vld|                                    compare_window_12_out|       pointer|
|compare_window_13_out           |  out|   32|      ap_vld|                                    compare_window_13_out|       pointer|
|compare_window_13_out_ap_vld    |  out|    1|      ap_vld|                                    compare_window_13_out|       pointer|
|compare_window_14_out           |  out|   32|      ap_vld|                                    compare_window_14_out|       pointer|
|compare_window_14_out_ap_vld    |  out|    1|      ap_vld|                                    compare_window_14_out|       pointer|
|compare_window_15_out           |  out|   32|      ap_vld|                                    compare_window_15_out|       pointer|
|compare_window_15_out_ap_vld    |  out|    1|      ap_vld|                                    compare_window_15_out|       pointer|
|compare_window_16_out           |  out|   32|      ap_vld|                                    compare_window_16_out|       pointer|
|compare_window_16_out_ap_vld    |  out|    1|      ap_vld|                                    compare_window_16_out|       pointer|
|compare_window_17_out           |  out|   32|      ap_vld|                                    compare_window_17_out|       pointer|
|compare_window_17_out_ap_vld    |  out|    1|      ap_vld|                                    compare_window_17_out|       pointer|
+--------------------------------+-----+-----+------------+---------------------------------------------------------+--------------+

