

================================================================
== Vitis HLS Report for 'lzBooster_255_16384_64_s'
================================================================
* Date:           Fri Oct 31 14:49:09 2025

* Version:        2024.2 (Build 5238294 on Nov  8 2024)
* Project:        lz4CompressEngineRun
* Solution:       hls (Vivado IP Flow Target)
* Product family: zynq
* Target device:  xc7z020-clg484-1


================================================================
== Performance Estimates
================================================================
+ Timing: 
    * Summary: 
    +--------+---------+----------+------------+
    |  Clock |  Target | Estimated| Uncertainty|
    +--------+---------+----------+------------+
    |ap_clk  |  7.00 ns|  6.300 ns|     0.70 ns|
    +--------+---------+----------+------------+

+ Latency: 
    * Summary: 
    +---------+---------+----------+----------+-----+-----+---------+
    |  Latency (cycles) |  Latency (absolute) |  Interval | Pipeline|
    |   min   |   max   |    min   |    max   | min | max |   Type  |
    +---------+---------+----------+----------+-----+-----+---------+
    |        ?|        ?|         ?|         ?|    ?|    ?|       no|
    +---------+---------+----------+----------+-----+-----+---------+

    + Detail: 
        * Instance: 
        +-------------------------------------------------------+--------------------------------------------+---------+---------+----------+----------+-----+-----+------------------------------------------------+
        |                                                       |                                            |  Latency (cycles) |  Latency (absolute) |  Interval |                    Pipeline                    |
        |                        Instance                       |                   Module                   |   min   |   max   |    min   |    max   | min | max |                      Type                      |
        +-------------------------------------------------------+--------------------------------------------+---------+---------+----------+----------+-----+-----+------------------------------------------------+
        |grp_lzBooster_255_16384_64_Pipeline_lz_booster_fu_169  |lzBooster_255_16384_64_Pipeline_lz_booster  |        ?|        ?|         ?|         ?|    0|    0|  loop auto-rewind stp (delay=0 clock cycles(s))|
        +-------------------------------------------------------+--------------------------------------------+---------+---------+----------+----------+-----+-----+------------------------------------------------+

        * Loop: 
        +-------------------------+---------+---------+----------+-----------+-----------+------+----------+
        |                         |  Latency (cycles) | Iteration|  Initiation Interval  | Trip |          |
        |        Loop Name        |   min   |   max   |  Latency |  achieved |   target  | Count| Pipelined|
        +-------------------------+---------+---------+----------+-----------+-----------+------+----------+
        |- lz_booster_left_bytes  |       64|       64|         1|          -|          -|    64|        no|
        +-------------------------+---------+---------+----------+-----------+-----------+------+----------+



================================================================
== Utilization Estimates
================================================================
* Summary: 
+-----------------+---------+-----+--------+-------+-----+
|       Name      | BRAM_18K| DSP |   FF   |  LUT  | URAM|
+-----------------+---------+-----+--------+-------+-----+
|DSP              |        -|    -|       -|      -|    -|
|Expression       |        -|    -|       0|    164|    -|
|FIFO             |        -|    -|       -|      -|    -|
|Instance         |        -|    -|     257|    580|    -|
|Memory           |        8|    -|       0|      0|    -|
|Multiplexer      |        -|    -|       0|    183|    -|
|Register         |        -|    -|     133|      -|    -|
+-----------------+---------+-----+--------+-------+-----+
|Total            |        8|    0|     390|    927|    0|
+-----------------+---------+-----+--------+-------+-----+
|Available        |      280|  220|  106400|  53200|    0|
+-----------------+---------+-----+--------+-------+-----+
|Utilization (%)  |        2|    0|      ~0|      1|    0|
+-----------------+---------+-----+--------+-------+-----+

+ Detail: 
    * Instance: 
    +-------------------------------------------------------+--------------------------------------------+---------+----+-----+-----+-----+
    |                        Instance                       |                   Module                   | BRAM_18K| DSP|  FF | LUT | URAM|
    +-------------------------------------------------------+--------------------------------------------+---------+----+-----+-----+-----+
    |grp_lzBooster_255_16384_64_Pipeline_lz_booster_fu_169  |lzBooster_255_16384_64_Pipeline_lz_booster  |        0|   0|  257|  580|    0|
    +-------------------------------------------------------+--------------------------------------------+---------+----+-----+-----+-----+
    |Total                                                  |                                            |        0|   0|  257|  580|    0|
    +-------------------------------------------------------+--------------------------------------------+---------+----+-----+-----+-----+

    * DSP: 
    N/A

    * Memory: 
    +-------------+-----------------------------------------------------+---------+---+----+-----+-------+-----+------+-------------+
    |    Memory   |                        Module                       | BRAM_18K| FF| LUT| URAM| Words | Bits| Banks| W*Bits*Banks|
    +-------------+-----------------------------------------------------+---------+---+----+-----+-------+-----+------+-------------+
    |local_mem_U  |lzBooster_255_16384_64_s_local_mem_RAM_2P_BRAM_1R1W  |        8|  0|   0|    0|  16384|    8|     1|       131072|
    +-------------+-----------------------------------------------------+---------+---+----+-----+-------+-----+------+-------------+
    |Total        |                                                     |        8|  0|   0|    0|  16384|    8|     1|       131072|
    +-------------+-----------------------------------------------------+---------+---+----+-----+-------+-----+------+-------------+

    * FIFO: 
    N/A

    * Expression: 
    +-------------------------------+----------+----+---+----+------------+------------+
    |         Variable Name         | Operation| DSP| FF| LUT| Bitwidth P0| Bitwidth P1|
    +-------------------------------+----------+----+---+----+------------+------------+
    |i_6_fu_295_p2                  |         +|   0|  0|  14|           7|           1|
    |sub_fu_238_p2                  |         +|   0|  0|  39|          32|           8|
    |ap_predicate_op58_read_state7  |       and|   0|  0|   2|           1|           1|
    |icmp_ln601_fu_191_p2           |      icmp|   0|  0|  39|          32|           1|
    |icmp_ln617_fu_244_p2           |      icmp|   0|  0|  39|          32|           1|
    |icmp_ln669_fu_289_p2           |      icmp|   0|  0|  15|           7|           8|
    |ap_block_state1                |        or|   0|  0|   2|           1|           1|
    |ap_block_state7                |        or|   0|  0|   2|           1|           1|
    |or_ln617_fu_262_p2             |        or|   0|  0|   2|           1|           1|
    |select_ln617_fu_268_p3         |    select|   0|  0|   8|           1|           8|
    |xor_ln617_fu_257_p2            |       xor|   0|  0|   2|           1|           2|
    +-------------------------------+----------+----+---+----+------------+------------+
    |Total                          |          |   0|  0| 164|         116|          33|
    +-------------------------------+----------+----+---+----+------------+------------+

    * Multiplexer: 
    +---------------------------+----+-----------+-----+-----------+
    |            Name           | LUT| Input Size| Bits| Total Bits|
    +---------------------------+----+-----------+-----+-----------+
    |ap_NS_fsm                  |  42|          8|    1|          8|
    |ap_done                    |   9|          2|    1|          2|
    |bestMatchStream_blk_n      |   9|          2|    1|          2|
    |bestMatchStream_read       |  14|          3|    1|          3|
    |boosterStream_blk_n        |   9|          2|    1|          2|
    |boosterStream_din          |  14|          3|   32|         96|
    |boosterStream_write        |  14|          3|    1|          3|
    |i_4_fu_102                 |   9|          2|    7|         14|
    |input_size_blk_n           |   9|          2|    1|          2|
    |input_size_c_blk_n         |   9|          2|    1|          2|
    |local_mem_address0         |   9|          2|   14|         28|
    |local_mem_ce0              |   9|          2|    1|          2|
    |local_mem_ce1              |   9|          2|    1|          2|
    |local_mem_we1              |   9|          2|    1|          2|
    |nextMatchCh_loc_0_reg_146  |   9|          2|    8|         16|
    +---------------------------+----+-----------+-----+-----------+
    |Total                      | 183|         39|   72|        184|
    +---------------------------+----+-----------+-----+-----------+

    * Register: 
    +---------------------------------------------------------------------------------------+----+----+-----+-----------+
    |                                          Name                                         | FF | LUT| Bits| Const Bits|
    +---------------------------------------------------------------------------------------+----+----+-----+-----------+
    |ap_CS_fsm                                                                              |   7|   0|    7|          0|
    |ap_done_reg                                                                            |   1|   0|    1|          0|
    |grp_lzBooster_255_16384_64_Pipeline_lz_booster_fu_169_ap_start_reg                     |   1|   0|    1|          0|
    |guard_variable_for_void_lzBooster_stream_stream_unsigned_int_nextMatchCh               |   1|   0|    1|          0|
    |guard_variable_for_void_lzBooster_stream_stream_unsigned_int_nextMatchCh_load_reg_327  |   1|   0|    1|          0|
    |i_4_fu_102                                                                             |   7|   0|    7|          0|
    |icmp_ln601_reg_323                                                                     |   1|   0|    1|          0|
    |icmp_ln617_reg_349                                                                     |   1|   0|    1|          0|
    |input_size_1_reg_318                                                                   |  32|   0|   32|          0|
    |match_loc_reg                                                                          |  32|   0|   32|          0|
    |nextMatchCh                                                                            |   8|   0|    8|          0|
    |nextMatchCh_flag_0_reg_156                                                             |   1|   0|    1|          0|
    |nextMatchCh_loc_0_reg_146                                                              |   8|   0|    8|          0|
    |sub_reg_344                                                                            |  32|   0|   32|          0|
    +---------------------------------------------------------------------------------------+----+----+-----+-----------+
    |Total                                                                                  | 133|   0|  133|          0|
    +---------------------------------------------------------------------------------------+----+----+-----+-----------+



================================================================
== Interface
================================================================
* Summary: 
+--------------------------------+-----+-----+------------+---------------------------+--------------+
|            RTL Ports           | Dir | Bits|  Protocol  |       Source Object       |    C Type    |
+--------------------------------+-----+-----+------------+---------------------------+--------------+
|ap_clk                          |   in|    1|  ap_ctrl_hs|  lzBooster<255, 16384, 64>|  return value|
|ap_rst                          |   in|    1|  ap_ctrl_hs|  lzBooster<255, 16384, 64>|  return value|
|ap_start                        |   in|    1|  ap_ctrl_hs|  lzBooster<255, 16384, 64>|  return value|
|ap_done                         |  out|    1|  ap_ctrl_hs|  lzBooster<255, 16384, 64>|  return value|
|ap_continue                     |   in|    1|  ap_ctrl_hs|  lzBooster<255, 16384, 64>|  return value|
|ap_idle                         |  out|    1|  ap_ctrl_hs|  lzBooster<255, 16384, 64>|  return value|
|ap_ready                        |  out|    1|  ap_ctrl_hs|  lzBooster<255, 16384, 64>|  return value|
|bestMatchStream_dout            |   in|   32|     ap_fifo|            bestMatchStream|       pointer|
|bestMatchStream_empty_n         |   in|    1|     ap_fifo|            bestMatchStream|       pointer|
|bestMatchStream_read            |  out|    1|     ap_fifo|            bestMatchStream|       pointer|
|bestMatchStream_num_data_valid  |   in|    4|     ap_fifo|            bestMatchStream|       pointer|
|bestMatchStream_fifo_cap        |   in|    4|     ap_fifo|            bestMatchStream|       pointer|
|boosterStream_din               |  out|   32|     ap_fifo|              boosterStream|       pointer|
|boosterStream_full_n            |   in|    1|     ap_fifo|              boosterStream|       pointer|
|boosterStream_write             |  out|    1|     ap_fifo|              boosterStream|       pointer|
|boosterStream_num_data_valid    |   in|   32|     ap_fifo|              boosterStream|       pointer|
|boosterStream_fifo_cap          |   in|   32|     ap_fifo|              boosterStream|       pointer|
|input_size_dout                 |   in|   32|     ap_fifo|                 input_size|       pointer|
|input_size_empty_n              |   in|    1|     ap_fifo|                 input_size|       pointer|
|input_size_read                 |  out|    1|     ap_fifo|                 input_size|       pointer|
|input_size_num_data_valid       |   in|    3|     ap_fifo|                 input_size|       pointer|
|input_size_fifo_cap             |   in|    3|     ap_fifo|                 input_size|       pointer|
|input_size_c_din                |  out|   32|     ap_fifo|               input_size_c|       pointer|
|input_size_c_full_n             |   in|    1|     ap_fifo|               input_size_c|       pointer|
|input_size_c_write              |  out|    1|     ap_fifo|               input_size_c|       pointer|
|input_size_c_num_data_valid     |   in|    3|     ap_fifo|               input_size_c|       pointer|
|input_size_c_fifo_cap           |   in|    3|     ap_fifo|               input_size_c|       pointer|
+--------------------------------+-----+-----+------------+---------------------------+--------------+

