

================================================================
== Vitis HLS Report for 'lzBooster_255_16384_64_Pipeline_lz_booster'
================================================================
* Date:           Fri Oct 31 14:49:08 2025

* Version:        2024.2 (Build 5238294 on Nov  8 2024)
* Project:        lz4CompressEngineRun
* Solution:       hls (Vivado IP Flow Target)
* Product family: zynq
* Target device:  xc7z020-clg484-1


================================================================
== Performance Estimates
================================================================
+ Timing: 
    * Summary: 
    +--------+---------+----------+------------+
    |  Clock |  Target | Estimated| Uncertainty|
    +--------+---------+----------+------------+
    |ap_clk  |  7.00 ns|  5.806 ns|     0.70 ns|
    +--------+---------+----------+------------+

+ Latency: 
    * Summary: 
    +---------+---------+----------+----------+-----+-----+------------------------------------------------+
    |  Latency (cycles) |  Latency (absolute) |  Interval |                    Pipeline                    |
    |   min   |   max   |    min   |    max   | min | max |                      Type                      |
    +---------+---------+----------+----------+-----+-----+------------------------------------------------+
    |        ?|        ?|         ?|         ?|    0|    0|  loop auto-rewind stp (delay=0 clock cycles(s))|
    +---------+---------+----------+----------+-----+-----+------------------------------------------------+

    + Detail: 
        * Instance: 
        N/A

        * Loop: 
        +--------------+---------+---------+----------+-----------+-----------+------+----------+
        |              |  Latency (cycles) | Iteration|  Initiation Interval  | Trip |          |
        |   Loop Name  |   min   |   max   |  Latency |  achieved |   target  | Count| Pipelined|
        +--------------+---------+---------+----------+-----------+-----------+------+----------+
        |- lz_booster  |        ?|        ?|         6|          3|          3|     ?|       yes|
        +--------------+---------+---------+----------+-----------+-----------+------+----------+



================================================================
== Utilization Estimates
================================================================
* Summary: 
+-----------------+---------+-----+--------+-------+-----+
|       Name      | BRAM_18K| DSP |   FF   |  LUT  | URAM|
+-----------------+---------+-----+--------+-------+-----+
|DSP              |        -|    -|       -|      -|    -|
|Expression       |        -|    -|       0|    386|    -|
|FIFO             |        -|    -|       -|      -|    -|
|Instance         |        -|    -|       -|      -|    -|
|Memory           |        -|    -|       -|      -|    -|
|Multiplexer      |        -|    -|       0|    194|    -|
|Register         |        -|    -|     257|      -|    -|
+-----------------+---------+-----+--------+-------+-----+
|Total            |        0|    0|     257|    580|    0|
+-----------------+---------+-----+--------+-------+-----+
|Available        |      280|  220|  106400|  53200|    0|
+-----------------+---------+-----+--------+-------+-----+
|Utilization (%)  |        0|    0|      ~0|      1|    0|
+-----------------+---------+-----+--------+-------+-----+

+ Detail: 
    * Instance: 
    N/A

    * DSP: 
    N/A

    * Memory: 
    N/A

    * FIFO: 
    N/A

    * Expression: 
    +---------------------------------------+----------+----+---+----+------------+------------+
    |             Variable Name             | Operation| DSP| FF| LUT| Bitwidth P0| Bitwidth P1|
    +---------------------------------------+----------+----+---+----+------------+------------+
    |add_ln639_fu_345_p2                    |         +|   0|  0|  23|          16|           2|
    |add_ln642_fu_444_p2                    |         +|   0|  0|  39|          32|           1|
    |add_ln643_fu_432_p2                    |         +|   0|  0|  15|           8|           1|
    |add_ln654_fu_405_p2                    |         +|   0|  0|  15|           8|           2|
    |i_5_fu_279_p2                          |         +|   0|  0|  39|          32|           1|
    |sub_ln646_fu_375_p2                    |         -|   0|  0|  39|          32|          32|
    |outValue_2_fu_460_p4                   |      1003|   0|  0|   2|          32|           8|
    |and_ln635_fu_333_p2                    |       and|   0|  0|   2|           1|           1|
    |ap_block_pp0_stage1_01001_grp2         |       and|   0|  0|   2|           1|           1|
    |ap_block_pp0_stage1_11001_grp1         |       and|   0|  0|   2|           1|           1|
    |ap_block_state2_pp0_stage1_iter0_grp1  |       and|   0|  0|   2|           1|           1|
    |ap_block_state5_pp0_stage1_iter1_grp2  |       and|   0|  0|   2|           1|           1|
    |ap_condition_279                       |       and|   0|  0|   2|           1|           1|
    |ap_condition_283                       |       and|   0|  0|   2|           1|           1|
    |ap_condition_581                       |       and|   0|  0|   2|           1|           1|
    |ap_condition_587                       |       and|   0|  0|   2|           1|           1|
    |ap_condition_594                       |       and|   0|  0|   2|           1|           1|
    |ap_condition_599                       |       and|   0|  0|   2|           1|           1|
    |ap_enable_state3_pp0_iter0_stage2      |       and|   0|  0|   2|           1|           1|
    |ap_enable_state4_pp0_iter1_stage0      |       and|   0|  0|   2|           1|           1|
    |ap_enable_state5_pp0_iter1_stage1      |       and|   0|  0|   2|           1|           1|
    |ap_predicate_op55_load_state4          |       and|   0|  0|   2|           1|           1|
    |ap_predicate_op73_load_state4          |       and|   0|  0|   2|           1|           1|
    |ap_predicate_op84_load_state4          |       and|   0|  0|   2|           1|           1|
    |ap_predicate_op86_load_state5          |       and|   0|  0|   2|           1|           1|
    |ap_predicate_op91_load_state5          |       and|   0|  0|   2|           1|           1|
    |ap_predicate_op93_write_state5         |       and|   0|  0|   2|           1|           1|
    |ap_predicate_op95_load_state5          |       and|   0|  0|   2|           1|           1|
    |match_condition_fu_339_p2              |       and|   0|  0|   2|           1|           1|
    |boostFlag_fu_273_p2                    |      icmp|   0|  0|  10|           2|           1|
    |icmp_ln617_fu_237_p2                   |      icmp|   0|  0|  39|          32|          32|
    |icmp_ln635_1_fu_328_p2                 |      icmp|   0|  0|  15|           8|           8|
    |icmp_ln635_fu_322_p2                   |      icmp|   0|  0|  15|           8|           2|
    |icmp_ln652_fu_395_p2                   |      icmp|   0|  0|  15|           8|           1|
    |outFlag_fu_390_p2                      |      icmp|   0|  0|  39|          32|           1|
    |skip_condition_fu_308_p2               |      icmp|   0|  0|  23|          16|           1|
    |ap_block_pp0                           |        or|   0|  0|   2|           1|           1|
    |ap_block_pp0_stage1_subdone            |        or|   0|  0|   2|           1|           1|
    |select_ln654_fu_410_p3                 |    select|   0|  0|   8|           1|           1|
    |ap_enable_pp0                          |       xor|   0|  0|   2|           1|           2|
    +---------------------------------------+----------+----+---+----+------------+------------+
    |Total                                  |          |   0|  0| 386|         292|         120|
    +---------------------------------------+----------+----+---+----+------------+------------+

    * Multiplexer: 
    +-----------------------------------------+----+-----------+-----+-----------+
    |                   Name                  | LUT| Input Size| Bits| Total Bits|
    +-----------------------------------------+----+-----------+-----+-----------+
    |ap_NS_fsm                                |  20|          4|    1|          4|
    |ap_done_int                              |   9|          2|    1|          2|
    |ap_enable_reg_pp0_iter0                  |   9|          2|    1|          2|
    |ap_enable_reg_pp0_iter1                  |   9|          2|    1|          2|
    |ap_loop_exit_ready_pp0_iter1_reg         |   9|          2|    1|          2|
    |ap_phi_reg_pp0_iter1_empty_40_reg_199    |   9|          2|    8|         16|
    |ap_phi_reg_pp0_iter1_storemerge_reg_188  |  14|          3|    8|         24|
    |ap_sig_allocacmp_i_4                     |   9|          2|   32|         64|
    |bestMatchStream_blk_n                    |   9|          2|    1|          2|
    |boosterStream_blk_n                      |   9|          2|    1|          2|
    |empty_fu_100                             |   9|          2|    8|         16|
    |i_fu_96                                  |   9|          2|   32|         64|
    |local_mem_address0_local                 |  20|          4|   14|         56|
    |matchFlag_reg                            |   9|          2|    1|          2|
    |match_len_reg                            |   9|          2|    8|         16|
    |match_loc_reg_o                          |  14|          3|   32|         96|
    |outValue_fu_104                          |   9|          2|   32|         64|
    |skip_len_reg                             |   9|          2|   16|         32|
    +-----------------------------------------+----+-----------+-----+-----------+
    |Total                                    | 194|         42|  198|        466|
    +-----------------------------------------+----+-----------+-----+-----------+

    * Register: 
    +-------------------------------------------+----+----+-----+-----------+
    |                    Name                   | FF | LUT| Bits| Const Bits|
    +-------------------------------------------+----+----+-----+-----------+
    |ap_CS_fsm                                  |   3|   0|    3|          0|
    |ap_block_pp0_stage1_subdone_grp0_done_reg  |   1|   0|    1|          0|
    |ap_block_pp0_stage1_subdone_grp1_done_reg  |   1|   0|    1|          0|
    |ap_block_pp0_stage1_subdone_grp2_done_reg  |   1|   0|    1|          0|
    |ap_done_reg                                |   1|   0|    1|          0|
    |ap_enable_reg_pp0_iter0_reg                |   1|   0|    1|          0|
    |ap_enable_reg_pp0_iter1                    |   1|   0|    1|          0|
    |ap_loop_exit_ready_pp0_iter1_reg           |   1|   0|    1|          0|
    |ap_phi_reg_pp0_iter1_empty_40_reg_199      |   8|   0|    8|          0|
    |ap_phi_reg_pp0_iter1_storemerge_reg_188    |   8|   0|    8|          0|
    |boostFlag_reg_555                          |   1|   0|    1|          0|
    |empty_fu_100                               |   8|   0|    8|          0|
    |i_4_reg_521                                |  32|   0|   32|          0|
    |i_fu_96                                    |  32|   0|   32|          0|
    |icmp_ln617_reg_529                         |   1|   0|    1|          0|
    |icmp_ln617_reg_529_pp0_iter1_reg           |   1|   0|    1|          0|
    |matchFlag_reg                              |   1|   0|    1|          0|
    |match_condition_reg_570                    |   1|   0|    1|          0|
    |match_len_reg                              |   8|   0|    8|          0|
    |outFlag_reg_579                            |   1|   0|    1|          0|
    |outValue_1_reg_561                         |  32|   0|   32|          0|
    |outValue_3_reg_533                         |  32|   0|   32|          0|
    |outValue_fu_104                            |  32|   0|   32|          0|
    |skip_condition_reg_566                     |   1|   0|    1|          0|
    |skip_len_reg                               |  16|   0|   16|          0|
    |tCh_reg_538                                |   8|   0|    8|          0|
    |tLen_reg_544                               |   8|   0|    8|          0|
    |tOffset_reg_550                            |  16|   0|   16|          0|
    +-------------------------------------------+----+----+-----+-----------+
    |Total                                      | 257|   0|  257|          0|
    +-------------------------------------------+----+----+-----+-----------+



================================================================
== Interface
================================================================
* Summary: 
+--------------------------------+-----+-----+------------+-----------------------------------------------+--------------+
|            RTL Ports           | Dir | Bits|  Protocol  |                 Source Object                 |    C Type    |
+--------------------------------+-----+-----+------------+-----------------------------------------------+--------------+
|ap_clk                          |   in|    1|  ap_ctrl_hs|  lzBooster<255, 16384, 64>_Pipeline_lz_booster|  return value|
|ap_rst                          |   in|    1|  ap_ctrl_hs|  lzBooster<255, 16384, 64>_Pipeline_lz_booster|  return value|
|ap_start                        |   in|    1|  ap_ctrl_hs|  lzBooster<255, 16384, 64>_Pipeline_lz_booster|  return value|
|ap_done                         |  out|    1|  ap_ctrl_hs|  lzBooster<255, 16384, 64>_Pipeline_lz_booster|  return value|
|ap_idle                         |  out|    1|  ap_ctrl_hs|  lzBooster<255, 16384, 64>_Pipeline_lz_booster|  return value|
|ap_ready                        |  out|    1|  ap_ctrl_hs|  lzBooster<255, 16384, 64>_Pipeline_lz_booster|  return value|
|nextMatchCh_loc_0               |   in|    8|     ap_none|                              nextMatchCh_loc_0|        scalar|
|sub                             |   in|   32|     ap_none|                                            sub|        scalar|
|local_mem_address0              |  out|   14|   ap_memory|                                      local_mem|         array|
|local_mem_ce0                   |  out|    1|   ap_memory|                                      local_mem|         array|
|local_mem_q0                    |   in|    8|   ap_memory|                                      local_mem|         array|
|local_mem_address1              |  out|   14|   ap_memory|                                      local_mem|         array|
|local_mem_ce1                   |  out|    1|   ap_memory|                                      local_mem|         array|
|local_mem_we1                   |  out|    1|   ap_memory|                                      local_mem|         array|
|local_mem_d1                    |  out|    8|   ap_memory|                                      local_mem|         array|
|bestMatchStream_dout            |   in|   32|     ap_fifo|                                bestMatchStream|       pointer|
|bestMatchStream_empty_n         |   in|    1|     ap_fifo|                                bestMatchStream|       pointer|
|bestMatchStream_read            |  out|    1|     ap_fifo|                                bestMatchStream|       pointer|
|bestMatchStream_num_data_valid  |   in|    4|     ap_fifo|                                bestMatchStream|       pointer|
|bestMatchStream_fifo_cap        |   in|    4|     ap_fifo|                                bestMatchStream|       pointer|
|boosterStream_din               |  out|   32|     ap_fifo|                                  boosterStream|       pointer|
|boosterStream_full_n            |   in|    1|     ap_fifo|                                  boosterStream|       pointer|
|boosterStream_write             |  out|    1|     ap_fifo|                                  boosterStream|       pointer|
|boosterStream_num_data_valid    |   in|   32|     ap_fifo|                                  boosterStream|       pointer|
|boosterStream_fifo_cap          |   in|   32|     ap_fifo|                                  boosterStream|       pointer|
|p_out                           |  out|    8|      ap_vld|                                          p_out|       pointer|
|p_out_ap_vld                    |  out|    1|      ap_vld|                                          p_out|       pointer|
|outValue_out                    |  out|   32|      ap_vld|                                   outValue_out|       pointer|
|outValue_out_ap_vld             |  out|    1|      ap_vld|                                   outValue_out|       pointer|
|match_loc_reg_i                 |   in|   32|     ap_ovld|                                  match_loc_reg|       pointer|
|match_loc_reg_o                 |  out|   32|     ap_ovld|                                  match_loc_reg|       pointer|
|match_loc_reg_o_ap_vld          |  out|    1|     ap_ovld|                                  match_loc_reg|       pointer|
+--------------------------------+-----+-----+------------+-----------------------------------------------+--------------+

