

================================================================
== Vitis HLS Report for 'lzCompress_6_4_65536_6_1_1024_64_s'
================================================================
* Date:           Fri Oct 31 14:49:07 2025

* Version:        2024.2 (Build 5238294 on Nov  8 2024)
* Project:        lz4CompressEngineRun
* Solution:       hls (Vivado IP Flow Target)
* Product family: zynq
* Target device:  xc7z020-clg484-1


================================================================
== Performance Estimates
================================================================
+ Timing: 
    * Summary: 
    +--------+---------+----------+------------+
    |  Clock |  Target | Estimated| Uncertainty|
    +--------+---------+----------+------------+
    |ap_clk  |  7.00 ns|  6.300 ns|     0.70 ns|
    +--------+---------+----------+------------+

+ Latency: 
    * Summary: 
    +---------+---------+----------+----------+-----+-----+---------+
    |  Latency (cycles) |  Latency (absolute) |  Interval | Pipeline|
    |   min   |   max   |    min   |    max   | min | max |   Type  |
    +---------+---------+----------+----------+-----+-----+---------+
    |        ?|        ?|         ?|         ?|    ?|    ?|       no|
    +---------+---------+----------+----------+-----+-----+---------+

    + Detail: 
        * Instance: 
        +---------------------------------------------------------------------------+----------------------------------------------------------------+---------+---------+-----------+-----------+-----+-----+------------------------------------------------+
        |                                                                           |                                                                |  Latency (cycles) |   Latency (absolute)  |  Interval |                    Pipeline                    |
        |                                  Instance                                 |                             Module                             |   min   |   max   |    min    |    max    | min | max |                      Type                      |
        +---------------------------------------------------------------------------+----------------------------------------------------------------+---------+---------+-----------+-----------+-----+-----+------------------------------------------------+
        |grp_lzCompress_6_4_65536_6_1_1024_64_Pipeline_dict_flush_fu_150            |lzCompress_6_4_65536_6_1_1024_64_Pipeline_dict_flush            |      258|      258|   1.806 us|   1.806 us|  257|  257|  loop auto-rewind stp (delay=0 clock cycles(s))|
        |grp_lzCompress_6_4_65536_6_1_1024_64_Outline_VITIS_LOOP_84_2_fu_158        |lzCompress_6_4_65536_6_1_1024_64_Outline_VITIS_LOOP_84_2        |        6|        6|  42.000 ns|  42.000 ns|    6|    6|                                              no|
        |grp_lzCompress_6_4_65536_6_1_1024_64_Pipeline_lz_compress_fu_174           |lzCompress_6_4_65536_6_1_1024_64_Pipeline_lz_compress           |        ?|        ?|          ?|          ?|    0|    0|  loop auto-rewind stp (delay=0 clock cycles(s))|
        |grp_lzCompress_6_4_65536_6_1_1024_64_Pipeline_lz_compress_leftover_fu_197  |lzCompress_6_4_65536_6_1_1024_64_Pipeline_lz_compress_leftover  |        7|        7|  49.000 ns|  49.000 ns|    6|    6|  loop auto-rewind stp (delay=0 clock cycles(s))|
        |grp_lzCompress_6_4_65536_6_1_1024_64_Pipeline_lz_left_bytes_fu_208         |lzCompress_6_4_65536_6_1_1024_64_Pipeline_lz_left_bytes         |       66|       66|   0.462 us|   0.462 us|   65|   65|  loop auto-rewind stp (delay=0 clock cycles(s))|
        +---------------------------------------------------------------------------+----------------------------------------------------------------+---------+---------+-----------+-----------+-----+-----+------------------------------------------------+

        * Loop: 
        N/A



================================================================
== Utilization Estimates
================================================================
* Summary: 
+-----------------+---------+-----+--------+-------+-----+
|       Name      | BRAM_18K| DSP |   FF   |  LUT  | URAM|
+-----------------+---------+-----+--------+-------+-----+
|DSP              |        -|    -|       -|      -|    -|
|Expression       |        -|    -|       0|    163|    -|
|FIFO             |        -|    -|       -|      -|    -|
|Instance         |        -|    -|    2044|   3397|    -|
|Memory           |       48|    -|       0|      0|    -|
|Multiplexer      |        -|    -|       0|    394|    -|
|Register         |        -|    -|     202|      -|    -|
+-----------------+---------+-----+--------+-------+-----+
|Total            |       48|    0|    2246|   3954|    0|
+-----------------+---------+-----+--------+-------+-----+
|Available        |      280|  220|  106400|  53200|    0|
+-----------------+---------+-----+--------+-------+-----+
|Utilization (%)  |       17|    0|       2|      7|    0|
+-----------------+---------+-----+--------+-------+-----+

+ Detail: 
    * Instance: 
    +---------------------------------------------------------------------------+----------------------------------------------------------------+---------+----+------+------+-----+
    |                                  Instance                                 |                             Module                             | BRAM_18K| DSP|  FF  |  LUT | URAM|
    +---------------------------------------------------------------------------+----------------------------------------------------------------+---------+----+------+------+-----+
    |grp_lzCompress_6_4_65536_6_1_1024_64_Outline_VITIS_LOOP_84_2_fu_158        |lzCompress_6_4_65536_6_1_1024_64_Outline_VITIS_LOOP_84_2        |        0|   0|    85|    56|    0|
    |grp_lzCompress_6_4_65536_6_1_1024_64_Pipeline_dict_flush_fu_150            |lzCompress_6_4_65536_6_1_1024_64_Pipeline_dict_flush            |        0|   0|    13|    39|    0|
    |grp_lzCompress_6_4_65536_6_1_1024_64_Pipeline_lz_compress_fu_174           |lzCompress_6_4_65536_6_1_1024_64_Pipeline_lz_compress           |        0|   0|  1922|  3117|    0|
    |grp_lzCompress_6_4_65536_6_1_1024_64_Pipeline_lz_compress_leftover_fu_197  |lzCompress_6_4_65536_6_1_1024_64_Pipeline_lz_compress_leftover  |        0|   0|    14|    96|    0|
    |grp_lzCompress_6_4_65536_6_1_1024_64_Pipeline_lz_left_bytes_fu_208         |lzCompress_6_4_65536_6_1_1024_64_Pipeline_lz_left_bytes         |        0|   0|    10|    89|    0|
    +---------------------------------------------------------------------------+----------------------------------------------------------------+---------+----+------+------+-----+
    |Total                                                                      |                                                                |        0|   0|  2044|  3397|    0|
    +---------------------------------------------------------------------------+----------------------------------------------------------------+---------+----+------+------+-----+

    * DSP: 
    N/A

    * Memory: 
    +----------+----------------------------------------------------------+---------+---+----+-----+------+-----+------+-------------+
    |  Memory  |                          Module                          | BRAM_18K| FF| LUT| URAM| Words| Bits| Banks| W*Bits*Banks|
    +----------+----------------------------------------------------------+---------+---+----+-----+------+-----+------+-------------+
    |dict_U    |lzCompress_6_4_65536_6_1_1024_64_s_dict_RAM_2P_BRAM_1R1W  |       12|  0|   0|    0|   256|  408|     1|       104448|
    |dict_1_U  |lzCompress_6_4_65536_6_1_1024_64_s_dict_RAM_2P_BRAM_1R1W  |       12|  0|   0|    0|   256|  408|     1|       104448|
    |dict_2_U  |lzCompress_6_4_65536_6_1_1024_64_s_dict_RAM_2P_BRAM_1R1W  |       12|  0|   0|    0|   256|  408|     1|       104448|
    |dict_3_U  |lzCompress_6_4_65536_6_1_1024_64_s_dict_RAM_2P_BRAM_1R1W  |       12|  0|   0|    0|   256|  408|     1|       104448|
    +----------+----------------------------------------------------------+---------+---+----+-----+------+-----+------+-------------+
    |Total     |                                                          |       48|  0|   0|    0|  1024| 1632|     4|       417792|
    +----------+----------------------------------------------------------+---------+---+----+-----+------+-----+------+-------------+

    * FIFO: 
    N/A

    * Expression: 
    +---------------------------------+----------+----+---+----+------------+------------+
    |          Variable Name          | Operation| DSP| FF| LUT| Bitwidth P0| Bitwidth P1|
    +---------------------------------+----------+----+---+----+------------+------------+
    |sub27_fu_276_p2                  |         +|   0|  0|  39|          32|           8|
    |ap_block_state9_on_subcall_done  |       and|   0|  0|   2|           1|           1|
    |icmp_ln64_fu_216_p2              |      icmp|   0|  0|  39|          32|           1|
    |icmp_ln93_fu_282_p2              |      icmp|   0|  0|  39|          32|           3|
    |ap_block_state1                  |        or|   0|  0|   2|           1|           1|
    |ap_block_state3_on_subcall_done  |        or|   0|  0|   2|           1|           1|
    |select_ln82_1_fu_340_p3          |    select|   0|  0|   8|           1|           8|
    |select_ln82_2_fu_348_p3          |    select|   0|  0|   8|           1|           8|
    |select_ln82_3_fu_356_p3          |    select|   0|  0|   8|           1|           8|
    |select_ln82_4_fu_364_p3          |    select|   0|  0|   8|           1|           8|
    |select_ln82_fu_332_p3            |    select|   0|  0|   8|           1|           8|
    +---------------------------------+----------+----+---+----+------------+------------+
    |Total                            |          |   0|  0| 163|         104|          55|
    +---------------------------------+----------+----+---+----+------------+------------+

    * Multiplexer: 
    +-----------------------+----+-----------+-----+-----------+
    |          Name         | LUT| Input Size| Bits| Total Bits|
    +-----------------------+----+-----------+-----+-----------+
    |ap_NS_fsm              |  53|         10|    1|         10|
    |ap_done                |   9|          2|    1|          2|
    |compressdStream_din    |  14|          3|   32|         96|
    |compressdStream_write  |  20|          4|    1|          4|
    |dict_1_address1        |  14|          3|    8|         24|
    |dict_1_ce0             |   9|          2|    1|          2|
    |dict_1_ce1             |  14|          3|    1|          3|
    |dict_1_d1              |  14|          3|  408|       1224|
    |dict_1_we1             |  14|          3|    1|          3|
    |dict_2_address1        |  14|          3|    8|         24|
    |dict_2_ce0             |   9|          2|    1|          2|
    |dict_2_ce1             |  14|          3|    1|          3|
    |dict_2_d1              |  14|          3|  408|       1224|
    |dict_2_we1             |  14|          3|    1|          3|
    |dict_3_address1        |  14|          3|    8|         24|
    |dict_3_ce0             |   9|          2|    1|          2|
    |dict_3_ce1             |  14|          3|    1|          3|
    |dict_3_d1              |  14|          3|  408|       1224|
    |dict_3_we1             |  14|          3|    1|          3|
    |dict_address1          |  14|          3|    8|         24|
    |dict_ce0               |   9|          2|    1|          2|
    |dict_ce1               |  14|          3|    1|          3|
    |dict_d1                |  14|          3|  408|       1224|
    |dict_we1               |  14|          3|    1|          3|
    |inStream_read          |  20|          4|    1|          4|
    |input_size_c2_blk_n    |   9|          2|    1|          2|
    |real_start             |   9|          2|    1|          2|
    +-----------------------+----+-----------+-----+-----------+
    |Total                  | 394|         83| 1714|       5144|
    +-----------------------+----+-----------+-----+-----------+

    * Register: 
    +----------------------------------------------------------------------------------------+----+----+-----+-----------+
    |                                          Name                                          | FF | LUT| Bits| Const Bits|
    +----------------------------------------------------------------------------------------+----+----+-----+-----------+
    |ap_CS_fsm                                                                               |   9|   0|    9|          0|
    |ap_done_reg                                                                             |   1|   0|    1|          0|
    |arrayidx42_3_promoted185_loc_fu_92                                                      |   8|   0|    8|          0|
    |arrayidx48_promoted187_loc_fu_96                                                        |   8|   0|    8|          0|
    |arrayidx54_promoted179_loc_fu_80                                                        |   8|   0|    8|          0|
    |arrayidx61_promoted181_loc_fu_84                                                        |   8|   0|    8|          0|
    |arrayidx71_promoted183_loc_fu_88                                                        |   8|   0|    8|          0|
    |grp_lzCompress_6_4_65536_6_1_1024_64_Outline_VITIS_LOOP_84_2_fu_158_ap_start_reg        |   1|   0|    1|          0|
    |grp_lzCompress_6_4_65536_6_1_1024_64_Pipeline_dict_flush_fu_150_ap_start_reg            |   1|   0|    1|          0|
    |grp_lzCompress_6_4_65536_6_1_1024_64_Pipeline_lz_compress_fu_174_ap_start_reg           |   1|   0|    1|          0|
    |grp_lzCompress_6_4_65536_6_1_1024_64_Pipeline_lz_compress_leftover_fu_197_ap_start_reg  |   1|   0|    1|          0|
    |grp_lzCompress_6_4_65536_6_1_1024_64_Pipeline_lz_left_bytes_fu_208_ap_start_reg         |   1|   0|    1|          0|
    |icmp_ln64_reg_509                                                                       |   1|   0|    1|          0|
    |icmp_ln93_reg_533                                                                       |   1|   0|    1|          0|
    |input_size_read_reg_414                                                                 |  32|   0|   32|          0|
    |present_window_1_loc_fu_104                                                             |   8|   0|    8|          0|
    |present_window_2_loc_fu_108                                                             |   8|   0|    8|          0|
    |present_window_3_loc_fu_112                                                             |   8|   0|    8|          0|
    |present_window_4_loc_fu_116                                                             |   8|   0|    8|          0|
    |present_window_loc_fu_100                                                               |   8|   0|    8|          0|
    |select_ln82_1_reg_547                                                                   |   8|   0|    8|          0|
    |select_ln82_2_reg_552                                                                   |   8|   0|    8|          0|
    |select_ln82_3_reg_557                                                                   |   8|   0|    8|          0|
    |select_ln82_4_reg_562                                                                   |   8|   0|    8|          0|
    |select_ln82_reg_542                                                                     |   8|   0|    8|          0|
    |start_once_reg                                                                          |   1|   0|    1|          0|
    |sub27_reg_528                                                                           |  32|   0|   32|          0|
    +----------------------------------------------------------------------------------------+----+----+-----+-----------+
    |Total                                                                                   | 202|   0|  202|          0|
    +----------------------------------------------------------------------------------------+----+----+-----+-----------+



================================================================
== Interface
================================================================
* Summary: 
+--------------------------------+-----+-----+------------+-----------------------------------------+--------------+
|            RTL Ports           | Dir | Bits|  Protocol  |              Source Object              |    C Type    |
+--------------------------------+-----+-----+------------+-----------------------------------------+--------------+
|ap_clk                          |   in|    1|  ap_ctrl_hs|  lzCompress<6, 4, 65536, 6, 1, 1024, 64>|  return value|
|ap_rst                          |   in|    1|  ap_ctrl_hs|  lzCompress<6, 4, 65536, 6, 1, 1024, 64>|  return value|
|ap_start                        |   in|    1|  ap_ctrl_hs|  lzCompress<6, 4, 65536, 6, 1, 1024, 64>|  return value|
|start_full_n                    |   in|    1|  ap_ctrl_hs|  lzCompress<6, 4, 65536, 6, 1, 1024, 64>|  return value|
|ap_done                         |  out|    1|  ap_ctrl_hs|  lzCompress<6, 4, 65536, 6, 1, 1024, 64>|  return value|
|ap_continue                     |   in|    1|  ap_ctrl_hs|  lzCompress<6, 4, 65536, 6, 1, 1024, 64>|  return value|
|ap_idle                         |  out|    1|  ap_ctrl_hs|  lzCompress<6, 4, 65536, 6, 1, 1024, 64>|  return value|
|ap_ready                        |  out|    1|  ap_ctrl_hs|  lzCompress<6, 4, 65536, 6, 1, 1024, 64>|  return value|
|start_out                       |  out|    1|  ap_ctrl_hs|  lzCompress<6, 4, 65536, 6, 1, 1024, 64>|  return value|
|start_write                     |  out|    1|  ap_ctrl_hs|  lzCompress<6, 4, 65536, 6, 1, 1024, 64>|  return value|
|inStream_dout                   |   in|    8|     ap_fifo|                                 inStream|       pointer|
|inStream_empty_n                |   in|    1|     ap_fifo|                                 inStream|       pointer|
|inStream_read                   |  out|    1|     ap_fifo|                                 inStream|       pointer|
|compressdStream_din             |  out|   32|     ap_fifo|                          compressdStream|       pointer|
|compressdStream_full_n          |   in|    1|     ap_fifo|                          compressdStream|       pointer|
|compressdStream_write           |  out|    1|     ap_fifo|                          compressdStream|       pointer|
|compressdStream_num_data_valid  |   in|   32|     ap_fifo|                          compressdStream|       pointer|
|compressdStream_fifo_cap        |   in|   32|     ap_fifo|                          compressdStream|       pointer|
|input_size                      |   in|   32|     ap_none|                               input_size|        scalar|
|input_size_c2_din               |  out|   32|     ap_fifo|                            input_size_c2|       pointer|
|input_size_c2_full_n            |   in|    1|     ap_fifo|                            input_size_c2|       pointer|
|input_size_c2_write             |  out|    1|     ap_fifo|                            input_size_c2|       pointer|
|input_size_c2_num_data_valid    |   in|    3|     ap_fifo|                            input_size_c2|       pointer|
|input_size_c2_fifo_cap          |   in|    3|     ap_fifo|                            input_size_c2|       pointer|
+--------------------------------+-----+-----+------------+-----------------------------------------+--------------+

