

================================================================
== Vitis HLS Report for 'lzCompress_6_4_65536_6_1_1024_64_Pipeline_dict_flush'
================================================================
* Date:           Fri Oct 31 14:49:03 2025

* Version:        2024.2 (Build 5238294 on Nov  8 2024)
* Project:        lz4CompressEngineRun
* Solution:       hls (Vivado IP Flow Target)
* Product family: zynq
* Target device:  xc7z020-clg484-1


================================================================
== Performance Estimates
================================================================
+ Timing: 
    * Summary: 
    +--------+---------+----------+------------+
    |  Clock |  Target | Estimated| Uncertainty|
    +--------+---------+----------+------------+
    |ap_clk  |  7.00 ns|  4.842 ns|     0.70 ns|
    +--------+---------+----------+------------+

+ Latency: 
    * Summary: 
    +---------+---------+----------+----------+-----+-----+------------------------------------------------+
    |  Latency (cycles) |  Latency (absolute) |  Interval |                    Pipeline                    |
    |   min   |   max   |    min   |    max   | min | max |                      Type                      |
    +---------+---------+----------+----------+-----+-----+------------------------------------------------+
    |      258|      258|  1.806 us|  1.806 us|  257|  257|  loop auto-rewind stp (delay=0 clock cycles(s))|
    +---------+---------+----------+----------+-----+-----+------------------------------------------------+

    + Detail: 
        * Instance: 
        N/A

        * Loop: 
        +--------------+---------+---------+----------+-----------+-----------+------+----------+
        |              |  Latency (cycles) | Iteration|  Initiation Interval  | Trip |          |
        |   Loop Name  |   min   |   max   |  Latency |  achieved |   target  | Count| Pipelined|
        +--------------+---------+---------+----------+-----------+-----------+------+----------+
        |- dict_flush  |      256|      256|         1|          1|          1|   256|       yes|
        +--------------+---------+---------+----------+-----------+-----------+------+----------+



================================================================
== Utilization Estimates
================================================================
* Summary: 
+-----------------+---------+-----+--------+-------+-----+
|       Name      | BRAM_18K| DSP |   FF   |  LUT  | URAM|
+-----------------+---------+-----+--------+-------+-----+
|DSP              |        -|    -|       -|      -|    -|
|Expression       |        -|    -|       0|     12|    -|
|FIFO             |        -|    -|       -|      -|    -|
|Instance         |        -|    -|       -|      -|    -|
|Memory           |        -|    -|       -|      -|    -|
|Multiplexer      |        -|    -|       0|     27|    -|
|Register         |        -|    -|      13|      -|    -|
+-----------------+---------+-----+--------+-------+-----+
|Total            |        0|    0|      13|     39|    0|
+-----------------+---------+-----+--------+-------+-----+
|Available        |      280|  220|  106400|  53200|    0|
+-----------------+---------+-----+--------+-------+-----+
|Utilization (%)  |        0|    0|      ~0|     ~0|    0|
+-----------------+---------+-----+--------+-------+-----+

+ Detail: 
    * Instance: 
    N/A

    * DSP: 
    N/A

    * Memory: 
    N/A

    * FIFO: 
    N/A

    * Expression: 
    +--------------------+----------+----+---+----+------------+------------+
    |    Variable Name   | Operation| DSP| FF| LUT| Bitwidth P0| Bitwidth P1|
    +--------------------+----------+----+---+----+------------+------------+
    |add_ln75_fu_160_p2  |         +|   0|  0|  12|          11|           3|
    +--------------------+----------+----+---+----+------------+------------+
    |Total               |          |   0|  0|  12|          11|           3|
    +--------------------+----------+----+---+----+------------+------------+

    * Multiplexer: 
    +----------------------+----+-----------+-----+-----------+
    |         Name         | LUT| Input Size| Bits| Total Bits|
    +----------------------+----+-----------+-----+-----------+
    |ap_done_int           |   9|          2|    1|          2|
    |ap_sig_allocacmp_i_3  |   9|          2|   11|         22|
    |i_fu_50               |   9|          2|   11|         22|
    +----------------------+----+-----------+-----+-----------+
    |Total                 |  27|          6|   23|         46|
    +----------------------+----+-----------+-----+-----------+

    * Register: 
    +-------------+----+----+-----+-----------+
    |     Name    | FF | LUT| Bits| Const Bits|
    +-------------+----+----+-----+-----------+
    |ap_CS_fsm    |   1|   0|    1|          0|
    |ap_done_reg  |   1|   0|    1|          0|
    |i_fu_50      |  11|   0|   11|          0|
    +-------------+----+----+-----+-----------+
    |Total        |  13|   0|   13|          0|
    +-------------+----+----+-----+-----------+



================================================================
== Interface
================================================================
* Summary: 
+-----------------+-----+-----+------------+-------------------------------------------------------------+--------------+
|    RTL Ports    | Dir | Bits|  Protocol  |                        Source Object                        |    C Type    |
+-----------------+-----+-----+------------+-------------------------------------------------------------+--------------+
|ap_clk           |   in|    1|  ap_ctrl_hs|  lzCompress<6, 4, 65536, 6, 1, 1024, 64>_Pipeline_dict_flush|  return value|
|ap_rst           |   in|    1|  ap_ctrl_hs|  lzCompress<6, 4, 65536, 6, 1, 1024, 64>_Pipeline_dict_flush|  return value|
|ap_start         |   in|    1|  ap_ctrl_hs|  lzCompress<6, 4, 65536, 6, 1, 1024, 64>_Pipeline_dict_flush|  return value|
|ap_done          |  out|    1|  ap_ctrl_hs|  lzCompress<6, 4, 65536, 6, 1, 1024, 64>_Pipeline_dict_flush|  return value|
|ap_idle          |  out|    1|  ap_ctrl_hs|  lzCompress<6, 4, 65536, 6, 1, 1024, 64>_Pipeline_dict_flush|  return value|
|ap_ready         |  out|    1|  ap_ctrl_hs|  lzCompress<6, 4, 65536, 6, 1, 1024, 64>_Pipeline_dict_flush|  return value|
|dict_3_address1  |  out|    8|   ap_memory|                                                       dict_3|         array|
|dict_3_ce1       |  out|    1|   ap_memory|                                                       dict_3|         array|
|dict_3_we1       |  out|    1|   ap_memory|                                                       dict_3|         array|
|dict_3_d1        |  out|  408|   ap_memory|                                                       dict_3|         array|
|dict_2_address1  |  out|    8|   ap_memory|                                                       dict_2|         array|
|dict_2_ce1       |  out|    1|   ap_memory|                                                       dict_2|         array|
|dict_2_we1       |  out|    1|   ap_memory|                                                       dict_2|         array|
|dict_2_d1        |  out|  408|   ap_memory|                                                       dict_2|         array|
|dict_1_address1  |  out|    8|   ap_memory|                                                       dict_1|         array|
|dict_1_ce1       |  out|    1|   ap_memory|                                                       dict_1|         array|
|dict_1_we1       |  out|    1|   ap_memory|                                                       dict_1|         array|
|dict_1_d1        |  out|  408|   ap_memory|                                                       dict_1|         array|
|dict_address1    |  out|    8|   ap_memory|                                                         dict|         array|
|dict_ce1         |  out|    1|   ap_memory|                                                         dict|         array|
|dict_we1         |  out|    1|   ap_memory|                                                         dict|         array|
|dict_d1          |  out|  408|   ap_memory|                                                         dict|         array|
+-----------------+-----+-----+------------+-------------------------------------------------------------+--------------+

